{"/Volumes/Work/UpworkTask/Alex Zhenbacht/Dripio/dripio-control-panel-master/src/boot/axios.js": {"path":"/Volumes/Work/UpworkTask/Alex Zhenbacht/Dripio/dripio-control-panel-master/src/boot/axios.js","statementMap":{"0":{"start":{"line":4,"column":2},"end":{"line":4,"column":30}}},"fnMap":{"0":{"name":"(anonymous_0)","decl":{"start":{"line":3,"column":15},"end":{"line":3,"column":16}},"loc":{"start":{"line":3,"column":28},"end":{"line":5,"column":1}},"line":3}},"branchMap":{},"s":{"0":0},"f":{"0":0},"b":{},"hash":"361400d71b5c3cb80108ce3b3ea10a2b4f24c39b"}
,"/Volumes/Work/UpworkTask/Alex Zhenbacht/Dripio/dripio-control-panel-master/src/boot/socket.js": {"path":"/Volumes/Work/UpworkTask/Alex Zhenbacht/Dripio/dripio-control-panel-master/src/boot/socket.js","statementMap":{"0":{"start":{"line":3,"column":12},"end":{"line":3,"column":20}},"1":{"start":{"line":6,"column":2},"end":{"line":18,"column":3}},"2":{"start":{"line":7,"column":4},"end":{"line":17,"column":5}},"3":{"start":{"line":9,"column":8},"end":{"line":9,"column":60}},"4":{"start":{"line":10,"column":8},"end":{"line":10,"column":13}},"5":{"start":{"line":13,"column":8},"end":{"line":13,"column":59}},"6":{"start":{"line":14,"column":8},"end":{"line":14,"column":13}},"7":{"start":{"line":22,"column":15},"end":{"line":56,"column":3}},"8":{"start":{"line":24,"column":6},"end":{"line":26,"column":7}},"9":{"start":{"line":28,"column":6},"end":{"line":31,"column":7}},"10":{"start":{"line":30,"column":8},"end":{"line":30,"column":24}},"11":{"start":{"line":32,"column":6},"end":{"line":36,"column":7}},"12":{"start":{"line":34,"column":8},"end":{"line":34,"column":24}},"13":{"start":{"line":35,"column":8},"end":{"line":35,"column":21}},"14":{"start":{"line":37,"column":6},"end":{"line":46,"column":7}},"15":{"start":{"line":38,"column":8},"end":{"line":45,"column":9}},"16":{"start":{"line":39,"column":10},"end":{"line":39,"column":45}},"17":{"start":{"line":42,"column":10},"end":{"line":42,"column":24}},"18":{"start":{"line":44,"column":10},"end":{"line":44,"column":26}},"19":{"start":{"line":47,"column":6},"end":{"line":50,"column":7}},"20":{"start":{"line":49,"column":8},"end":{"line":49,"column":24}},"21":{"start":{"line":54,"column":6},"end":{"line":54,"column":31}},"22":{"start":{"line":58,"column":2},"end":{"line":58,"column":32}}},"fnMap":{"0":{"name":"handleMessage","decl":{"start":{"line":5,"column":9},"end":{"line":5,"column":22}},"loc":{"start":{"line":5,"column":29},"end":{"line":19,"column":1}},"line":5},"1":{"name":"(anonymous_1)","decl":{"start":{"line":21,"column":15},"end":{"line":21,"column":16}},"loc":{"start":{"line":21,"column":28},"end":{"line":59,"column":1}},"line":21},"2":{"name":"(anonymous_2)","decl":{"start":{"line":23,"column":4},"end":{"line":23,"column":5}},"loc":{"start":{"line":23,"column":11},"end":{"line":51,"column":5}},"line":23},"3":{"name":"(anonymous_3)","decl":{"start":{"line":28,"column":30},"end":{"line":28,"column":31}},"loc":{"start":{"line":28,"column":45},"end":{"line":31,"column":7}},"line":28},"4":{"name":"(anonymous_4)","decl":{"start":{"line":32,"column":31},"end":{"line":32,"column":32}},"loc":{"start":{"line":32,"column":46},"end":{"line":36,"column":7}},"line":32},"5":{"name":"(anonymous_5)","decl":{"start":{"line":37,"column":33},"end":{"line":37,"column":34}},"loc":{"start":{"line":37,"column":48},"end":{"line":46,"column":7}},"line":37},"6":{"name":"(anonymous_6)","decl":{"start":{"line":47,"column":31},"end":{"line":47,"column":32}},"loc":{"start":{"line":47,"column":46},"end":{"line":50,"column":7}},"line":47},"7":{"name":"(anonymous_7)","decl":{"start":{"line":53,"column":4},"end":{"line":53,"column":5}},"loc":{"start":{"line":53,"column":15},"end":{"line":55,"column":5}},"line":53}},"branchMap":{"0":{"loc":{"start":{"line":6,"column":2},"end":{"line":18,"column":3}},"type":"if","locations":[{"start":{"line":6,"column":2},"end":{"line":18,"column":3}},{"start":{"line":6,"column":2},"end":{"line":18,"column":3}}],"line":6},"1":{"loc":{"start":{"line":7,"column":4},"end":{"line":17,"column":5}},"type":"switch","locations":[{"start":{"line":8,"column":6},"end":{"line":10,"column":13}},{"start":{"line":12,"column":6},"end":{"line":14,"column":13}},{"start":{"line":16,"column":6},"end":{"line":16,"column":14}}],"line":7}},"s":{"0":0,"1":0,"2":0,"3":0,"4":0,"5":0,"6":0,"7":0,"8":0,"9":0,"10":0,"11":0,"12":0,"13":0,"14":0,"15":0,"16":0,"17":0,"18":0,"19":0,"20":0,"21":0,"22":0},"f":{"0":0,"1":0,"2":0,"3":0,"4":0,"5":0,"6":0,"7":0},"b":{"0":[0,0],"1":[0,0,0]},"hash":"754c4df5d78ff49634d03bf1329a4fabfe2c6b58"}
,"/Volumes/Work/UpworkTask/Alex Zhenbacht/Dripio/dripio-control-panel-master/src/boot/vuelidate.js": {"path":"/Volumes/Work/UpworkTask/Alex Zhenbacht/Dripio/dripio-control-panel-master/src/boot/vuelidate.js","statementMap":{"0":{"start":{"line":4,"column":2},"end":{"line":4,"column":20}}},"fnMap":{"0":{"name":"(anonymous_0)","decl":{"start":{"line":3,"column":15},"end":{"line":3,"column":16}},"loc":{"start":{"line":3,"column":28},"end":{"line":5,"column":1}},"line":3}},"branchMap":{},"s":{"0":0},"f":{"0":0},"b":{},"hash":"11c9e30e560f5fdee7a062ed979f1780c437d3c9"}
,"/Volumes/Work/UpworkTask/Alex Zhenbacht/Dripio/dripio-control-panel-master/src/boot/api/auth.js": {"path":"/Volumes/Work/UpworkTask/Alex Zhenbacht/Dripio/dripio-control-panel-master/src/boot/api/auth.js","statementMap":{"0":{"start":{"line":5,"column":4},"end":{"line":5,"column":54}},"1":{"start":{"line":9,"column":4},"end":{"line":9,"column":51}},"2":{"start":{"line":13,"column":4},"end":{"line":13,"column":41}},"3":{"start":{"line":17,"column":4},"end":{"line":17,"column":49}},"4":{"start":{"line":21,"column":4},"end":{"line":21,"column":50}}},"fnMap":{"0":{"name":"(anonymous_0)","decl":{"start":{"line":4,"column":2},"end":{"line":4,"column":3}},"loc":{"start":{"line":4,"column":15},"end":{"line":6,"column":3}},"line":4},"1":{"name":"(anonymous_1)","decl":{"start":{"line":8,"column":2},"end":{"line":8,"column":3}},"loc":{"start":{"line":8,"column":15},"end":{"line":10,"column":3}},"line":8},"2":{"name":"(anonymous_2)","decl":{"start":{"line":12,"column":2},"end":{"line":12,"column":3}},"loc":{"start":{"line":12,"column":19},"end":{"line":14,"column":3}},"line":12},"3":{"name":"(anonymous_3)","decl":{"start":{"line":16,"column":2},"end":{"line":16,"column":3}},"loc":{"start":{"line":16,"column":25},"end":{"line":18,"column":3}},"line":16},"4":{"name":"(anonymous_4)","decl":{"start":{"line":20,"column":2},"end":{"line":20,"column":3}},"loc":{"start":{"line":20,"column":19},"end":{"line":22,"column":3}},"line":20}},"branchMap":{},"s":{"0":0,"1":0,"2":0,"3":0,"4":0},"f":{"0":0,"1":0,"2":0,"3":0,"4":0},"b":{},"_coverageSchema":"43e27e138ebf9cfc5966b082cf9a028302ed4184","hash":"b7474ebd60d7b0035ffd6dcfc54b5cdf6c31ef8c"}
,"/Volumes/Work/UpworkTask/Alex Zhenbacht/Dripio/dripio-control-panel-master/src/boot/api/device-models.js": {"path":"/Volumes/Work/UpworkTask/Alex Zhenbacht/Dripio/dripio-control-panel-master/src/boot/api/device-models.js","statementMap":{"0":{"start":{"line":5,"column":14},"end":{"line":5,"column":44}},"1":{"start":{"line":7,"column":4},"end":{"line":7,"column":25}},"2":{"start":{"line":11,"column":14},"end":{"line":11,"column":55}},"3":{"start":{"line":13,"column":4},"end":{"line":13,"column":25}},"4":{"start":{"line":17,"column":14},"end":{"line":17,"column":45}},"5":{"start":{"line":19,"column":4},"end":{"line":19,"column":31}},"6":{"start":{"line":23,"column":14},"end":{"line":23,"column":55}},"7":{"start":{"line":25,"column":4},"end":{"line":25,"column":33}},"8":{"start":{"line":29,"column":14},"end":{"line":29,"column":55}},"9":{"start":{"line":31,"column":4},"end":{"line":31,"column":28}}},"fnMap":{"0":{"name":"(anonymous_0)","decl":{"start":{"line":4,"column":2},"end":{"line":4,"column":3}},"loc":{"start":{"line":4,"column":20},"end":{"line":8,"column":3}},"line":4},"1":{"name":"(anonymous_1)","decl":{"start":{"line":10,"column":2},"end":{"line":10,"column":3}},"loc":{"start":{"line":10,"column":26},"end":{"line":14,"column":3}},"line":10},"2":{"name":"(anonymous_2)","decl":{"start":{"line":16,"column":2},"end":{"line":16,"column":3}},"loc":{"start":{"line":16,"column":23},"end":{"line":20,"column":3}},"line":16},"3":{"name":"(anonymous_3)","decl":{"start":{"line":22,"column":2},"end":{"line":22,"column":3}},"loc":{"start":{"line":22,"column":34},"end":{"line":26,"column":3}},"line":22},"4":{"name":"(anonymous_4)","decl":{"start":{"line":28,"column":2},"end":{"line":28,"column":3}},"loc":{"start":{"line":28,"column":29},"end":{"line":32,"column":3}},"line":28}},"branchMap":{},"s":{"0":3,"1":3,"2":0,"3":0,"4":0,"5":0,"6":0,"7":0,"8":0,"9":0},"f":{"0":3,"1":0,"2":0,"3":0,"4":0},"b":{},"_coverageSchema":"43e27e138ebf9cfc5966b082cf9a028302ed4184","hash":"b76844d8a636255f7777556403c6fbfa268fba68"}
,"/Volumes/Work/UpworkTask/Alex Zhenbacht/Dripio/dripio-control-panel-master/src/boot/api/device-software.js": {"path":"/Volumes/Work/UpworkTask/Alex Zhenbacht/Dripio/dripio-control-panel-master/src/boot/api/device-software.js","statementMap":{"0":{"start":{"line":5,"column":14},"end":{"line":5,"column":16}},"1":{"start":{"line":7,"column":4},"end":{"line":7,"column":35}},"2":{"start":{"line":9,"column":4},"end":{"line":9,"column":25}},"3":{"start":{"line":13,"column":14},"end":{"line":13,"column":16}},"4":{"start":{"line":15,"column":4},"end":{"line":15,"column":49}},"5":{"start":{"line":17,"column":4},"end":{"line":17,"column":25}},"6":{"start":{"line":21,"column":14},"end":{"line":21,"column":16}},"7":{"start":{"line":23,"column":4},"end":{"line":23,"column":49}},"8":{"start":{"line":25,"column":4},"end":{"line":25,"column":33}},"9":{"start":{"line":29,"column":14},"end":{"line":29,"column":16}},"10":{"start":{"line":31,"column":4},"end":{"line":31,"column":49}},"11":{"start":{"line":33,"column":4},"end":{"line":33,"column":28}}},"fnMap":{"0":{"name":"(anonymous_0)","decl":{"start":{"line":4,"column":2},"end":{"line":4,"column":3}},"loc":{"start":{"line":4,"column":17},"end":{"line":10,"column":3}},"line":4},"1":{"name":"(anonymous_1)","decl":{"start":{"line":12,"column":2},"end":{"line":12,"column":3}},"loc":{"start":{"line":12,"column":26},"end":{"line":18,"column":3}},"line":12},"2":{"name":"(anonymous_2)","decl":{"start":{"line":20,"column":2},"end":{"line":20,"column":3}},"loc":{"start":{"line":20,"column":35},"end":{"line":26,"column":3}},"line":20},"3":{"name":"(anonymous_3)","decl":{"start":{"line":28,"column":2},"end":{"line":28,"column":3}},"loc":{"start":{"line":28,"column":30},"end":{"line":34,"column":3}},"line":28}},"branchMap":{},"s":{"0":0,"1":0,"2":0,"3":0,"4":0,"5":0,"6":0,"7":0,"8":0,"9":0,"10":0,"11":0},"f":{"0":0,"1":0,"2":0,"3":0},"b":{},"_coverageSchema":"43e27e138ebf9cfc5966b082cf9a028302ed4184","hash":"b1b6c3b7cb67342cb5a9a346a9cd82f84b5443ce"}
,"/Volumes/Work/UpworkTask/Alex Zhenbacht/Dripio/dripio-control-panel-master/src/boot/api/device-types.js": {"path":"/Volumes/Work/UpworkTask/Alex Zhenbacht/Dripio/dripio-control-panel-master/src/boot/api/device-types.js","statementMap":{"0":{"start":{"line":5,"column":14},"end":{"line":5,"column":16}},"1":{"start":{"line":7,"column":4},"end":{"line":7,"column":39}},"2":{"start":{"line":9,"column":4},"end":{"line":9,"column":25}},"3":{"start":{"line":13,"column":14},"end":{"line":13,"column":53}},"4":{"start":{"line":15,"column":4},"end":{"line":15,"column":25}},"5":{"start":{"line":19,"column":14},"end":{"line":19,"column":44}},"6":{"start":{"line":21,"column":4},"end":{"line":21,"column":31}},"7":{"start":{"line":25,"column":14},"end":{"line":25,"column":53}},"8":{"start":{"line":27,"column":4},"end":{"line":27,"column":33}},"9":{"start":{"line":31,"column":14},"end":{"line":31,"column":53}},"10":{"start":{"line":33,"column":4},"end":{"line":33,"column":28}}},"fnMap":{"0":{"name":"(anonymous_0)","decl":{"start":{"line":4,"column":2},"end":{"line":4,"column":3}},"loc":{"start":{"line":4,"column":19},"end":{"line":10,"column":3}},"line":4},"1":{"name":"(anonymous_1)","decl":{"start":{"line":12,"column":2},"end":{"line":12,"column":3}},"loc":{"start":{"line":12,"column":24},"end":{"line":16,"column":3}},"line":12},"2":{"name":"(anonymous_2)","decl":{"start":{"line":18,"column":2},"end":{"line":18,"column":3}},"loc":{"start":{"line":18,"column":22},"end":{"line":22,"column":3}},"line":18},"3":{"name":"(anonymous_3)","decl":{"start":{"line":24,"column":2},"end":{"line":24,"column":3}},"loc":{"start":{"line":24,"column":32},"end":{"line":28,"column":3}},"line":24},"4":{"name":"(anonymous_4)","decl":{"start":{"line":30,"column":2},"end":{"line":30,"column":3}},"loc":{"start":{"line":30,"column":27},"end":{"line":34,"column":3}},"line":30}},"branchMap":{},"s":{"0":0,"1":0,"2":0,"3":0,"4":0,"5":0,"6":0,"7":0,"8":0,"9":0,"10":0},"f":{"0":0,"1":0,"2":0,"3":0,"4":0},"b":{},"_coverageSchema":"43e27e138ebf9cfc5966b082cf9a028302ed4184","hash":"0daeb3ed74c96b62246c490b2791645a0c1b0356"}
,"/Volumes/Work/UpworkTask/Alex Zhenbacht/Dripio/dripio-control-panel-master/src/boot/api/devices.js": {"path":"/Volumes/Work/UpworkTask/Alex Zhenbacht/Dripio/dripio-control-panel-master/src/boot/api/devices.js","statementMap":{"0":{"start":{"line":5,"column":14},"end":{"line":5,"column":16}},"1":{"start":{"line":7,"column":4},"end":{"line":13,"column":5}},"2":{"start":{"line":8,"column":6},"end":{"line":8,"column":76}},"3":{"start":{"line":9,"column":11},"end":{"line":13,"column":5}},"4":{"start":{"line":10,"column":6},"end":{"line":10,"column":60}},"5":{"start":{"line":12,"column":6},"end":{"line":12,"column":36}},"6":{"start":{"line":15,"column":4},"end":{"line":15,"column":25}},"7":{"start":{"line":19,"column":14},"end":{"line":19,"column":16}},"8":{"start":{"line":21,"column":4},"end":{"line":27,"column":5}},"9":{"start":{"line":22,"column":6},"end":{"line":22,"column":88}},"10":{"start":{"line":23,"column":11},"end":{"line":27,"column":5}},"11":{"start":{"line":24,"column":6},"end":{"line":24,"column":72}},"12":{"start":{"line":26,"column":6},"end":{"line":26,"column":48}},"13":{"start":{"line":29,"column":4},"end":{"line":29,"column":25}},"14":{"start":{"line":33,"column":14},"end":{"line":33,"column":16}},"15":{"start":{"line":35,"column":4},"end":{"line":41,"column":5}},"16":{"start":{"line":36,"column":6},"end":{"line":36,"column":88}},"17":{"start":{"line":37,"column":11},"end":{"line":41,"column":5}},"18":{"start":{"line":38,"column":6},"end":{"line":38,"column":72}},"19":{"start":{"line":40,"column":6},"end":{"line":40,"column":48}},"20":{"start":{"line":43,"column":4},"end":{"line":43,"column":33}},"21":{"start":{"line":47,"column":14},"end":{"line":47,"column":16}},"22":{"start":{"line":49,"column":4},"end":{"line":55,"column":5}},"23":{"start":{"line":50,"column":6},"end":{"line":50,"column":76}},"24":{"start":{"line":51,"column":11},"end":{"line":55,"column":5}},"25":{"start":{"line":52,"column":6},"end":{"line":52,"column":60}},"26":{"start":{"line":54,"column":6},"end":{"line":54,"column":36}},"27":{"start":{"line":57,"column":4},"end":{"line":57,"column":31}},"28":{"start":{"line":61,"column":14},"end":{"line":61,"column":16}},"29":{"start":{"line":63,"column":4},"end":{"line":69,"column":5}},"30":{"start":{"line":64,"column":6},"end":{"line":64,"column":88}},"31":{"start":{"line":65,"column":11},"end":{"line":69,"column":5}},"32":{"start":{"line":66,"column":6},"end":{"line":66,"column":72}},"33":{"start":{"line":68,"column":6},"end":{"line":68,"column":48}},"34":{"start":{"line":71,"column":4},"end":{"line":71,"column":32}}},"fnMap":{"0":{"name":"(anonymous_0)","decl":{"start":{"line":4,"column":2},"end":{"line":4,"column":3}},"loc":{"start":{"line":4,"column":33},"end":{"line":16,"column":3}},"line":4},"1":{"name":"(anonymous_1)","decl":{"start":{"line":18,"column":2},"end":{"line":18,"column":3}},"loc":{"start":{"line":18,"column":42},"end":{"line":30,"column":3}},"line":18},"2":{"name":"(anonymous_2)","decl":{"start":{"line":32,"column":2},"end":{"line":32,"column":3}},"loc":{"start":{"line":32,"column":50},"end":{"line":44,"column":3}},"line":32},"3":{"name":"(anonymous_3)","decl":{"start":{"line":46,"column":2},"end":{"line":46,"column":3}},"loc":{"start":{"line":46,"column":38},"end":{"line":58,"column":3}},"line":46},"4":{"name":"(anonymous_4)","decl":{"start":{"line":60,"column":2},"end":{"line":60,"column":3}},"loc":{"start":{"line":60,"column":45},"end":{"line":72,"column":3}},"line":60}},"branchMap":{"0":{"loc":{"start":{"line":7,"column":4},"end":{"line":13,"column":5}},"type":"if","locations":[{"start":{"line":7,"column":4},"end":{"line":13,"column":5}},{"start":{"line":7,"column":4},"end":{"line":13,"column":5}}],"line":7},"1":{"loc":{"start":{"line":9,"column":11},"end":{"line":13,"column":5}},"type":"if","locations":[{"start":{"line":9,"column":11},"end":{"line":13,"column":5}},{"start":{"line":9,"column":11},"end":{"line":13,"column":5}}],"line":9},"2":{"loc":{"start":{"line":21,"column":4},"end":{"line":27,"column":5}},"type":"if","locations":[{"start":{"line":21,"column":4},"end":{"line":27,"column":5}},{"start":{"line":21,"column":4},"end":{"line":27,"column":5}}],"line":21},"3":{"loc":{"start":{"line":23,"column":11},"end":{"line":27,"column":5}},"type":"if","locations":[{"start":{"line":23,"column":11},"end":{"line":27,"column":5}},{"start":{"line":23,"column":11},"end":{"line":27,"column":5}}],"line":23},"4":{"loc":{"start":{"line":35,"column":4},"end":{"line":41,"column":5}},"type":"if","locations":[{"start":{"line":35,"column":4},"end":{"line":41,"column":5}},{"start":{"line":35,"column":4},"end":{"line":41,"column":5}}],"line":35},"5":{"loc":{"start":{"line":37,"column":11},"end":{"line":41,"column":5}},"type":"if","locations":[{"start":{"line":37,"column":11},"end":{"line":41,"column":5}},{"start":{"line":37,"column":11},"end":{"line":41,"column":5}}],"line":37},"6":{"loc":{"start":{"line":49,"column":4},"end":{"line":55,"column":5}},"type":"if","locations":[{"start":{"line":49,"column":4},"end":{"line":55,"column":5}},{"start":{"line":49,"column":4},"end":{"line":55,"column":5}}],"line":49},"7":{"loc":{"start":{"line":51,"column":11},"end":{"line":55,"column":5}},"type":"if","locations":[{"start":{"line":51,"column":11},"end":{"line":55,"column":5}},{"start":{"line":51,"column":11},"end":{"line":55,"column":5}}],"line":51},"8":{"loc":{"start":{"line":63,"column":4},"end":{"line":69,"column":5}},"type":"if","locations":[{"start":{"line":63,"column":4},"end":{"line":69,"column":5}},{"start":{"line":63,"column":4},"end":{"line":69,"column":5}}],"line":63},"9":{"loc":{"start":{"line":65,"column":11},"end":{"line":69,"column":5}},"type":"if","locations":[{"start":{"line":65,"column":11},"end":{"line":69,"column":5}},{"start":{"line":65,"column":11},"end":{"line":69,"column":5}}],"line":65}},"s":{"0":0,"1":0,"2":0,"3":0,"4":0,"5":0,"6":0,"7":0,"8":0,"9":0,"10":0,"11":0,"12":0,"13":0,"14":0,"15":0,"16":0,"17":0,"18":0,"19":0,"20":0,"21":0,"22":0,"23":0,"24":0,"25":0,"26":0,"27":0,"28":0,"29":0,"30":0,"31":0,"32":0,"33":0,"34":0},"f":{"0":0,"1":0,"2":0,"3":0,"4":0},"b":{"0":[0,0],"1":[0,0],"2":[0,0],"3":[0,0],"4":[0,0],"5":[0,0],"6":[0,0],"7":[0,0],"8":[0,0],"9":[0,0]},"_coverageSchema":"43e27e138ebf9cfc5966b082cf9a028302ed4184","hash":"75b81325b673861adbbaa5657b17345011cd1a27"}
,"/Volumes/Work/UpworkTask/Alex Zhenbacht/Dripio/dripio-control-panel-master/src/boot/api/hubs.js": {"path":"/Volumes/Work/UpworkTask/Alex Zhenbacht/Dripio/dripio-control-panel-master/src/boot/api/hubs.js","statementMap":{"0":{"start":{"line":5,"column":4},"end":{"line":38,"column":6}},"1":{"start":{"line":6,"column":6},"end":{"line":37,"column":8}}},"fnMap":{"0":{"name":"(anonymous_0)","decl":{"start":{"line":4,"column":2},"end":{"line":4,"column":3}},"loc":{"start":{"line":4,"column":22},"end":{"line":39,"column":3}},"line":4},"1":{"name":"(anonymous_1)","decl":{"start":{"line":5,"column":23},"end":{"line":5,"column":24}},"loc":{"start":{"line":5,"column":49},"end":{"line":38,"column":5}},"line":5}},"branchMap":{},"s":{"0":0,"1":0},"f":{"0":0,"1":0},"b":{},"_coverageSchema":"43e27e138ebf9cfc5966b082cf9a028302ed4184","hash":"40cbff4f62ef34c278096a07583bf7dec515c44d"}
,"/Volumes/Work/UpworkTask/Alex Zhenbacht/Dripio/dripio-control-panel-master/src/boot/api/index.js": {"path":"/Volumes/Work/UpworkTask/Alex Zhenbacht/Dripio/dripio-control-panel-master/src/boot/api/index.js","statementMap":{"0":{"start":{"line":12,"column":17},"end":{"line":27,"column":1}},"1":{"start":{"line":30,"column":2},"end":{"line":30,"column":26}}},"fnMap":{"0":{"name":"(anonymous_0)","decl":{"start":{"line":29,"column":15},"end":{"line":29,"column":16}},"loc":{"start":{"line":29,"column":28},"end":{"line":31,"column":1}},"line":29}},"branchMap":{},"s":{"0":25,"1":0},"f":{"0":0},"b":{},"_coverageSchema":"43e27e138ebf9cfc5966b082cf9a028302ed4184","hash":"c68e461869c57d65067241a3cc992f031f369862"}
,"/Volumes/Work/UpworkTask/Alex Zhenbacht/Dripio/dripio-control-panel-master/src/boot/api/locations.js": {"path":"/Volumes/Work/UpworkTask/Alex Zhenbacht/Dripio/dripio-control-panel-master/src/boot/api/locations.js","statementMap":{"0":{"start":{"line":5,"column":14},"end":{"line":5,"column":16}},"1":{"start":{"line":6,"column":4},"end":{"line":10,"column":5}},"2":{"start":{"line":7,"column":6},"end":{"line":7,"column":54}},"3":{"start":{"line":9,"column":6},"end":{"line":9,"column":38}},"4":{"start":{"line":11,"column":4},"end":{"line":11,"column":25}},"5":{"start":{"line":14,"column":14},"end":{"line":14,"column":16}},"6":{"start":{"line":15,"column":4},"end":{"line":19,"column":5}},"7":{"start":{"line":16,"column":6},"end":{"line":16,"column":68}},"8":{"start":{"line":18,"column":6},"end":{"line":18,"column":52}},"9":{"start":{"line":20,"column":4},"end":{"line":20,"column":25}},"10":{"start":{"line":23,"column":14},"end":{"line":23,"column":16}},"11":{"start":{"line":24,"column":4},"end":{"line":28,"column":5}},"12":{"start":{"line":25,"column":6},"end":{"line":25,"column":68}},"13":{"start":{"line":27,"column":6},"end":{"line":27,"column":52}},"14":{"start":{"line":29,"column":4},"end":{"line":29,"column":33}},"15":{"start":{"line":32,"column":14},"end":{"line":32,"column":16}},"16":{"start":{"line":33,"column":4},"end":{"line":37,"column":5}},"17":{"start":{"line":34,"column":6},"end":{"line":34,"column":54}},"18":{"start":{"line":36,"column":6},"end":{"line":36,"column":38}},"19":{"start":{"line":38,"column":4},"end":{"line":38,"column":31}},"20":{"start":{"line":42,"column":14},"end":{"line":42,"column":16}},"21":{"start":{"line":43,"column":4},"end":{"line":47,"column":5}},"22":{"start":{"line":44,"column":6},"end":{"line":44,"column":68}},"23":{"start":{"line":46,"column":6},"end":{"line":46,"column":52}},"24":{"start":{"line":48,"column":4},"end":{"line":48,"column":32}}},"fnMap":{"0":{"name":"(anonymous_0)","decl":{"start":{"line":4,"column":2},"end":{"line":4,"column":3}},"loc":{"start":{"line":4,"column":23},"end":{"line":12,"column":3}},"line":4},"1":{"name":"(anonymous_1)","decl":{"start":{"line":13,"column":2},"end":{"line":13,"column":3}},"loc":{"start":{"line":13,"column":34},"end":{"line":21,"column":3}},"line":13},"2":{"name":"(anonymous_2)","decl":{"start":{"line":22,"column":2},"end":{"line":22,"column":3}},"loc":{"start":{"line":22,"column":42},"end":{"line":30,"column":3}},"line":22},"3":{"name":"(anonymous_3)","decl":{"start":{"line":31,"column":2},"end":{"line":31,"column":3}},"loc":{"start":{"line":31,"column":28},"end":{"line":39,"column":3}},"line":31},"4":{"name":"(anonymous_4)","decl":{"start":{"line":41,"column":2},"end":{"line":41,"column":3}},"loc":{"start":{"line":41,"column":37},"end":{"line":49,"column":3}},"line":41}},"branchMap":{"0":{"loc":{"start":{"line":6,"column":4},"end":{"line":10,"column":5}},"type":"if","locations":[{"start":{"line":6,"column":4},"end":{"line":10,"column":5}},{"start":{"line":6,"column":4},"end":{"line":10,"column":5}}],"line":6},"1":{"loc":{"start":{"line":15,"column":4},"end":{"line":19,"column":5}},"type":"if","locations":[{"start":{"line":15,"column":4},"end":{"line":19,"column":5}},{"start":{"line":15,"column":4},"end":{"line":19,"column":5}}],"line":15},"2":{"loc":{"start":{"line":24,"column":4},"end":{"line":28,"column":5}},"type":"if","locations":[{"start":{"line":24,"column":4},"end":{"line":28,"column":5}},{"start":{"line":24,"column":4},"end":{"line":28,"column":5}}],"line":24},"3":{"loc":{"start":{"line":33,"column":4},"end":{"line":37,"column":5}},"type":"if","locations":[{"start":{"line":33,"column":4},"end":{"line":37,"column":5}},{"start":{"line":33,"column":4},"end":{"line":37,"column":5}}],"line":33},"4":{"loc":{"start":{"line":43,"column":4},"end":{"line":47,"column":5}},"type":"if","locations":[{"start":{"line":43,"column":4},"end":{"line":47,"column":5}},{"start":{"line":43,"column":4},"end":{"line":47,"column":5}}],"line":43}},"s":{"0":0,"1":0,"2":0,"3":0,"4":0,"5":0,"6":0,"7":0,"8":0,"9":0,"10":0,"11":0,"12":0,"13":0,"14":0,"15":0,"16":0,"17":0,"18":0,"19":0,"20":0,"21":0,"22":0,"23":0,"24":0},"f":{"0":0,"1":0,"2":0,"3":0,"4":0},"b":{"0":[0,0],"1":[0,0],"2":[0,0],"3":[0,0],"4":[0,0]},"_coverageSchema":"43e27e138ebf9cfc5966b082cf9a028302ed4184","hash":"948c10031545d15a20b66b09a85b7f2e71aa6d50"}
,"/Volumes/Work/UpworkTask/Alex Zhenbacht/Dripio/dripio-control-panel-master/src/boot/api/openweather.js": {"path":"/Volumes/Work/UpworkTask/Alex Zhenbacht/Dripio/dripio-control-panel-master/src/boot/api/openweather.js","statementMap":{"0":{"start":{"line":5,"column":2},"end":{"line":5,"column":83}},"1":{"start":{"line":14,"column":16},"end":{"line":14,"column":128}},"2":{"start":{"line":16,"column":4},"end":{"line":19,"column":6}}},"fnMap":{"0":{"name":"addressToQuery","decl":{"start":{"line":4,"column":9},"end":{"line":4,"column":23}},"loc":{"start":{"line":4,"column":33},"end":{"line":6,"column":1}},"line":4},"1":{"name":"(anonymous_1)","decl":{"start":{"line":12,"column":2},"end":{"line":12,"column":3}},"loc":{"start":{"line":12,"column":22},"end":{"line":20,"column":3}},"line":12}},"branchMap":{"0":{"loc":{"start":{"line":5,"column":12},"end":{"line":5,"column":30}},"type":"binary-expr","locations":[{"start":{"line":5,"column":12},"end":{"line":5,"column":24}},{"start":{"line":5,"column":28},"end":{"line":5,"column":30}}],"line":5},"1":{"loc":{"start":{"line":5,"column":34},"end":{"line":5,"column":56}},"type":"binary-expr","locations":[{"start":{"line":5,"column":34},"end":{"line":5,"column":50}},{"start":{"line":5,"column":54},"end":{"line":5,"column":56}}],"line":5},"2":{"loc":{"start":{"line":5,"column":60},"end":{"line":5,"column":81}},"type":"binary-expr","locations":[{"start":{"line":5,"column":60},"end":{"line":5,"column":75}},{"start":{"line":5,"column":79},"end":{"line":5,"column":81}}],"line":5}},"s":{"0":0,"1":0,"2":0},"f":{"0":0,"1":0},"b":{"0":[0,0],"1":[0,0],"2":[0,0]},"_coverageSchema":"43e27e138ebf9cfc5966b082cf9a028302ed4184","hash":"90ff43a36d8fd68fc4a00237ecd104213e1c6a25"}
,"/Volumes/Work/UpworkTask/Alex Zhenbacht/Dripio/dripio-control-panel-master/src/boot/api/users.js": {"path":"/Volumes/Work/UpworkTask/Alex Zhenbacht/Dripio/dripio-control-panel-master/src/boot/api/users.js","statementMap":{"0":{"start":{"line":5,"column":4},"end":{"line":5,"column":44}},"1":{"start":{"line":9,"column":4},"end":{"line":9,"column":54}},"2":{"start":{"line":13,"column":4},"end":{"line":13,"column":62}},"3":{"start":{"line":17,"column":4},"end":{"line":17,"column":50}},"4":{"start":{"line":21,"column":4},"end":{"line":21,"column":61}}},"fnMap":{"0":{"name":"(anonymous_0)","decl":{"start":{"line":4,"column":2},"end":{"line":4,"column":3}},"loc":{"start":{"line":4,"column":13},"end":{"line":6,"column":3}},"line":4},"1":{"name":"(anonymous_1)","decl":{"start":{"line":8,"column":2},"end":{"line":8,"column":3}},"loc":{"start":{"line":8,"column":18},"end":{"line":10,"column":3}},"line":8},"2":{"name":"(anonymous_2)","decl":{"start":{"line":12,"column":2},"end":{"line":12,"column":3}},"loc":{"start":{"line":12,"column":26},"end":{"line":14,"column":3}},"line":12},"3":{"name":"(anonymous_3)","decl":{"start":{"line":16,"column":2},"end":{"line":16,"column":3}},"loc":{"start":{"line":16,"column":16},"end":{"line":18,"column":3}},"line":16},"4":{"name":"(anonymous_4)","decl":{"start":{"line":20,"column":2},"end":{"line":20,"column":3}},"loc":{"start":{"line":20,"column":21},"end":{"line":22,"column":3}},"line":20}},"branchMap":{},"s":{"0":0,"1":0,"2":0,"3":0,"4":0},"f":{"0":0,"1":0,"2":0,"3":0,"4":0},"b":{},"_coverageSchema":"43e27e138ebf9cfc5966b082cf9a028302ed4184","hash":"633f67e7f60575d3d431ba74f10f29f8ad9aa3a9"}
,"/Volumes/Work/UpworkTask/Alex Zhenbacht/Dripio/dripio-control-panel-master/src/boot/api/utils.js": {"path":"/Volumes/Work/UpworkTask/Alex Zhenbacht/Dripio/dripio-control-panel-master/src/boot/api/utils.js","statementMap":{"0":{"start":{"line":5,"column":4},"end":{"line":5,"column":72}},"1":{"start":{"line":8,"column":4},"end":{"line":10,"column":5}},"2":{"start":{"line":13,"column":4},"end":{"line":13,"column":68}}},"fnMap":{"0":{"name":"(anonymous_0)","decl":{"start":{"line":4,"column":2},"end":{"line":4,"column":3}},"loc":{"start":{"line":4,"column":32},"end":{"line":6,"column":3}},"line":4},"1":{"name":"(anonymous_1)","decl":{"start":{"line":7,"column":2},"end":{"line":7,"column":3}},"loc":{"start":{"line":7,"column":33},"end":{"line":11,"column":3}},"line":7},"2":{"name":"(anonymous_2)","decl":{"start":{"line":12,"column":2},"end":{"line":12,"column":3}},"loc":{"start":{"line":12,"column":27},"end":{"line":14,"column":3}},"line":12}},"branchMap":{},"s":{"0":0,"1":0,"2":0},"f":{"0":0,"1":0,"2":0},"b":{},"_coverageSchema":"43e27e138ebf9cfc5966b082cf9a028302ed4184","hash":"6bfea2c86351565bd9472fe253660b7b0b509ca4"}
,"/Volumes/Work/UpworkTask/Alex Zhenbacht/Dripio/dripio-control-panel-master/src/components/AddLocation.vue": {"path":"/Volumes/Work/UpworkTask/Alex Zhenbacht/Dripio/dripio-control-panel-master/src/components/AddLocation.vue","statementMap":{"0":{"start":{"line":91,"column":0},"end":{"line":91,"column":null}},"1":{"start":{"line":92,"column":0},"end":{"line":92,"column":null}},"2":{"start":{"line":93,"column":0},"end":{"line":93,"column":null}},"3":{"start":{"line":99,"column":0},"end":{"line":99,"column":null}},"4":{"start":{"line":142,"column":0},"end":{"line":142,"column":null}},"5":{"start":{"line":143,"column":0},"end":{"line":143,"column":null}},"6":{"start":{"line":145,"column":0},"end":{"line":145,"column":null}},"7":{"start":{"line":146,"column":0},"end":{"line":146,"column":null}},"8":{"start":{"line":151,"column":0},"end":{"line":153,"column":null}},"9":{"start":{"line":152,"column":0},"end":{"line":152,"column":null}},"10":{"start":{"line":154,"column":0},"end":{"line":154,"column":null}},"11":{"start":{"line":160,"column":0},"end":{"line":162,"column":null}},"12":{"start":{"line":161,"column":0},"end":{"line":161,"column":null}},"13":{"start":{"line":165,"column":0},"end":{"line":165,"column":null}},"14":{"start":{"line":166,"column":0},"end":{"line":166,"column":null}},"15":{"start":{"line":169,"column":0},"end":{"line":169,"column":null}},"16":{"start":{"line":170,"column":0},"end":{"line":170,"column":null}},"17":{"start":{"line":173,"column":0},"end":{"line":173,"column":null}},"18":{"start":{"line":174,"column":0},"end":{"line":176,"column":null}},"19":{"start":{"line":175,"column":0},"end":{"line":175,"column":null}},"20":{"start":{"line":177,"column":0},"end":{"line":177,"column":null}},"21":{"start":{"line":180,"column":0},"end":{"line":180,"column":null}},"22":{"start":{"line":187,"column":0},"end":{"line":187,"column":null}},"23":{"start":{"line":188,"column":0},"end":{"line":188,"column":null}},"24":{"start":{"line":189,"column":0},"end":{"line":196,"column":null}},"25":{"start":{"line":190,"column":0},"end":{"line":190,"column":null}},"26":{"start":{"line":191,"column":0},"end":{"line":195,"column":null}},"27":{"start":{"line":192,"column":0},"end":{"line":192,"column":null}},"28":{"start":{"line":194,"column":0},"end":{"line":194,"column":null}},"29":{"start":{"line":199,"column":0},"end":{"line":199,"column":null}},"30":{"start":{"line":200,"column":0},"end":{"line":204,"column":null}},"31":{"start":{"line":201,"column":0},"end":{"line":201,"column":null}},"32":{"start":{"line":203,"column":0},"end":{"line":203,"column":null}},"33":{"start":{"line":206,"column":0},"end":{"line":206,"column":null}},"34":{"start":{"line":207,"column":0},"end":{"line":207,"column":null}},"35":{"start":{"line":208,"column":0},"end":{"line":222,"column":null}},"36":{"start":{"line":209,"column":0},"end":{"line":209,"column":null}},"37":{"start":{"line":211,"column":0},"end":{"line":221,"column":null}},"38":{"start":{"line":212,"column":0},"end":{"line":212,"column":null}},"39":{"start":{"line":219,"column":0},"end":{"line":219,"column":null}},"40":{"start":{"line":220,"column":0},"end":{"line":220,"column":null}},"41":{"start":{"line":225,"column":0},"end":{"line":225,"column":null}},"42":{"start":{"line":226,"column":0},"end":{"line":228,"column":null}},"43":{"start":{"line":227,"column":0},"end":{"line":227,"column":null}},"44":{"start":{"line":229,"column":0},"end":{"line":229,"column":null}},"45":{"start":{"line":232,"column":0},"end":{"line":232,"column":null}},"46":{"start":{"line":233,"column":0},"end":{"line":233,"column":null}},"47":{"start":{"line":237,"column":0},"end":{"line":237,"column":null}},"48":{"start":{"line":238,"column":0},"end":{"line":247,"column":null}},"49":{"start":{"line":239,"column":0},"end":{"line":239,"column":null}},"50":{"start":{"line":244,"column":0},"end":{"line":244,"column":null}}},"fnMap":{"0":{"name":"data","decl":{"start":{"line":98,"column":0},"end":{"line":98,"column":null}},"loc":{"start":{"line":98,"column":0},"end":{"line":127,"column":null}}},"1":{"name":"isAdminView","decl":{"start":{"line":141,"column":0},"end":{"line":141,"column":null}},"loc":{"start":{"line":141,"column":0},"end":{"line":144,"column":null}}},"2":{"name":"usersList","decl":{"start":{"line":145,"column":0},"end":{"line":145,"column":null}},"loc":{"start":{"line":145,"column":0},"end":{"line":155,"column":null}}},"3":{"name":"(anonymous_9)","decl":{"start":{"line":146,"column":0},"end":{"line":146,"column":null}},"loc":{"start":{"line":146,"column":0},"end":{"line":146,"column":null}}},"4":{"name":"(anonymous_10)","decl":{"start":{"line":152,"column":0},"end":{"line":152,"column":null}},"loc":{"start":{"line":152,"column":0},"end":{"line":152,"column":null}}},"5":{"name":"toTitleCase","decl":{"start":{"line":159,"column":0},"end":{"line":159,"column":null}},"loc":{"start":{"line":159,"column":0},"end":{"line":163,"column":null}}},"6":{"name":"(anonymous_12)","decl":{"start":{"line":160,"column":0},"end":{"line":160,"column":null}},"loc":{"start":{"line":160,"column":0},"end":{"line":162,"column":null}}},"7":{"name":"updateRouteMeta","decl":{"start":{"line":164,"column":0},"end":{"line":164,"column":null}},"loc":{"start":{"line":164,"column":0},"end":{"line":167,"column":null}}},"8":{"name":"buildAddressJson","decl":{"start":{"line":168,"column":0},"end":{"line":168,"column":null}},"loc":{"start":{"line":168,"column":0},"end":{"line":171,"column":null}}},"9":{"name":"getLocationUser","decl":{"start":{"line":172,"column":0},"end":{"line":172,"column":null}},"loc":{"start":{"line":172,"column":0},"end":{"line":178,"column":null}}},"10":{"name":"changePic","decl":{"start":{"line":179,"column":0},"end":{"line":179,"column":null}},"loc":{"start":{"line":179,"column":0},"end":{"line":186,"column":null}}},"11":{"name":"createLocation","decl":{"start":{"line":187,"column":0},"end":{"line":187,"column":null}},"loc":{"start":{"line":187,"column":0},"end":{"line":197,"column":null}}},"12":{"name":"(anonymous_18)","decl":{"start":{"line":189,"column":0},"end":{"line":189,"column":null}},"loc":{"start":{"line":189,"column":0},"end":{"line":196,"column":null}}},"13":{"name":"cancel","decl":{"start":{"line":198,"column":0},"end":{"line":198,"column":null}},"loc":{"start":{"line":198,"column":0},"end":{"line":205,"column":null}}},"14":{"name":"create","decl":{"start":{"line":206,"column":0},"end":{"line":206,"column":null}},"loc":{"start":{"line":206,"column":0},"end":{"line":223,"column":null}}},"15":{"name":"(anonymous_21)","decl":{"start":{"line":208,"column":0},"end":{"line":208,"column":null}},"loc":{"start":{"line":208,"column":0},"end":{"line":222,"column":null}}},"16":{"name":"getScope","decl":{"start":{"line":224,"column":0},"end":{"line":224,"column":null}},"loc":{"start":{"line":224,"column":0},"end":{"line":230,"column":null}}},"17":{"name":"filterUser","decl":{"start":{"line":231,"column":0},"end":{"line":231,"column":null}},"loc":{"start":{"line":231,"column":0},"end":{"line":234,"column":null}}},"18":{"name":"created","decl":{"start":{"line":236,"column":0},"end":{"line":236,"column":null}},"loc":{"start":{"line":236,"column":0},"end":{"line":248,"column":null}}}},"branchMap":{"0":{"loc":{"start":{"line":151,"column":0},"end":{"line":153,"column":null}},"type":"if","locations":[{"start":{"line":151,"column":0},"end":{"line":153,"column":null}},{"start":{"line":151,"column":0},"end":{"line":153,"column":null}}]},"1":{"loc":{"start":{"line":174,"column":0},"end":{"line":176,"column":null}},"type":"if","locations":[{"start":{"line":174,"column":0},"end":{"line":176,"column":null}},{"start":{"line":174,"column":0},"end":{"line":176,"column":null}}]},"2":{"loc":{"start":{"line":177,"column":0},"end":{"line":177,"column":null}},"type":"binary-expr","locations":[{"start":{"line":177,"column":0},"end":{"line":177,"column":null}},{"start":{"line":177,"column":0},"end":{"line":177,"column":null}}]},"3":{"loc":{"start":{"line":191,"column":0},"end":{"line":195,"column":null}},"type":"if","locations":[{"start":{"line":191,"column":0},"end":{"line":195,"column":null}},{"start":{"line":191,"column":0},"end":{"line":195,"column":null}}]},"4":{"loc":{"start":{"line":200,"column":0},"end":{"line":204,"column":null}},"type":"if","locations":[{"start":{"line":200,"column":0},"end":{"line":204,"column":null}},{"start":{"line":200,"column":0},"end":{"line":204,"column":null}}]},"5":{"loc":{"start":{"line":211,"column":0},"end":{"line":221,"column":null}},"type":"if","locations":[{"start":{"line":211,"column":0},"end":{"line":221,"column":null}},{"start":{"line":211,"column":0},"end":{"line":221,"column":null}}]},"6":{"loc":{"start":{"line":226,"column":0},"end":{"line":228,"column":null}},"type":"if","locations":[{"start":{"line":226,"column":0},"end":{"line":228,"column":null}},{"start":{"line":226,"column":0},"end":{"line":228,"column":null}}]},"7":{"loc":{"start":{"line":226,"column":0},"end":{"line":226,"column":null}},"type":"binary-expr","locations":[{"start":{"line":226,"column":0},"end":{"line":226,"column":null}},{"start":{"line":226,"column":0},"end":{"line":226,"column":null}}]},"8":{"loc":{"start":{"line":238,"column":0},"end":{"line":247,"column":null}},"type":"if","locations":[{"start":{"line":238,"column":0},"end":{"line":247,"column":null}},{"start":{"line":238,"column":0},"end":{"line":247,"column":null}}]}},"s":{"0":0,"1":0,"2":0,"3":0,"4":0,"5":0,"6":0,"7":0,"8":0,"9":0,"10":0,"11":0,"12":0,"13":0,"14":0,"15":0,"16":0,"17":0,"18":0,"19":0,"20":0,"21":0,"22":0,"23":0,"24":0,"25":0,"26":0,"27":0,"28":0,"29":0,"30":0,"31":0,"32":0,"33":0,"34":0,"35":0,"36":0,"37":0,"38":0,"39":0,"40":0,"41":0,"42":0,"43":0,"44":0,"45":0,"46":0,"47":0,"48":0,"49":0,"50":0},"f":{"0":0,"1":0,"2":0,"3":0,"4":0,"5":0,"6":0,"7":0,"8":0,"9":0,"10":0,"11":0,"12":0,"13":0,"14":0,"15":0,"16":0,"17":0,"18":0},"b":{"0":[0,0],"1":[0,0],"2":[0,0],"3":[0,0],"4":[0,0],"5":[0,0],"6":[0,0],"7":[0,0],"8":[0,0]}}
,"/Volumes/Work/UpworkTask/Alex Zhenbacht/Dripio/dripio-control-panel-master/src/components/AddressBuilder.vue": {"path":"/Volumes/Work/UpworkTask/Alex Zhenbacht/Dripio/dripio-control-panel-master/src/components/AddressBuilder.vue","statementMap":{"0":{"start":{"line":30,"column":0},"end":{"line":30,"column":null}},"1":{"start":{"line":31,"column":0},"end":{"line":31,"column":null}},"2":{"start":{"line":32,"column":0},"end":{"line":32,"column":null}},"3":{"start":{"line":37,"column":0},"end":{"line":37,"column":null}},"4":{"start":{"line":51,"column":0},"end":{"line":51,"column":null}},"5":{"start":{"line":56,"column":0},"end":{"line":56,"column":null}},"6":{"start":{"line":59,"column":0},"end":{"line":59,"column":null}},"7":{"start":{"line":65,"column":0},"end":{"line":65,"column":null}},"8":{"start":{"line":67,"column":0},"end":{"line":67,"column":null}},"9":{"start":{"line":68,"column":0},"end":{"line":68,"column":null}},"10":{"start":{"line":70,"column":0},"end":{"line":73,"column":null}},"11":{"start":{"line":72,"column":0},"end":{"line":72,"column":null}},"12":{"start":{"line":74,"column":0},"end":{"line":74,"column":null}},"13":{"start":{"line":78,"column":0},"end":{"line":80,"column":null}},"14":{"start":{"line":79,"column":0},"end":{"line":79,"column":null}}},"fnMap":{"0":{"name":"data","decl":{"start":{"line":36,"column":0},"end":{"line":36,"column":null}},"loc":{"start":{"line":36,"column":0},"end":{"line":43,"column":null}}},"1":{"name":"location","decl":{"start":{"line":50,"column":0},"end":{"line":50,"column":null}},"loc":{"start":{"line":50,"column":0},"end":{"line":52,"column":null}}},"2":{"name":"addressJson","decl":{"start":{"line":55,"column":0},"end":{"line":55,"column":null}},"loc":{"start":{"line":55,"column":0},"end":{"line":57,"column":null}}},"3":{"name":"location","decl":{"start":{"line":58,"column":0},"end":{"line":58,"column":null}},"loc":{"start":{"line":58,"column":0},"end":{"line":60,"column":null}}},"4":{"name":"CountrySelected","decl":{"start":{"line":64,"column":0},"end":{"line":64,"column":null}},"loc":{"start":{"line":64,"column":0},"end":{"line":66,"column":null}}},"5":{"name":"SimulateDelay","decl":{"start":{"line":67,"column":0},"end":{"line":67,"column":null}},"loc":{"start":{"line":67,"column":0},"end":{"line":75,"column":null}}},"6":{"name":"(anonymous_7)","decl":{"start":{"line":70,"column":0},"end":{"line":70,"column":null}},"loc":{"start":{"line":70,"column":0},"end":{"line":73,"column":null}}},"7":{"name":"created","decl":{"start":{"line":77,"column":0},"end":{"line":77,"column":null}},"loc":{"start":{"line":77,"column":0},"end":{"line":81,"column":null}}}},"branchMap":{"0":{"loc":{"start":{"line":59,"column":0},"end":{"line":59,"column":null}},"type":"if","locations":[{"start":{"line":59,"column":0},"end":{"line":59,"column":null}},{"start":{"line":59,"column":0},"end":{"line":59,"column":null}}]},"1":{"loc":{"start":{"line":78,"column":0},"end":{"line":80,"column":null}},"type":"if","locations":[{"start":{"line":78,"column":0},"end":{"line":80,"column":null}},{"start":{"line":78,"column":0},"end":{"line":80,"column":null}}]}},"s":{"0":1,"1":1,"2":1,"3":3,"4":3,"5":1,"6":0,"7":0,"8":0,"9":0,"10":0,"11":0,"12":0,"13":3,"14":0},"f":{"0":3,"1":3,"2":1,"3":0,"4":0,"5":0,"6":0,"7":3},"b":{"0":[0,0],"1":[0,3]}}
,"/Volumes/Work/UpworkTask/Alex Zhenbacht/Dripio/dripio-control-panel-master/src/components/CountryDialog.vue": {"path":"/Volumes/Work/UpworkTask/Alex Zhenbacht/Dripio/dripio-control-panel-master/src/components/CountryDialog.vue","statementMap":{"0":{"start":{"line":43,"column":0},"end":{"line":43,"column":null}},"1":{"start":{"line":44,"column":0},"end":{"line":44,"column":null}},"2":{"start":{"line":48,"column":0},"end":{"line":48,"column":null}},"3":{"start":{"line":63,"column":0},"end":{"line":63,"column":null}},"4":{"start":{"line":66,"column":0},"end":{"line":66,"column":null}},"5":{"start":{"line":72,"column":0},"end":{"line":72,"column":null}},"6":{"start":{"line":75,"column":0},"end":{"line":75,"column":null}}},"fnMap":{"0":{"name":"data","decl":{"start":{"line":47,"column":0},"end":{"line":47,"column":null}},"loc":{"start":{"line":47,"column":0},"end":{"line":58,"column":null}}},"1":{"name":"get","decl":{"start":{"line":62,"column":0},"end":{"line":62,"column":null}},"loc":{"start":{"line":62,"column":0},"end":{"line":64,"column":null}}},"2":{"name":"set","decl":{"start":{"line":65,"column":0},"end":{"line":65,"column":null}},"loc":{"start":{"line":65,"column":0},"end":{"line":67,"column":null}}},"3":{"name":"toOptions","decl":{"start":{"line":71,"column":0},"end":{"line":71,"column":null}},"loc":{"start":{"line":71,"column":0},"end":{"line":73,"column":null}}},"4":{"name":"CountrySelected","decl":{"start":{"line":74,"column":0},"end":{"line":74,"column":null}},"loc":{"start":{"line":74,"column":0},"end":{"line":76,"column":null}}}},"branchMap":{},"s":{"0":2,"1":2,"2":3,"3":0,"4":0,"5":711,"6":1},"f":{"0":3,"1":0,"2":0,"3":711,"4":1},"b":{}}
,"/Volumes/Work/UpworkTask/Alex Zhenbacht/Dripio/dripio-control-panel-master/src/components/CountrySpecific.vue": {"path":"/Volumes/Work/UpworkTask/Alex Zhenbacht/Dripio/dripio-control-panel-master/src/components/CountrySpecific.vue","statementMap":{"0":{"start":{"line":53,"column":0},"end":{"line":53,"column":null}},"1":{"start":{"line":54,"column":0},"end":{"line":54,"column":null}},"2":{"start":{"line":59,"column":0},"end":{"line":59,"column":null}},"3":{"start":{"line":77,"column":0},"end":{"line":77,"column":null}},"4":{"start":{"line":86,"column":0},"end":{"line":86,"column":null}},"5":{"start":{"line":87,"column":0},"end":{"line":87,"column":null}},"6":{"start":{"line":88,"column":0},"end":{"line":88,"column":null}},"7":{"start":{"line":89,"column":0},"end":{"line":89,"column":null}},"8":{"start":{"line":92,"column":0},"end":{"line":92,"column":null}},"9":{"start":{"line":93,"column":0},"end":{"line":93,"column":null}},"10":{"start":{"line":94,"column":0},"end":{"line":94,"column":null}},"11":{"start":{"line":95,"column":0},"end":{"line":95,"column":null}},"12":{"start":{"line":96,"column":0},"end":{"line":102,"column":null}},"13":{"start":{"line":97,"column":0},"end":{"line":101,"column":null}},"14":{"start":{"line":98,"column":0},"end":{"line":98,"column":null}},"15":{"start":{"line":99,"column":0},"end":{"line":101,"column":null}},"16":{"start":{"line":100,"column":0},"end":{"line":100,"column":null}},"17":{"start":{"line":107,"column":0},"end":{"line":107,"column":null}},"18":{"start":{"line":110,"column":0},"end":{"line":110,"column":null}},"19":{"start":{"line":113,"column":0},"end":{"line":113,"column":null}},"20":{"start":{"line":119,"column":0},"end":{"line":119,"column":null}},"21":{"start":{"line":121,"column":0},"end":{"line":121,"column":null}},"22":{"start":{"line":125,"column":0},"end":{"line":125,"column":null}},"23":{"start":{"line":127,"column":0},"end":{"line":127,"column":null}},"24":{"start":{"line":128,"column":0},"end":{"line":128,"column":null}},"25":{"start":{"line":132,"column":0},"end":{"line":134,"column":null}},"26":{"start":{"line":133,"column":0},"end":{"line":133,"column":null}},"27":{"start":{"line":138,"column":0},"end":{"line":138,"column":null}},"28":{"start":{"line":139,"column":0},"end":{"line":139,"column":null}},"29":{"start":{"line":140,"column":0},"end":{"line":140,"column":null}},"30":{"start":{"line":141,"column":0},"end":{"line":141,"column":null}},"31":{"start":{"line":142,"column":0},"end":{"line":142,"column":null}},"32":{"start":{"line":143,"column":0},"end":{"line":143,"column":null}},"33":{"start":{"line":144,"column":0},"end":{"line":150,"column":null}},"34":{"start":{"line":145,"column":0},"end":{"line":149,"column":null}},"35":{"start":{"line":146,"column":0},"end":{"line":146,"column":null}},"36":{"start":{"line":147,"column":0},"end":{"line":149,"column":null}},"37":{"start":{"line":148,"column":0},"end":{"line":148,"column":null}},"38":{"start":{"line":151,"column":0},"end":{"line":151,"column":null}},"39":{"start":{"line":153,"column":0},"end":{"line":153,"column":null}},"40":{"start":{"line":154,"column":0},"end":{"line":161,"column":null}},"41":{"start":{"line":155,"column":0},"end":{"line":160,"column":null}},"42":{"start":{"line":156,"column":0},"end":{"line":156,"column":null}},"43":{"start":{"line":158,"column":0},"end":{"line":158,"column":null}},"44":{"start":{"line":159,"column":0},"end":{"line":159,"column":null}},"45":{"start":{"line":165,"column":0},"end":{"line":165,"column":null}},"46":{"start":{"line":166,"column":0},"end":{"line":173,"column":null}},"47":{"start":{"line":167,"column":0},"end":{"line":167,"column":null}},"48":{"start":{"line":168,"column":0},"end":{"line":172,"column":null}},"49":{"start":{"line":169,"column":0},"end":{"line":169,"column":null}},"50":{"start":{"line":171,"column":0},"end":{"line":171,"column":null}},"51":{"start":{"line":176,"column":0},"end":{"line":189,"column":null}},"52":{"start":{"line":177,"column":0},"end":{"line":177,"column":null}},"53":{"start":{"line":178,"column":0},"end":{"line":178,"column":null}},"54":{"start":{"line":179,"column":0},"end":{"line":179,"column":null}},"55":{"start":{"line":180,"column":0},"end":{"line":188,"column":null}},"56":{"start":{"line":181,"column":0},"end":{"line":185,"column":null}},"57":{"start":{"line":182,"column":0},"end":{"line":182,"column":null}},"58":{"start":{"line":183,"column":0},"end":{"line":185,"column":null}},"59":{"start":{"line":184,"column":0},"end":{"line":184,"column":null}},"60":{"start":{"line":187,"column":0},"end":{"line":187,"column":null}}},"fnMap":{"0":{"name":"data","decl":{"start":{"line":58,"column":0},"end":{"line":58,"column":null}},"loc":{"start":{"line":58,"column":0},"end":{"line":74,"column":null}}},"1":{"name":"validations","decl":{"start":{"line":76,"column":0},"end":{"line":76,"column":null}},"loc":{"start":{"line":76,"column":0},"end":{"line":83,"column":null}}},"2":{"name":"country","decl":{"start":{"line":85,"column":0},"end":{"line":85,"column":null}},"loc":{"start":{"line":85,"column":0},"end":{"line":90,"column":null}}},"3":{"name":"location","decl":{"start":{"line":91,"column":0},"end":{"line":91,"column":null}},"loc":{"start":{"line":91,"column":0},"end":{"line":103,"column":null}}},"4":{"name":"currentCountryConfig","decl":{"start":{"line":106,"column":0},"end":{"line":106,"column":null}},"loc":{"start":{"line":106,"column":0},"end":{"line":108,"column":null}}},"5":{"name":"optionForProvinceSelector","decl":{"start":{"line":109,"column":0},"end":{"line":109,"column":null}},"loc":{"start":{"line":109,"column":0},"end":{"line":111,"column":null}}},"6":{"name":"location","decl":{"start":{"line":112,"column":0},"end":{"line":112,"column":null}},"loc":{"start":{"line":112,"column":0},"end":{"line":114,"column":null}}},"7":{"name":"isFieldVisible","decl":{"start":{"line":118,"column":0},"end":{"line":118,"column":null}},"loc":{"start":{"line":118,"column":0},"end":{"line":122,"column":null}}},"8":{"name":"getProvinceObject","decl":{"start":{"line":124,"column":0},"end":{"line":124,"column":null}},"loc":{"start":{"line":124,"column":0},"end":{"line":129,"column":null}}},"9":{"name":"(anonymous_10)","decl":{"start":{"line":125,"column":0},"end":{"line":125,"column":null}},"loc":{"start":{"line":125,"column":0},"end":{"line":125,"column":null}}},"10":{"name":"toTitleCase","decl":{"start":{"line":131,"column":0},"end":{"line":131,"column":null}},"loc":{"start":{"line":131,"column":0},"end":{"line":135,"column":null}}},"11":{"name":"(anonymous_12)","decl":{"start":{"line":132,"column":0},"end":{"line":132,"column":null}},"loc":{"start":{"line":132,"column":0},"end":{"line":134,"column":null}}},"12":{"name":"buildJson","decl":{"start":{"line":137,"column":0},"end":{"line":137,"column":null}},"loc":{"start":{"line":137,"column":0},"end":{"line":152,"column":null}}},"13":{"name":"filterFn","decl":{"start":{"line":153,"column":0},"end":{"line":153,"column":null}},"loc":{"start":{"line":153,"column":0},"end":{"line":162,"column":null}}},"14":{"name":"(anonymous_15)","decl":{"start":{"line":154,"column":0},"end":{"line":154,"column":null}},"loc":{"start":{"line":154,"column":0},"end":{"line":161,"column":null}}},"15":{"name":"(anonymous_16)","decl":{"start":{"line":159,"column":0},"end":{"line":159,"column":null}},"loc":{"start":{"line":159,"column":0},"end":{"line":159,"column":null}}},"16":{"name":"mounted","decl":{"start":{"line":165,"column":0},"end":{"line":165,"column":null}},"loc":{"start":{"line":165,"column":0},"end":{"line":174,"column":null}}},"17":{"name":"(anonymous_18)","decl":{"start":{"line":166,"column":0},"end":{"line":166,"column":null}},"loc":{"start":{"line":166,"column":0},"end":{"line":173,"column":null}}},"18":{"name":"created","decl":{"start":{"line":175,"column":0},"end":{"line":175,"column":null}},"loc":{"start":{"line":175,"column":0},"end":{"line":190,"column":null}}}},"branchMap":{"0":{"loc":{"start":{"line":78,"column":0},"end":{"line":78,"column":null}},"type":"binary-expr","locations":[{"start":{"line":78,"column":0},"end":{"line":78,"column":null}},{"start":{"line":78,"column":0},"end":{"line":78,"column":null}}]},"1":{"loc":{"start":{"line":79,"column":0},"end":{"line":79,"column":null}},"type":"binary-expr","locations":[{"start":{"line":79,"column":0},"end":{"line":79,"column":null}},{"start":{"line":79,"column":0},"end":{"line":79,"column":null}}]},"2":{"loc":{"start":{"line":80,"column":0},"end":{"line":80,"column":null}},"type":"binary-expr","locations":[{"start":{"line":80,"column":0},"end":{"line":80,"column":null}},{"start":{"line":80,"column":0},"end":{"line":80,"column":null}}]},"3":{"loc":{"start":{"line":81,"column":0},"end":{"line":81,"column":null}},"type":"binary-expr","locations":[{"start":{"line":81,"column":0},"end":{"line":81,"column":null}},{"start":{"line":81,"column":0},"end":{"line":81,"column":null}}]},"4":{"loc":{"start":{"line":92,"column":0},"end":{"line":92,"column":null}},"type":"if","locations":[{"start":{"line":92,"column":0},"end":{"line":92,"column":null}},{"start":{"line":92,"column":0},"end":{"line":92,"column":null}}]},"5":{"loc":{"start":{"line":96,"column":0},"end":{"line":102,"column":null}},"type":"if","locations":[{"start":{"line":96,"column":0},"end":{"line":102,"column":null}},{"start":{"line":96,"column":0},"end":{"line":102,"column":null}}]},"6":{"loc":{"start":{"line":97,"column":0},"end":{"line":101,"column":null}},"type":"if","locations":[{"start":{"line":97,"column":0},"end":{"line":101,"column":null}},{"start":{"line":97,"column":0},"end":{"line":101,"column":null}}]},"7":{"loc":{"start":{"line":99,"column":0},"end":{"line":101,"column":null}},"type":"if","locations":[{"start":{"line":99,"column":0},"end":{"line":101,"column":null}},{"start":{"line":99,"column":0},"end":{"line":101,"column":null}}]},"8":{"loc":{"start":{"line":107,"column":0},"end":{"line":107,"column":null}},"type":"binary-expr","locations":[{"start":{"line":107,"column":0},"end":{"line":107,"column":null}},{"start":{"line":107,"column":0},"end":{"line":107,"column":null}}]},"9":{"loc":{"start":{"line":121,"column":0},"end":{"line":121,"column":null}},"type":"binary-expr","locations":[{"start":{"line":121,"column":0},"end":{"line":121,"column":null}},{"start":{"line":121,"column":0},"end":{"line":121,"column":null}}]},"10":{"loc":{"start":{"line":141,"column":0},"end":{"line":141,"column":null}},"type":"if","locations":[{"start":{"line":141,"column":0},"end":{"line":141,"column":null}},{"start":{"line":141,"column":0},"end":{"line":141,"column":null}}]},"11":{"loc":{"start":{"line":142,"column":0},"end":{"line":142,"column":null}},"type":"if","locations":[{"start":{"line":142,"column":0},"end":{"line":142,"column":null}},{"start":{"line":142,"column":0},"end":{"line":142,"column":null}}]},"12":{"loc":{"start":{"line":143,"column":0},"end":{"line":143,"column":null}},"type":"if","locations":[{"start":{"line":143,"column":0},"end":{"line":143,"column":null}},{"start":{"line":143,"column":0},"end":{"line":143,"column":null}}]},"13":{"loc":{"start":{"line":144,"column":0},"end":{"line":150,"column":null}},"type":"if","locations":[{"start":{"line":144,"column":0},"end":{"line":150,"column":null}},{"start":{"line":144,"column":0},"end":{"line":150,"column":null}}]},"14":{"loc":{"start":{"line":145,"column":0},"end":{"line":149,"column":null}},"type":"if","locations":[{"start":{"line":145,"column":0},"end":{"line":149,"column":null}},{"start":{"line":145,"column":0},"end":{"line":149,"column":null}}]},"15":{"loc":{"start":{"line":147,"column":0},"end":{"line":149,"column":null}},"type":"if","locations":[{"start":{"line":147,"column":0},"end":{"line":149,"column":null}},{"start":{"line":147,"column":0},"end":{"line":149,"column":null}}]},"16":{"loc":{"start":{"line":155,"column":0},"end":{"line":160,"column":null}},"type":"if","locations":[{"start":{"line":155,"column":0},"end":{"line":160,"column":null}},{"start":{"line":155,"column":0},"end":{"line":160,"column":null}}]},"17":{"loc":{"start":{"line":168,"column":0},"end":{"line":172,"column":null}},"type":"if","locations":[{"start":{"line":168,"column":0},"end":{"line":172,"column":null}},{"start":{"line":168,"column":0},"end":{"line":172,"column":null}}]},"18":{"loc":{"start":{"line":176,"column":0},"end":{"line":189,"column":null}},"type":"if","locations":[{"start":{"line":176,"column":0},"end":{"line":189,"column":null}},{"start":{"line":176,"column":0},"end":{"line":189,"column":null}}]},"19":{"loc":{"start":{"line":180,"column":0},"end":{"line":188,"column":null}},"type":"if","locations":[{"start":{"line":180,"column":0},"end":{"line":188,"column":null}},{"start":{"line":180,"column":0},"end":{"line":188,"column":null}}]},"20":{"loc":{"start":{"line":181,"column":0},"end":{"line":185,"column":null}},"type":"if","locations":[{"start":{"line":181,"column":0},"end":{"line":185,"column":null}},{"start":{"line":181,"column":0},"end":{"line":185,"column":null}}]},"21":{"loc":{"start":{"line":183,"column":0},"end":{"line":185,"column":null}},"type":"if","locations":[{"start":{"line":183,"column":0},"end":{"line":185,"column":null}},{"start":{"line":183,"column":0},"end":{"line":185,"column":null}}]}},"s":{"0":2,"1":2,"2":5,"3":5,"4":0,"5":0,"6":0,"7":0,"8":0,"9":0,"10":0,"11":0,"12":0,"13":0,"14":0,"15":0,"16":0,"17":5,"18":0,"19":0,"20":40,"21":40,"22":0,"23":0,"24":0,"25":0,"26":0,"27":0,"28":0,"29":0,"30":0,"31":0,"32":0,"33":0,"34":0,"35":0,"36":0,"37":0,"38":0,"39":0,"40":0,"41":0,"42":0,"43":0,"44":0,"45":5,"46":5,"47":0,"48":0,"49":0,"50":0,"51":5,"52":5,"53":5,"54":5,"55":5,"56":5,"57":5,"58":0,"59":0,"60":0},"f":{"0":5,"1":5,"2":0,"3":0,"4":5,"5":0,"6":0,"7":40,"8":0,"9":0,"10":0,"11":0,"12":0,"13":0,"14":0,"15":0,"16":5,"17":0,"18":5},"b":{"0":[5,0],"1":[5,5],"2":[5,0],"3":[5,0],"4":[0,0],"5":[0,0],"6":[0,0],"7":[0,0],"8":[5,5],"9":[40,32],"10":[0,0],"11":[0,0],"12":[0,0],"13":[0,0],"14":[0,0],"15":[0,0],"16":[0,0],"17":[0,0],"18":[5,0],"19":[5,0],"20":[5,0],"21":[0,0]}}
,"/Volumes/Work/UpworkTask/Alex Zhenbacht/Dripio/dripio-control-panel-master/src/components/CustomTable.vue": {"path":"/Volumes/Work/UpworkTask/Alex Zhenbacht/Dripio/dripio-control-panel-master/src/components/CustomTable.vue","statementMap":{"0":{"start":{"line":51,"column":0},"end":{"line":51,"column":null}},"1":{"start":{"line":58,"column":0},"end":{"line":58,"column":null}},"2":{"start":{"line":59,"column":0},"end":{"line":63,"column":null}},"3":{"start":{"line":60,"column":0},"end":{"line":60,"column":null}},"4":{"start":{"line":62,"column":0},"end":{"line":62,"column":null}},"5":{"start":{"line":67,"column":0},"end":{"line":67,"column":null}},"6":{"start":{"line":68,"column":0},"end":{"line":68,"column":null}},"7":{"start":{"line":70,"column":0},"end":{"line":70,"column":null}},"8":{"start":{"line":71,"column":0},"end":{"line":73,"column":null}},"9":{"start":{"line":72,"column":0},"end":{"line":72,"column":null}},"10":{"start":{"line":75,"column":0},"end":{"line":75,"column":null}},"11":{"start":{"line":80,"column":0},"end":{"line":82,"column":null}},"12":{"start":{"line":81,"column":0},"end":{"line":81,"column":null}}},"fnMap":{"0":{"name":"data","decl":{"start":{"line":50,"column":0},"end":{"line":50,"column":null}},"loc":{"start":{"line":50,"column":0},"end":{"line":55,"column":null}}},"1":{"name":"getElementHeight","decl":{"start":{"line":57,"column":0},"end":{"line":57,"column":null}},"loc":{"start":{"line":57,"column":0},"end":{"line":64,"column":null}}},"2":{"name":"mounted","decl":{"start":{"line":66,"column":0},"end":{"line":66,"column":null}},"loc":{"start":{"line":66,"column":0},"end":{"line":83,"column":null}}}},"branchMap":{"0":{"loc":{"start":{"line":59,"column":0},"end":{"line":63,"column":null}},"type":"if","locations":[{"start":{"line":59,"column":0},"end":{"line":63,"column":null}},{"start":{"line":59,"column":0},"end":{"line":63,"column":null}}]},"1":{"loc":{"start":{"line":59,"column":0},"end":{"line":59,"column":null}},"type":"binary-expr","locations":[{"start":{"line":59,"column":0},"end":{"line":59,"column":null}},{"start":{"line":59,"column":0},"end":{"line":59,"column":null}}]},"2":{"loc":{"start":{"line":71,"column":0},"end":{"line":73,"column":null}},"type":"if","locations":[{"start":{"line":71,"column":0},"end":{"line":73,"column":null}},{"start":{"line":71,"column":0},"end":{"line":73,"column":null}}]},"3":{"loc":{"start":{"line":71,"column":0},"end":{"line":71,"column":null}},"type":"binary-expr","locations":[{"start":{"line":71,"column":0},"end":{"line":71,"column":null}},{"start":{"line":71,"column":0},"end":{"line":71,"column":null}}]},"4":{"loc":{"start":{"line":80,"column":0},"end":{"line":82,"column":null}},"type":"if","locations":[{"start":{"line":80,"column":0},"end":{"line":82,"column":null}},{"start":{"line":80,"column":0},"end":{"line":82,"column":null}}]}},"s":{"0":7,"1":28,"2":28,"3":0,"4":28,"5":7,"6":7,"7":7,"8":7,"9":7,"10":7,"11":7,"12":7},"f":{"0":7,"1":28,"2":7},"b":{"0":[0,28],"1":[28,28],"2":[7,0],"3":[7,7],"4":[7,0]}}
,"/Volumes/Work/UpworkTask/Alex Zhenbacht/Dripio/dripio-control-panel-master/src/components/Location.vue": {"path":"/Volumes/Work/UpworkTask/Alex Zhenbacht/Dripio/dripio-control-panel-master/src/components/Location.vue","statementMap":{"0":{"start":{"line":29,"column":0},"end":{"line":29,"column":null}},"1":{"start":{"line":34,"column":0},"end":{"line":34,"column":null}},"2":{"start":{"line":43,"column":0},"end":{"line":43,"column":null}},"3":{"start":{"line":44,"column":0},"end":{"line":44,"column":null}},"4":{"start":{"line":47,"column":0},"end":{"line":47,"column":null}},"5":{"start":{"line":53,"column":0},"end":{"line":53,"column":null}},"6":{"start":{"line":54,"column":0},"end":{"line":54,"column":null}},"7":{"start":{"line":58,"column":0},"end":{"line":69,"column":null}},"8":{"start":{"line":59,"column":0},"end":{"line":59,"column":null}},"9":{"start":{"line":68,"column":0},"end":{"line":68,"column":null}},"10":{"start":{"line":72,"column":0},"end":{"line":72,"column":null}},"11":{"start":{"line":73,"column":0},"end":{"line":75,"column":null}},"12":{"start":{"line":74,"column":0},"end":{"line":74,"column":null}},"13":{"start":{"line":76,"column":0},"end":{"line":76,"column":null}},"14":{"start":{"line":81,"column":0},"end":{"line":81,"column":null}},"15":{"start":{"line":84,"column":0},"end":{"line":84,"column":null}},"16":{"start":{"line":85,"column":0},"end":{"line":97,"column":null}},"17":{"start":{"line":86,"column":0},"end":{"line":86,"column":null}},"18":{"start":{"line":87,"column":0},"end":{"line":87,"column":null}},"19":{"start":{"line":89,"column":0},"end":{"line":95,"column":null}},"20":{"start":{"line":90,"column":0},"end":{"line":90,"column":null}},"21":{"start":{"line":91,"column":0},"end":{"line":95,"column":null}},"22":{"start":{"line":92,"column":0},"end":{"line":92,"column":null}},"23":{"start":{"line":94,"column":0},"end":{"line":94,"column":null}},"24":{"start":{"line":96,"column":0},"end":{"line":96,"column":null}},"25":{"start":{"line":98,"column":0},"end":{"line":98,"column":null}},"26":{"start":{"line":100,"column":0},"end":{"line":100,"column":null}},"27":{"start":{"line":101,"column":0},"end":{"line":103,"column":null}},"28":{"start":{"line":102,"column":0},"end":{"line":102,"column":null}},"29":{"start":{"line":104,"column":0},"end":{"line":106,"column":null}},"30":{"start":{"line":105,"column":0},"end":{"line":105,"column":null}},"31":{"start":{"line":109,"column":0},"end":{"line":109,"column":null}}},"fnMap":{"0":{"name":"data","decl":{"start":{"line":34,"column":0},"end":{"line":34,"column":null}},"loc":{"start":{"line":34,"column":0},"end":{"line":34,"column":null}}},"1":{"name":"isAdminView","decl":{"start":{"line":42,"column":0},"end":{"line":42,"column":null}},"loc":{"start":{"line":42,"column":0},"end":{"line":45,"column":null}}},"2":{"name":"location","decl":{"start":{"line":46,"column":0},"end":{"line":46,"column":null}},"loc":{"start":{"line":46,"column":0},"end":{"line":48,"column":null}}},"3":{"name":"updateRouteMeta","decl":{"start":{"line":52,"column":0},"end":{"line":52,"column":null}},"loc":{"start":{"line":52,"column":0},"end":{"line":55,"column":null}}},"4":{"name":"loadLocation","decl":{"start":{"line":56,"column":0},"end":{"line":56,"column":null}},"loc":{"start":{"line":56,"column":0},"end":{"line":70,"column":null}}},"5":{"name":"getScope","decl":{"start":{"line":71,"column":0},"end":{"line":71,"column":null}},"loc":{"start":{"line":71,"column":0},"end":{"line":77,"column":null}}},"6":{"name":"me","decl":{"start":{"line":80,"column":0},"end":{"line":80,"column":null}},"loc":{"start":{"line":80,"column":0},"end":{"line":82,"column":null}}},"7":{"name":"created","decl":{"start":{"line":84,"column":0},"end":{"line":84,"column":null}},"loc":{"start":{"line":84,"column":0},"end":{"line":99,"column":null}}},"8":{"name":"(anonymous_14)","decl":{"start":{"line":85,"column":0},"end":{"line":85,"column":null}},"loc":{"start":{"line":85,"column":0},"end":{"line":97,"column":null}}},"9":{"name":"mounted","decl":{"start":{"line":100,"column":0},"end":{"line":100,"column":null}},"loc":{"start":{"line":100,"column":0},"end":{"line":107,"column":null}}},"10":{"name":"(anonymous_16)","decl":{"start":{"line":101,"column":0},"end":{"line":101,"column":null}},"loc":{"start":{"line":101,"column":0},"end":{"line":103,"column":null}}},"11":{"name":"(anonymous_17)","decl":{"start":{"line":104,"column":0},"end":{"line":104,"column":null}},"loc":{"start":{"line":104,"column":0},"end":{"line":106,"column":null}}},"12":{"name":"updated","decl":{"start":{"line":108,"column":0},"end":{"line":108,"column":null}},"loc":{"start":{"line":108,"column":0},"end":{"line":110,"column":null}}}},"branchMap":{"0":{"loc":{"start":{"line":58,"column":0},"end":{"line":69,"column":null}},"type":"if","locations":[{"start":{"line":58,"column":0},"end":{"line":69,"column":null}},{"start":{"line":58,"column":0},"end":{"line":69,"column":null}}]},"1":{"loc":{"start":{"line":73,"column":0},"end":{"line":75,"column":null}},"type":"if","locations":[{"start":{"line":73,"column":0},"end":{"line":75,"column":null}},{"start":{"line":73,"column":0},"end":{"line":75,"column":null}}]},"2":{"loc":{"start":{"line":73,"column":0},"end":{"line":73,"column":null}},"type":"binary-expr","locations":[{"start":{"line":73,"column":0},"end":{"line":73,"column":null}},{"start":{"line":73,"column":0},"end":{"line":73,"column":null}}]},"3":{"loc":{"start":{"line":89,"column":0},"end":{"line":95,"column":null}},"type":"if","locations":[{"start":{"line":89,"column":0},"end":{"line":95,"column":null}},{"start":{"line":89,"column":0},"end":{"line":95,"column":null}}]},"4":{"loc":{"start":{"line":89,"column":0},"end":{"line":89,"column":null}},"type":"binary-expr","locations":[{"start":{"line":89,"column":0},"end":{"line":89,"column":null}},{"start":{"line":89,"column":0},"end":{"line":89,"column":null}}]},"5":{"loc":{"start":{"line":91,"column":0},"end":{"line":95,"column":null}},"type":"if","locations":[{"start":{"line":91,"column":0},"end":{"line":95,"column":null}},{"start":{"line":91,"column":0},"end":{"line":95,"column":null}}]},"6":{"loc":{"start":{"line":91,"column":0},"end":{"line":91,"column":null}},"type":"binary-expr","locations":[{"start":{"line":91,"column":0},"end":{"line":91,"column":null}},{"start":{"line":91,"column":0},"end":{"line":91,"column":null}}]}},"s":{"0":0,"1":0,"2":0,"3":0,"4":0,"5":0,"6":0,"7":0,"8":0,"9":0,"10":0,"11":0,"12":0,"13":0,"14":0,"15":0,"16":0,"17":0,"18":0,"19":0,"20":0,"21":0,"22":0,"23":0,"24":0,"25":0,"26":0,"27":0,"28":0,"29":0,"30":0,"31":0},"f":{"0":0,"1":0,"2":0,"3":0,"4":0,"5":0,"6":0,"7":0,"8":0,"9":0,"10":0,"11":0,"12":0},"b":{"0":[0,0],"1":[0,0],"2":[0,0],"3":[0,0],"4":[0,0],"5":[0,0],"6":[0,0]}}
,"/Volumes/Work/UpworkTask/Alex Zhenbacht/Dripio/dripio-control-panel-master/src/components/MainMenu.vue": {"path":"/Volumes/Work/UpworkTask/Alex Zhenbacht/Dripio/dripio-control-panel-master/src/components/MainMenu.vue","statementMap":{"0":{"start":{"line":154,"column":0},"end":{"line":154,"column":null}},"1":{"start":{"line":155,"column":0},"end":{"line":155,"column":null}},"2":{"start":{"line":159,"column":0},"end":{"line":159,"column":null}},"3":{"start":{"line":171,"column":0},"end":{"line":171,"column":null}},"4":{"start":{"line":172,"column":0},"end":{"line":172,"column":null}},"5":{"start":{"line":175,"column":0},"end":{"line":175,"column":null}},"6":{"start":{"line":177,"column":0},"end":{"line":177,"column":null}},"7":{"start":{"line":178,"column":0},"end":{"line":194,"column":null}},"8":{"start":{"line":180,"column":0},"end":{"line":180,"column":null}},"9":{"start":{"line":188,"column":0},"end":{"line":188,"column":null}}},"fnMap":{"0":{"name":"data","decl":{"start":{"line":158,"column":0},"end":{"line":158,"column":null}},"loc":{"start":{"line":158,"column":0},"end":{"line":162,"column":null}}},"1":{"name":"logout","decl":{"start":{"line":170,"column":0},"end":{"line":170,"column":null}},"loc":{"start":{"line":170,"column":0},"end":{"line":173,"column":null}}},"2":{"name":"hasPerm","decl":{"start":{"line":174,"column":0},"end":{"line":174,"column":null}},"loc":{"start":{"line":174,"column":0},"end":{"line":176,"column":null}}},"3":{"name":"resendConfirmation","decl":{"start":{"line":177,"column":0},"end":{"line":177,"column":null}},"loc":{"start":{"line":177,"column":0},"end":{"line":196,"column":null}}},"4":{"name":"(anonymous_10)","decl":{"start":{"line":178,"column":0},"end":{"line":178,"column":null}},"loc":{"start":{"line":178,"column":0},"end":{"line":186,"column":null}}},"5":{"name":"(anonymous_11)","decl":{"start":{"line":186,"column":0},"end":{"line":186,"column":null}},"loc":{"start":{"line":186,"column":0},"end":{"line":194,"column":null}}}},"branchMap":{},"s":{"0":2,"1":2,"2":2,"3":0,"4":0,"5":36,"6":0,"7":0,"8":0,"9":0},"f":{"0":2,"1":0,"2":36,"3":0,"4":0,"5":0},"b":{}}
,"/Volumes/Work/UpworkTask/Alex Zhenbacht/Dripio/dripio-control-panel-master/src/components/NewPassword.vue": {"path":"/Volumes/Work/UpworkTask/Alex Zhenbacht/Dripio/dripio-control-panel-master/src/components/NewPassword.vue","statementMap":{"0":{"start":{"line":58,"column":0},"end":{"line":58,"column":null}},"1":{"start":{"line":63,"column":0},"end":{"line":63,"column":null}},"2":{"start":{"line":84,"column":0},"end":{"line":84,"column":null}},"3":{"start":{"line":87,"column":0},"end":{"line":87,"column":null}},"4":{"start":{"line":90,"column":0},"end":{"line":90,"column":null}},"5":{"start":{"line":89,"column":0},"end":{"line":89,"column":null}},"6":{"start":{"line":91,"column":0},"end":{"line":95,"column":null}},"7":{"start":{"line":91,"column":0},"end":{"line":91,"column":null}},"8":{"start":{"line":92,"column":0},"end":{"line":94,"column":null}},"9":{"start":{"line":93,"column":0},"end":{"line":93,"column":null}},"10":{"start":{"line":96,"column":0},"end":{"line":102,"column":null}},"11":{"start":{"line":97,"column":0},"end":{"line":97,"column":null}},"12":{"start":{"line":98,"column":0},"end":{"line":98,"column":null}},"13":{"start":{"line":100,"column":0},"end":{"line":100,"column":null}},"14":{"start":{"line":101,"column":0},"end":{"line":101,"column":null}}},"fnMap":{"0":{"name":"data","decl":{"start":{"line":62,"column":0},"end":{"line":62,"column":null}},"loc":{"start":{"line":62,"column":0},"end":{"line":76,"column":null}}},"1":{"name":"notSamePasswords","decl":{"start":{"line":83,"column":0},"end":{"line":83,"column":null}},"loc":{"start":{"line":83,"column":0},"end":{"line":85,"column":null}}},"2":{"name":"passwordsFilled","decl":{"start":{"line":86,"column":0},"end":{"line":86,"column":null}},"loc":{"start":{"line":86,"column":0},"end":{"line":88,"column":null}}},"3":{"name":"passwordValidation","decl":{"start":{"line":89,"column":0},"end":{"line":89,"column":null}},"loc":{"start":{"line":89,"column":0},"end":{"line":103,"column":null}}}},"branchMap":{"0":{"loc":{"start":{"line":87,"column":0},"end":{"line":87,"column":null}},"type":"binary-expr","locations":[{"start":{"line":87,"column":0},"end":{"line":87,"column":null}},{"start":{"line":87,"column":0},"end":{"line":87,"column":null}}]},"1":{"loc":{"start":{"line":92,"column":0},"end":{"line":94,"column":null}},"type":"if","locations":[{"start":{"line":92,"column":0},"end":{"line":94,"column":null}},{"start":{"line":92,"column":0},"end":{"line":94,"column":null}}]},"2":{"loc":{"start":{"line":89,"column":0},"end":{"line":89,"column":null}},"type":"if","locations":[{"start":{"line":89,"column":0},"end":{"line":89,"column":null}},{"start":{"line":89,"column":0},"end":{"line":89,"column":null}}]},"3":{"loc":{"start":{"line":96,"column":0},"end":{"line":102,"column":null}},"type":"if","locations":[{"start":{"line":96,"column":0},"end":{"line":102,"column":null}},{"start":{"line":96,"column":0},"end":{"line":102,"column":null}}]},"4":{"loc":{"start":{"line":96,"column":0},"end":{"line":96,"column":null}},"type":"binary-expr","locations":[{"start":{"line":96,"column":0},"end":{"line":96,"column":null}},{"start":{"line":96,"column":0},"end":{"line":96,"column":null}}]}},"s":{"0":4,"1":5,"2":7,"3":0,"4":6,"5":42,"6":6,"7":36,"8":30,"9":29,"10":6,"11":0,"12":0,"13":6,"14":6},"f":{"0":5,"1":7,"2":0,"3":6},"b":{"0":[0,0],"1":[29,1],"2":[6,12],"3":[0,6],"4":[6,0]}}
,"/Volumes/Work/UpworkTask/Alex Zhenbacht/Dripio/dripio-control-panel-master/src/components/LocationTabs/Controllers.vue": {"path":"/Volumes/Work/UpworkTask/Alex Zhenbacht/Dripio/dripio-control-panel-master/src/components/LocationTabs/Controllers.vue","statementMap":{"0":{"start":{"line":46,"column":0},"end":{"line":46,"column":null}},"1":{"start":{"line":53,"column":0},"end":{"line":53,"column":null}},"2":{"start":{"line":58,"column":0},"end":{"line":58,"column":null}}},"fnMap":{"0":{"name":"data","decl":{"start":{"line":45,"column":0},"end":{"line":45,"column":null}},"loc":{"start":{"line":45,"column":0},"end":{"line":50,"column":null}}},"1":{"name":"getHubs","decl":{"start":{"line":52,"column":0},"end":{"line":52,"column":null}},"loc":{"start":{"line":52,"column":0},"end":{"line":54,"column":null}}},"2":{"name":"onChangeController","decl":{"start":{"line":57,"column":0},"end":{"line":57,"column":null}},"loc":{"start":{"line":57,"column":0},"end":{"line":59,"column":null}}}},"branchMap":{},"s":{"0":0,"1":0,"2":0},"f":{"0":0,"1":0,"2":0},"b":{}}
,"/Volumes/Work/UpworkTask/Alex Zhenbacht/Dripio/dripio-control-panel-master/src/components/LocationTabs/Details.vue": {"path":"/Volumes/Work/UpworkTask/Alex Zhenbacht/Dripio/dripio-control-panel-master/src/components/LocationTabs/Details.vue","statementMap":{"0":{"start":{"line":111,"column":0},"end":{"line":111,"column":null}},"1":{"start":{"line":112,"column":0},"end":{"line":112,"column":null}},"2":{"start":{"line":113,"column":0},"end":{"line":113,"column":null}},"3":{"start":{"line":119,"column":0},"end":{"line":119,"column":null}},"4":{"start":{"line":160,"column":0},"end":{"line":160,"column":null}},"5":{"start":{"line":161,"column":0},"end":{"line":161,"column":null}},"6":{"start":{"line":163,"column":0},"end":{"line":163,"column":null}},"7":{"start":{"line":164,"column":0},"end":{"line":164,"column":null}},"8":{"start":{"line":169,"column":0},"end":{"line":171,"column":null}},"9":{"start":{"line":170,"column":0},"end":{"line":170,"column":null}},"10":{"start":{"line":172,"column":0},"end":{"line":172,"column":null}},"11":{"start":{"line":175,"column":0},"end":{"line":175,"column":null}},"12":{"start":{"line":178,"column":0},"end":{"line":178,"column":null}},"13":{"start":{"line":184,"column":0},"end":{"line":186,"column":null}},"14":{"start":{"line":185,"column":0},"end":{"line":185,"column":null}},"15":{"start":{"line":188,"column":0},"end":{"line":188,"column":null}},"16":{"start":{"line":189,"column":0},"end":{"line":189,"column":null}},"17":{"start":{"line":190,"column":0},"end":{"line":192,"column":null}},"18":{"start":{"line":191,"column":0},"end":{"line":191,"column":null}},"19":{"start":{"line":193,"column":0},"end":{"line":193,"column":null}},"20":{"start":{"line":196,"column":0},"end":{"line":196,"column":null}},"21":{"start":{"line":197,"column":0},"end":{"line":197,"column":null}},"22":{"start":{"line":200,"column":0},"end":{"line":200,"column":null}},"23":{"start":{"line":201,"column":0},"end":{"line":201,"column":null}},"24":{"start":{"line":204,"column":0},"end":{"line":204,"column":null}},"25":{"start":{"line":212,"column":0},"end":{"line":212,"column":null}},"26":{"start":{"line":214,"column":0},"end":{"line":214,"column":null}},"27":{"start":{"line":215,"column":0},"end":{"line":215,"column":null}},"28":{"start":{"line":216,"column":0},"end":{"line":246,"column":null}},"29":{"start":{"line":217,"column":0},"end":{"line":217,"column":null}},"30":{"start":{"line":219,"column":0},"end":{"line":245,"column":null}},"31":{"start":{"line":220,"column":0},"end":{"line":220,"column":null}},"32":{"start":{"line":227,"column":0},"end":{"line":227,"column":null}},"33":{"start":{"line":228,"column":0},"end":{"line":243,"column":null}},"34":{"start":{"line":230,"column":0},"end":{"line":230,"column":null}},"35":{"start":{"line":237,"column":0},"end":{"line":237,"column":null}},"36":{"start":{"line":249,"column":0},"end":{"line":249,"column":null}},"37":{"start":{"line":250,"column":0},"end":{"line":252,"column":null}},"38":{"start":{"line":251,"column":0},"end":{"line":251,"column":null}},"39":{"start":{"line":253,"column":0},"end":{"line":253,"column":null}},"40":{"start":{"line":256,"column":0},"end":{"line":256,"column":null}},"41":{"start":{"line":257,"column":0},"end":{"line":257,"column":null}},"42":{"start":{"line":266,"column":0},"end":{"line":275,"column":null}},"43":{"start":{"line":267,"column":0},"end":{"line":267,"column":null}},"44":{"start":{"line":274,"column":0},"end":{"line":274,"column":null}},"45":{"start":{"line":280,"column":0},"end":{"line":280,"column":null}},"46":{"start":{"line":281,"column":0},"end":{"line":287,"column":null}},"47":{"start":{"line":286,"column":0},"end":{"line":286,"column":null}},"48":{"start":{"line":292,"column":0},"end":{"line":295,"column":null}},"49":{"start":{"line":293,"column":0},"end":{"line":293,"column":null}},"50":{"start":{"line":294,"column":0},"end":{"line":294,"column":null}},"51":{"start":{"line":299,"column":0},"end":{"line":299,"column":null}},"52":{"start":{"line":301,"column":0},"end":{"line":301,"column":null}},"53":{"start":{"line":302,"column":0},"end":{"line":311,"column":null}},"54":{"start":{"line":303,"column":0},"end":{"line":303,"column":null}},"55":{"start":{"line":308,"column":0},"end":{"line":308,"column":null}},"56":{"start":{"line":312,"column":0},"end":{"line":312,"column":null}},"57":{"start":{"line":313,"column":0},"end":{"line":313,"column":null}},"58":{"start":{"line":316,"column":0},"end":{"line":316,"column":null}}},"fnMap":{"0":{"name":"data","decl":{"start":{"line":118,"column":0},"end":{"line":118,"column":null}},"loc":{"start":{"line":118,"column":0},"end":{"line":145,"column":null}}},"1":{"name":"isAdminView","decl":{"start":{"line":159,"column":0},"end":{"line":159,"column":null}},"loc":{"start":{"line":159,"column":0},"end":{"line":162,"column":null}}},"2":{"name":"usersL
[...]
,"/Volumes/Work/UpworkTask/Alex Zhenbacht/Dripio/dripio-control-panel-master/src/store/locations/state.js": {"path":"/Volumes/Work/UpworkTask/Alex Zhenbacht/Dripio/dripio-control-panel-master/src/store/locations/state.js","statementMap":{},"fnMap":{},"branchMap":{},"s":{},"f":{},"b":{},"_coverageSchema":"43e27e138ebf9cfc5966b082cf9a028302ed4184","hash":"7e24c718199378d7348ebed97ca8a90827d38c0c"}
,"/Volumes/Work/UpworkTask/Alex Zhenbacht/Dripio/dripio-control-panel-master/src/store/logs/actions.js": {"path":"/Volumes/Work/UpworkTask/Alex Zhenbacht/Dripio/dripio-control-panel-master/src/store/logs/actions.js","statementMap":{"0":{"start":{"line":3,"column":2},"end":{"line":3,"column":38}},"1":{"start":{"line":8,"column":2},"end":{"line":8,"column":38}}},"fnMap":{"0":{"name":"importLogEntry","decl":{"start":{"line":2,"column":16},"end":{"line":2,"column":30}},"loc":{"start":{"line":2,"column":45},"end":{"line":4,"column":1}},"line":2},"1":{"name":"create","decl":{"start":{"line":7,"column":16},"end":{"line":7,"column":22}},"loc":{"start":{"line":7,"column":37},"end":{"line":9,"column":1}},"line":7}},"branchMap":{},"s":{"0":2,"1":0},"f":{"0":2,"1":0},"b":{},"_coverageSchema":"43e27e138ebf9cfc5966b082cf9a028302ed4184","hash":"3f54b5c161b3a497dc2bfacc7e1ac6b84458dd1b"}
,"/Volumes/Work/UpworkTask/Alex Zhenbacht/Dripio/dripio-control-panel-master/src/store/logs/getters.js": {"path":"/Volumes/Work/UpworkTask/Alex Zhenbacht/Dripio/dripio-control-panel-master/src/store/logs/getters.js","statementMap":{"0":{"start":{"line":2,"column":2},"end":{"line":2,"column":22}},"1":{"start":{"line":6,"column":2},"end":{"line":6,"column":82}},"2":{"start":{"line":6,"column":25},"end":{"line":6,"column":82}},"3":{"start":{"line":6,"column":54},"end":{"line":6,"column":81}}},"fnMap":{"0":{"name":"all","decl":{"start":{"line":1,"column":16},"end":{"line":1,"column":19}},"loc":{"start":{"line":1,"column":28},"end":{"line":3,"column":1}},"line":1},"1":{"name":"byReporterId","decl":{"start":{"line":5,"column":16},"end":{"line":5,"column":28}},"loc":{"start":{"line":5,"column":46},"end":{"line":7,"column":1}},"line":5},"2":{"name":"(anonymous_2)","decl":{"start":{"line":6,"column":9},"end":{"line":6,"column":10}},"loc":{"start":{"line":6,"column":25},"end":{"line":6,"column":82}},"line":6},"3":{"name":"(anonymous_3)","decl":{"start":{"line":6,"column":47},"end":{"line":6,"column":48}},"loc":{"start":{"line":6,"column":54},"end":{"line":6,"column":81}},"line":6}},"branchMap":{},"s":{"0":2,"1":3,"2":3,"3":2},"f":{"0":2,"1":3,"2":3,"3":2},"b":{},"_coverageSchema":"43e27e138ebf9cfc5966b082cf9a028302ed4184","hash":"4cb426e43405bdef0321fc48df09b58204d1bbd7"}
,"/Volumes/Work/UpworkTask/Alex Zhenbacht/Dripio/dripio-control-panel-master/src/store/logs/index.js": {"path":"/Volumes/Work/UpworkTask/Alex Zhenbacht/Dripio/dripio-control-panel-master/src/store/logs/index.js","statementMap":{},"fnMap":{},"branchMap":{},"s":{},"f":{},"b":{},"_coverageSchema":"43e27e138ebf9cfc5966b082cf9a028302ed4184","hash":"a77392b1f4ed5193bc792f10cf169e88fde100fb"}
,"/Volumes/Work/UpworkTask/Alex Zhenbacht/Dripio/dripio-control-panel-master/src/store/logs/mutations.js": {"path":"/Volumes/Work/UpworkTask/Alex Zhenbacht/Dripio/dripio-control-panel-master/src/store/logs/mutations.js","statementMap":{"0":{"start":{"line":2,"column":2},"end":{"line":2,"column":26}}},"fnMap":{"0":{"name":"importLogEntry","decl":{"start":{"line":1,"column":16},"end":{"line":1,"column":30}},"loc":{"start":{"line":1,"column":45},"end":{"line":3,"column":1}},"line":1}},"branchMap":{},"s":{"0":1},"f":{"0":1},"b":{},"_coverageSchema":"43e27e138ebf9cfc5966b082cf9a028302ed4184","hash":"b9434111eedd95940550ff2be47d13487d34c5c4"}
,"/Volumes/Work/UpworkTask/Alex Zhenbacht/Dripio/dripio-control-panel-master/src/store/logs/state.js": {"path":"/Volumes/Work/UpworkTask/Alex Zhenbacht/Dripio/dripio-control-panel-master/src/store/logs/state.js","statementMap":{},"fnMap":{},"branchMap":{},"s":{},"f":{},"b":{},"_coverageSchema":"43e27e138ebf9cfc5966b082cf9a028302ed4184","hash":"9dda72d00a974b281cca262ccea0ee33e8cff416"}
,"/Volumes/Work/UpworkTask/Alex Zhenbacht/Dripio/dripio-control-panel-master/src/store/users/actions.js": {"path":"/Volumes/Work/UpworkTask/Alex Zhenbacht/Dripio/dripio-control-panel-master/src/store/users/actions.js","statementMap":{"0":{"start":{"line":4,"column":2},"end":{"line":16,"column":4}},"1":{"start":{"line":5,"column":4},"end":{"line":15,"column":5}},"2":{"start":{"line":7,"column":8},"end":{"line":7,"column":50}},"3":{"start":{"line":8,"column":8},"end":{"line":8,"column":17}},"4":{"start":{"line":12,"column":8},"end":{"line":12,"column":29}},"5":{"start":{"line":13,"column":8},"end":{"line":13,"column":16}},"6":{"start":{"line":20,"column":2},"end":{"line":32,"column":4}},"7":{"start":{"line":21,"column":4},"end":{"line":31,"column":5}},"8":{"start":{"line":23,"column":8},"end":{"line":23,"column":49}},"9":{"start":{"line":24,"column":8},"end":{"line":24,"column":17}},"10":{"start":{"line":28,"column":8},"end":{"line":28,"column":29}},"11":{"start":{"line":29,"column":8},"end":{"line":29,"column":16}},"12":{"start":{"line":36,"column":2},"end":{"line":36,"column":34}},"13":{"start":{"line":39,"column":2},"end":{"line":39,"column":36}},"14":{"start":{"line":43,"column":2},"end":{"line":47,"column":4}},"15":{"start":{"line":44,"column":4},"end":{"line":46,"column":23}},"16":{"start":{"line":45,"column":6},"end":{"line":45,"column":38}},"17":{"start":{"line":51,"column":2},"end":{"line":56,"column":4}},"18":{"start":{"line":52,"column":4},"end":{"line":55,"column":14}},"19":{"start":{"line":53,"column":6},"end":{"line":53,"column":47}},"20":{"start":{"line":54,"column":6},"end":{"line":54,"column":15}},"21":{"start":{"line":60,"column":2},"end":{"line":68,"column":4}},"22":{"start":{"line":61,"column":4},"end":{"line":67,"column":5}},"23":{"start":{"line":63,"column":8},"end":{"line":63,"column":42}},"24":{"start":{"line":64,"column":8},"end":{"line":64,"column":17}}},"fnMap":{"0":{"name":"loadUsers","decl":{"start":{"line":3,"column":16},"end":{"line":3,"column":25}},"loc":{"start":{"line":3,"column":33},"end":{"line":17,"column":1}},"line":3},"1":{"name":"(anonymous_1)","decl":{"start":{"line":4,"column":21},"end":{"line":4,"column":22}},"loc":{"start":{"line":4,"column":42},"end":{"line":16,"column":3}},"line":4},"2":{"name":"(anonymous_2)","decl":{"start":{"line":6,"column":6},"end":{"line":6,"column":7}},"loc":{"start":{"line":6,"column":18},"end":{"line":9,"column":7}},"line":6},"3":{"name":"(anonymous_3)","decl":{"start":{"line":10,"column":6},"end":{"line":10,"column":7}},"loc":{"start":{"line":10,"column":18},"end":{"line":14,"column":7}},"line":10},"4":{"name":"loadUser","decl":{"start":{"line":19,"column":16},"end":{"line":19,"column":24}},"loc":{"start":{"line":19,"column":44},"end":{"line":33,"column":1}},"line":19},"5":{"name":"(anonymous_5)","decl":{"start":{"line":20,"column":21},"end":{"line":20,"column":22}},"loc":{"start":{"line":20,"column":42},"end":{"line":32,"column":3}},"line":20},"6":{"name":"(anonymous_6)","decl":{"start":{"line":22,"column":6},"end":{"line":22,"column":7}},"loc":{"start":{"line":22,"column":18},"end":{"line":25,"column":7}},"line":22},"7":{"name":"(anonymous_7)","decl":{"start":{"line":26,"column":6},"end":{"line":26,"column":7}},"loc":{"start":{"line":26,"column":18},"end":{"line":30,"column":7}},"line":26},"8":{"name":"importUser","decl":{"start":{"line":35,"column":16},"end":{"line":35,"column":26}},"loc":{"start":{"line":35,"column":40},"end":{"line":37,"column":1}},"line":35},"9":{"name":"importUsers","decl":{"start":{"line":38,"column":16},"end":{"line":38,"column":27}},"loc":{"start":{"line":38,"column":42},"end":{"line":40,"column":1}},"line":38},"10":{"name":"update","decl":{"start":{"line":42,"column":16},"end":{"line":42,"column":22}},"loc":{"start":{"line":42,"column":36},"end":{"line":48,"column":1}},"line":42},"11":{"name":"(anonymous_11)","decl":{"start":{"line":43,"column":21},"end":{"line":43,"column":22}},"loc":{"start":{"line":43,"column":42},"end":{"line":47,"column":3}},"line":43},"12":{"name":"(anonymous_12)","decl":{"start":{"line":44,"column":38},"end":{"line":44,"column":39}},"loc":{"start":{"line":44,"column":50},"end":{"line":46,"column":5}},"line":44},"13":{"name":"(anonymous_13)","decl":{"start":{"line":46,"column":7},"end":{"line":46,"column":8}},"loc":{"start":{"line":46,"column":19},"end":{"line":46,"column":22}},"line":46},"14":{"name":"create","decl":{"start":{"line":50,"column":16},"end":{"line":50,"column":22}},"loc":{"start":{"line":50,"column":40},"end":{"line":57,"column":1}},"line":50},"15":{"name":"(anonymous_15)","decl":{"start":{"line":51,"column":21},"end":{"line":51,"column":22}},"loc":{"start":{"line":51,"column":42},"end":{"line":56,"column":3}},"line":51},"16":{"name":"(anonymous_16)","decl":{"start":{"line":52,"column":27},"end":{"line":52,"column":28}},"loc":{"start":{"line":52,"column":39},"end":{"line":55,"column":5}},"line":52},"17":{"name":"destroy","decl":{"start":{"line":59,"column":16},"end":{"line":59,"column":23}},"loc":{"start":{"line":59,"column":43},"end":{"line":69,"column":1}},"line":59},"18":{"name":"(anonymous_18)","decl":{"start":{"line":60,"column":21},"end":{"line":60,"column":22}},"loc":{"start":{"line":60,"column":42},"end":{"line":68,"column":3}},"line":60},"19":{"name":"(anonymous_19)","decl":{"start":{"line":62,"column":6},"end":{"line":62,"column":7}},"loc":{"start":{"line":62,"column":18},"end":{"line":65,"column":7}},"line":62},"20":{"name":"(anonymous_20)","decl":{"start":{"line":66,"column":6},"end":{"line":66,"column":7}},"loc":{"start":{"line":66,"column":18},"end":{"line":66,"column":21}},"line":66}},"branchMap":{},"s":{"0":1,"1":1,"2":1,"3":1,"4":0,"5":0,"6":1,"7":1,"8":1,"9":1,"10":0,"11":0,"12":1,"13":1,"14":1,"15":1,"16":1,"17":1,"18":1,"19":1,"20":1,"21":1,"22":1,"23":1,"24":1},"f":{"0":1,"1":1,"2":1,"3":0,"4":1,"5":1,"6":1,"7":0,"8":1,"9":1,"10":1,"11":1,"12":1,"13":0,"14":1,"15":1,"16":1,"17":1,"18":1,"19":1,"20":0},"b":{},"_coverageSchema":"43e27e138ebf9cfc5966b082cf9a028302ed4184","hash":"b7d822a6db3f6c9a0ea69bb0fb6c17ca10bdba06"}
,"/Volumes/Work/UpworkTask/Alex Zhenbacht/Dripio/dripio-control-panel-master/src/store/users/getters.js": {"path":"/Volumes/Work/UpworkTask/Alex Zhenbacht/Dripio/dripio-control-panel-master/src/store/users/getters.js","statementMap":{"0":{"start":{"line":2,"column":2},"end":{"line":2,"column":35}},"1":{"start":{"line":13,"column":2},"end":{"line":13,"column":11}},"2":{"start":{"line":17,"column":2},"end":{"line":17,"column":41}},"3":{"start":{"line":17,"column":17},"end":{"line":17,"column":41}}},"fnMap":{"0":{"name":"all","decl":{"start":{"line":1,"column":16},"end":{"line":1,"column":19}},"loc":{"start":{"line":1,"column":28},"end":{"line":3,"column":1}},"line":1},"1":{"name":"my","decl":{"start":{"line":5,"column":16},"end":{"line":5,"column":18}},"loc":{"start":{"line":5,"column":60},"end":{"line":14,"column":1}},"line":5},"2":{"name":"byId","decl":{"start":{"line":16,"column":16},"end":{"line":16,"column":20}},"loc":{"start":{"line":16,"column":29},"end":{"line":18,"column":1}},"line":16},"3":{"name":"(anonymous_3)","decl":{"start":{"line":17,"column":9},"end":{"line":17,"column":10}},"loc":{"start":{"line":17,"column":17},"end":{"line":17,"column":41}},"line":17}},"branchMap":{"0":{"loc":{"start":{"line":17,"column":17},"end":{"line":17,"column":41}},"type":"binary-expr","locations":[{"start":{"line":17,"column":17},"end":{"line":17,"column":32}},{"start":{"line":17,"column":36},"end":{"line":17,"column":41}}],"line":17}},"s":{"0":3,"1":0,"2":18,"3":18},"f":{"0":3,"1":0,"2":18,"3":18},"b":{"0":[18,17]},"_coverageSchema":"43e27e138ebf9cfc5966b082cf9a028302ed4184","hash":"0b161cd8f3e2e29a5ca7c383e919841aa2867297"}
,"/Volumes/Work/UpworkTask/Alex Zhenbacht/Dripio/dripio-control-panel-master/src/store/users/index.js": {"path":"/Volumes/Work/UpworkTask/Alex Zhenbacht/Dripio/dripio-control-panel-master/src/store/users/index.js","statementMap":{},"fnMap":{},"branchMap":{},"s":{},"f":{},"b":{},"_coverageSchema":"43e27e138ebf9cfc5966b082cf9a028302ed4184","hash":"b10715741fae1e31b3f06d9e9a6676ecd632ccde"}
,"/Volumes/Work/UpworkTask/Alex Zhenbacht/Dripio/dripio-control-panel-master/src/store/users/mutations.js": {"path":"/Volumes/Work/UpworkTask/Alex Zhenbacht/Dripio/dripio-control-panel-master/src/store/users/mutations.js","statementMap":{"0":{"start":{"line":4,"column":2},"end":{"line":6,"column":3}},"1":{"start":{"line":5,"column":4},"end":{"line":5,"column":45}},"2":{"start":{"line":10,"column":2},"end":{"line":12,"column":3}},"3":{"start":{"line":10,"column":15},"end":{"line":10,"column":16}},"4":{"start":{"line":11,"column":4},"end":{"line":11,"column":34}},"5":{"start":{"line":16,"column":2},"end":{"line":16,"column":33}}},"fnMap":{"0":{"name":"importUser","decl":{"start":{"line":3,"column":16},"end":{"line":3,"column":26}},"loc":{"start":{"line":3,"column":44},"end":{"line":7,"column":1}},"line":3},"1":{"name":"importUsers","decl":{"start":{"line":9,"column":16},"end":{"line":9,"column":27}},"loc":{"start":{"line":9,"column":46},"end":{"line":13,"column":1}},"line":9},"2":{"name":"removeUser","decl":{"start":{"line":15,"column":16},"end":{"line":15,"column":26}},"loc":{"start":{"line":15,"column":43},"end":{"line":17,"column":1}},"line":15}},"branchMap":{"0":{"loc":{"start":{"line":4,"column":2},"end":{"line":6,"column":3}},"type":"if","locations":[{"start":{"line":4,"column":2},"end":{"line":6,"column":3}},{"start":{"line":4,"column":2},"end":{"line":6,"column":3}}],"line":4}},"s":{"0":3,"1":3,"2":1,"3":1,"4":2,"5":1},"f":{"0":3,"1":1,"2":1},"b":{"0":[3,0]},"_coverageSchema":"43e27e138ebf9cfc5966b082cf9a028302ed4184","hash":"dc753fb297b857c58fb92878e24568d870c64fc5"}
,"/Volumes/Work/UpworkTask/Alex Zhenbacht/Dripio/dripio-control-panel-master/src/store/users/state.js": {"path":"/Volumes/Work/UpworkTask/Alex Zhenbacht/Dripio/dripio-control-panel-master/src/store/users/state.js","statementMap":{},"fnMap":{},"branchMap":{},"s":{},"f":{},"b":{},"_coverageSchema":"43e27e138ebf9cfc5966b082cf9a028302ed4184","hash":"7916ab9552dccdc297f3078deab503ee7524dbb7"}
,"/Volumes/Work/UpworkTask/Alex Zhenbacht/Dripio/dripio-control-panel-master/src/store/weather/actions.js": {"path":"/Volumes/Work/UpworkTask/Alex Zhenbacht/Dripio/dripio-control-panel-master/src/store/weather/actions.js","statementMap":{"0":{"start":{"line":4,"column":2},"end":{"line":28,"column":4}},"1":{"start":{"line":6,"column":4},"end":{"line":8,"column":5}},"2":{"start":{"line":7,"column":6},"end":{"line":7,"column":76}},"3":{"start":{"line":9,"column":4},"end":{"line":27,"column":5}},"4":{"start":{"line":10,"column":6},"end":{"line":10,"column":19}},"5":{"start":{"line":12,"column":6},"end":{"line":26,"column":7}},"6":{"start":{"line":14,"column":23},"end":{"line":17,"column":11}},"7":{"start":{"line":18,"column":10},"end":{"line":18,"column":44}},"8":{"start":{"line":19,"column":10},"end":{"line":19,"column":27}},"9":{"start":{"line":23,"column":10},"end":{"line":23,"column":31}},"10":{"start":{"line":24,"column":10},"end":{"line":24,"column":26}}},"fnMap":{"0":{"name":"getWeather","decl":{"start":{"line":3,"column":16},"end":{"line":3,"column":26}},"loc":{"start":{"line":3,"column":57},"end":{"line":29,"column":1}},"line":3},"1":{"name":"(anonymous_1)","decl":{"start":{"line":4,"column":21},"end":{"line":4,"column":22}},"loc":{"start":{"line":4,"column":42},"end":{"line":28,"column":3}},"line":4},"2":{"name":"(anonymous_2)","decl":{"start":{"line":13,"column":8},"end":{"line":13,"column":9}},"loc":{"start":{"line":13,"column":20},"end":{"line":20,"column":9}},"line":13},"3":{"name":"(anonymous_3)","decl":{"start":{"line":21,"column":8},"end":{"line":21,"column":9}},"loc":{"start":{"line":21,"column":20},"end":{"line":25,"column":9}},"line":21}},"branchMap":{"0":{"loc":{"start":{"line":6,"column":4},"end":{"line":8,"column":5}},"type":"if","locations":[{"start":{"line":6,"column":4},"end":{"line":8,"column":5}},{"start":{"line":6,"column":4},"end":{"line":8,"column":5}}],"line":6},"1":{"loc":{"start":{"line":6,"column":8},"end":{"line":6,"column":29}},"type":"binary-expr","locations":[{"start":{"line":6,"column":8},"end":{"line":6,"column":15}},{"start":{"line":6,"column":19},"end":{"line":6,"column":29}}],"line":6},"2":{"loc":{"start":{"line":9,"column":4},"end":{"line":27,"column":5}},"type":"if","locations":[{"start":{"line":9,"column":4},"end":{"line":27,"column":5}},{"start":{"line":9,"column":4},"end":{"line":27,"column":5}}],"line":9},"3":{"loc":{"start":{"line":9,"column":8},"end":{"line":9,"column":48}},"type":"binary-expr","locations":[{"start":{"line":9,"column":8},"end":{"line":9,"column":35}},{"start":{"line":9,"column":39},"end":{"line":9,"column":48}}],"line":9}},"s":{"0":3,"1":3,"2":3,"3":3,"4":1,"5":2,"6":2,"7":2,"8":2,"9":0,"10":0},"f":{"0":3,"1":3,"2":2,"3":0},"b":{"0":[3,0],"1":[3,3],"2":[1,2],"3":[3,3]},"_coverageSchema":"43e27e138ebf9cfc5966b082cf9a028302ed4184","hash":"d68c7173f107dbf92f55ba167288338c9dae6fc8"}
,"/Volumes/Work/UpworkTask/Alex Zhenbacht/Dripio/dripio-control-panel-master/src/store/weather/getters.js": {"path":"/Volumes/Work/UpworkTask/Alex Zhenbacht/Dripio/dripio-control-panel-master/src/store/weather/getters.js","statementMap":{"0":{"start":{"line":2,"column":2},"end":{"line":2,"column":43}},"1":{"start":{"line":2,"column":16},"end":{"line":2,"column":42}}},"fnMap":{"0":{"name":"weatherById","decl":{"start":{"line":1,"column":16},"end":{"line":1,"column":27}},"loc":{"start":{"line":1,"column":35},"end":{"line":3,"column":1}},"line":1},"1":{"name":"(anonymous_1)","decl":{"start":{"line":2,"column":9},"end":{"line":2,"column":10}},"loc":{"start":{"line":2,"column":16},"end":{"line":2,"column":42}},"line":2}},"branchMap":{"0":{"loc":{"start":{"line":2,"column":16},"end":{"line":2,"column":42}},"type":"binary-expr","locations":[{"start":{"line":2,"column":16},"end":{"line":2,"column":33}},{"start":{"line":2,"column":37},"end":{"line":2,"column":42}}],"line":2}},"s":{"0":2,"1":2},"f":{"0":2,"1":2},"b":{"0":[2,1]},"_coverageSchema":"43e27e138ebf9cfc5966b082cf9a028302ed4184","hash":"93e94d7907b0af7bced823cdf38c3415870c9d6c"}
,"/Volumes/Work/UpworkTask/Alex Zhenbacht/Dripio/dripio-control-panel-master/src/store/weather/index.js": {"path":"/Volumes/Work/UpworkTask/Alex Zhenbacht/Dripio/dripio-control-panel-master/src/store/weather/index.js","statementMap":{},"fnMap":{},"branchMap":{},"s":{},"f":{},"b":{},"_coverageSchema":"43e27e138ebf9cfc5966b082cf9a028302ed4184","hash":"923dc9808d208044e653e7d491055b0cb296be5a"}
,"/Volumes/Work/UpworkTask/Alex Zhenbacht/Dripio/dripio-control-panel-master/src/store/weather/mutations.js": {"path":"/Volumes/Work/UpworkTask/Alex Zhenbacht/Dripio/dripio-control-panel-master/src/store/weather/mutations.js","statementMap":{"0":{"start":{"line":4,"column":2},"end":{"line":6,"column":3}},"1":{"start":{"line":5,"column":4},"end":{"line":5,"column":47}}},"fnMap":{"0":{"name":"fetchWeather","decl":{"start":{"line":3,"column":16},"end":{"line":3,"column":28}},"loc":{"start":{"line":3,"column":61},"end":{"line":7,"column":1}},"line":3}},"branchMap":{"0":{"loc":{"start":{"line":4,"column":2},"end":{"line":6,"column":3}},"type":"if","locations":[{"start":{"line":4,"column":2},"end":{"line":6,"column":3}},{"start":{"line":4,"column":2},"end":{"line":6,"column":3}}],"line":4}},"s":{"0":1,"1":1},"f":{"0":1},"b":{"0":[1,0]},"_coverageSchema":"43e27e138ebf9cfc5966b082cf9a028302ed4184","hash":"9d9e314eac5e8c61381802e7f2613821600402de"}
,"/Volumes/Work/UpworkTask/Alex Zhenbacht/Dripio/dripio-control-panel-master/src/store/weather/state.js": {"path":"/Volumes/Work/UpworkTask/Alex Zhenbacht/Dripio/dripio-control-panel-master/src/store/weather/state.js","statementMap":{},"fnMap":{},"branchMap":{},"s":{},"f":{},"b":{},"_coverageSchema":"43e27e138ebf9cfc5966b082cf9a028302ed4184","hash":"d202d3c9f9e6408d92611aa3548d042a98a6e2c1"}
}
