TN:
SF:/Volumes/Work/UpworkTask/Alex Zhenbacht/Dripio/dripio-control-panel-master/src/boot/axios.js
FN:3,(anonymous_0)
FNF:1
FNH:0
FNDA:0,(anonymous_0)
DA:4,0
LF:1
LH:0
BRF:0
BRH:0
end_of_record
TN:
SF:/Volumes/Work/UpworkTask/Alex Zhenbacht/Dripio/dripio-control-panel-master/src/boot/socket.js
FN:5,handleMessage
FN:21,(anonymous_1)
FN:23,(anonymous_2)
FN:28,(anonymous_3)
FN:32,(anonymous_4)
FN:37,(anonymous_5)
FN:47,(anonymous_6)
FN:53,(anonymous_7)
FNF:8
FNH:0
FNDA:0,handleMessage
FNDA:0,(anonymous_1)
FNDA:0,(anonymous_2)
FNDA:0,(anonymous_3)
FNDA:0,(anonymous_4)
FNDA:0,(anonymous_5)
FNDA:0,(anonymous_6)
FNDA:0,(anonymous_7)
DA:3,0
DA:6,0
DA:7,0
DA:9,0
DA:10,0
DA:13,0
DA:14,0
DA:22,0
DA:24,0
DA:28,0
DA:30,0
DA:32,0
DA:34,0
DA:35,0
DA:37,0
DA:38,0
DA:39,0
DA:42,0
DA:44,0
DA:47,0
DA:49,0
DA:54,0
DA:58,0
LF:23
LH:0
BRDA:6,0,0,0
BRDA:6,0,1,0
BRDA:7,1,0,0
BRDA:7,1,1,0
BRDA:7,1,2,0
BRF:5
BRH:0
end_of_record
TN:
SF:/Volumes/Work/UpworkTask/Alex Zhenbacht/Dripio/dripio-control-panel-master/src/boot/vuelidate.js
FN:3,(anonymous_0)
FNF:1
FNH:0
FNDA:0,(anonymous_0)
DA:4,0
LF:1
LH:0
BRF:0
BRH:0
end_of_record
TN:
SF:/Volumes/Work/UpworkTask/Alex Zhenbacht/Dripio/dripio-control-panel-master/src/boot/api/auth.js
FN:4,(anonymous_0)
FN:8,(anonymous_1)
FN:12,(anonymous_2)
FN:16,(anonymous_3)
FN:20,(anonymous_4)
FNF:5
FNH:0
FNDA:0,(anonymous_0)
FNDA:0,(anonymous_1)
FNDA:0,(anonymous_2)
FNDA:0,(anonymous_3)
FNDA:0,(anonymous_4)
DA:5,0
DA:9,0
DA:13,0
DA:17,0
DA:21,0
LF:5
LH:0
BRF:0
BRH:0
end_of_record
TN:
SF:/Volumes/Work/UpworkTask/Alex Zhenbacht/Dripio/dripio-control-panel-master/src/boot/api/device-models.js
FN:4,(anonymous_0)
FN:10,(anonymous_1)
FN:16,(anonymous_2)
FN:22,(anonymous_3)
FN:28,(anonymous_4)
FNF:5
FNH:1
FNDA:3,(anonymous_0)
FNDA:0,(anonymous_1)
FNDA:0,(anonymous_2)
FNDA:0,(anonymous_3)
FNDA:0,(anonymous_4)
DA:5,3
DA:7,3
DA:11,0
DA:13,0
DA:17,0
DA:19,0
DA:23,0
DA:25,0
DA:29,0
DA:31,0
LF:10
LH:2
BRF:0
BRH:0
end_of_record
TN:
SF:/Volumes/Work/UpworkTask/Alex Zhenbacht/Dripio/dripio-control-panel-master/src/boot/api/device-software.js
FN:4,(anonymous_0)
FN:12,(anonymous_1)
FN:20,(anonymous_2)
FN:28,(anonymous_3)
FNF:4
FNH:0
FNDA:0,(anonymous_0)
FNDA:0,(anonymous_1)
FNDA:0,(anonymous_2)
FNDA:0,(anonymous_3)
DA:5,0
DA:7,0
DA:9,0
DA:13,0
DA:15,0
DA:17,0
DA:21,0
DA:23,0
DA:25,0
DA:29,0
DA:31,0
DA:33,0
LF:12
LH:0
BRF:0
BRH:0
end_of_record
TN:
SF:/Volumes/Work/UpworkTask/Alex Zhenbacht/Dripio/dripio-control-panel-master/src/boot/api/device-types.js
FN:4,(anonymous_0)
FN:12,(anonymous_1)
FN:18,(anonymous_2)
FN:24,(anonymous_3)
FN:30,(anonymous_4)
FNF:5
FNH:0
FNDA:0,(anonymous_0)
FNDA:0,(anonymous_1)
FNDA:0,(anonymous_2)
FNDA:0,(anonymous_3)
FNDA:0,(anonymous_4)
DA:5,0
DA:7,0
DA:9,0
DA:13,0
DA:15,0
DA:19,0
DA:21,0
DA:25,0
DA:27,0
DA:31,0
DA:33,0
LF:11
LH:0
BRF:0
BRH:0
end_of_record
TN:
SF:/Volumes/Work/UpworkTask/Alex Zhenbacht/Dripio/dripio-control-panel-master/src/boot/api/devices.js
FN:4,(anonymous_0)
FN:18,(anonymous_1)
FN:32,(anonymous_2)
FN:46,(anonymous_3)
FN:60,(anonymous_4)
FNF:5
FNH:0
FNDA:0,(anonymous_0)
FNDA:0,(anonymous_1)
FNDA:0,(anonymous_2)
FNDA:0,(anonymous_3)
FNDA:0,(anonymous_4)
DA:5,0
DA:7,0
DA:8,0
DA:9,0
DA:10,0
DA:12,0
DA:15,0
DA:19,0
DA:21,0
DA:22,0
DA:23,0
DA:24,0
DA:26,0
DA:29,0
DA:33,0
DA:35,0
DA:36,0
DA:37,0
DA:38,0
DA:40,0
DA:43,0
DA:47,0
DA:49,0
DA:50,0
DA:51,0
DA:52,0
DA:54,0
DA:57,0
DA:61,0
DA:63,0
DA:64,0
DA:65,0
DA:66,0
DA:68,0
DA:71,0
LF:35
LH:0
BRDA:7,0,0,0
BRDA:7,0,1,0
BRDA:9,1,0,0
BRDA:9,1,1,0
BRDA:21,2,0,0
BRDA:21,2,1,0
BRDA:23,3,0,0
BRDA:23,3,1,0
BRDA:35,4,0,0
BRDA:35,4,1,0
BRDA:37,5,0,0
BRDA:37,5,1,0
BRDA:49,6,0,0
BRDA:49,6,1,0
BRDA:51,7,0,0
BRDA:51,7,1,0
BRDA:63,8,0,0
BRDA:63,8,1,0
BRDA:65,9,0,0
BRDA:65,9,1,0
BRF:20
BRH:0
end_of_record
TN:
SF:/Volumes/Work/UpworkTask/Alex Zhenbacht/Dripio/dripio-control-panel-master/src/boot/api/hubs.js
FN:4,(anonymous_0)
FN:5,(anonymous_1)
FNF:2
FNH:0
FNDA:0,(anonymous_0)
FNDA:0,(anonymous_1)
DA:5,0
DA:6,0
LF:2
LH:0
BRF:0
BRH:0
end_of_record
TN:
SF:/Volumes/Work/UpworkTask/Alex Zhenbacht/Dripio/dripio-control-panel-master/src/boot/api/index.js
FN:29,(anonymous_0)
FNF:1
FNH:0
FNDA:0,(anonymous_0)
DA:12,25
DA:30,0
LF:2
LH:1
BRF:0
BRH:0
end_of_record
TN:
SF:/Volumes/Work/UpworkTask/Alex Zhenbacht/Dripio/dripio-control-panel-master/src/boot/api/locations.js
FN:4,(anonymous_0)
FN:13,(anonymous_1)
FN:22,(anonymous_2)
FN:31,(anonymous_3)
FN:41,(anonymous_4)
FNF:5
FNH:0
FNDA:0,(anonymous_0)
FNDA:0,(anonymous_1)
FNDA:0,(anonymous_2)
FNDA:0,(anonymous_3)
FNDA:0,(anonymous_4)
DA:5,0
DA:6,0
DA:7,0
DA:9,0
DA:11,0
DA:14,0
DA:15,0
DA:16,0
DA:18,0
DA:20,0
DA:23,0
DA:24,0
DA:25,0
DA:27,0
DA:29,0
DA:32,0
DA:33,0
DA:34,0
DA:36,0
DA:38,0
DA:42,0
DA:43,0
DA:44,0
DA:46,0
DA:48,0
LF:25
LH:0
BRDA:6,0,0,0
BRDA:6,0,1,0
BRDA:15,1,0,0
BRDA:15,1,1,0
BRDA:24,2,0,0
BRDA:24,2,1,0
BRDA:33,3,0,0
BRDA:33,3,1,0
BRDA:43,4,0,0
BRDA:43,4,1,0
BRF:10
BRH:0
end_of_record
TN:
SF:/Volumes/Work/UpworkTask/Alex Zhenbacht/Dripio/dripio-control-panel-master/src/boot/api/openweather.js
FN:4,addressToQuery
FN:12,(anonymous_1)
FNF:2
FNH:0
FNDA:0,addressToQuery
FNDA:0,(anonymous_1)
DA:5,0
DA:14,0
DA:16,0
LF:3
LH:0
BRDA:5,0,0,0
BRDA:5,0,1,0
BRDA:5,1,0,0
BRDA:5,1,1,0
BRDA:5,2,0,0
BRDA:5,2,1,0
BRF:6
BRH:0
end_of_record
TN:
SF:/Volumes/Work/UpworkTask/Alex Zhenbacht/Dripio/dripio-control-panel-master/src/boot/api/users.js
FN:4,(anonymous_0)
FN:8,(anonymous_1)
FN:12,(anonymous_2)
FN:16,(anonymous_3)
FN:20,(anonymous_4)
FNF:5
FNH:0
FNDA:0,(anonymous_0)
FNDA:0,(anonymous_1)
FNDA:0,(anonymous_2)
FNDA:0,(anonymous_3)
FNDA:0,(anonymous_4)
DA:5,0
DA:9,0
DA:13,0
DA:17,0
DA:21,0
LF:5
LH:0
BRF:0
BRH:0
end_of_record
TN:
SF:/Volumes/Work/UpworkTask/Alex Zhenbacht/Dripio/dripio-control-panel-master/src/boot/api/utils.js
FN:4,(anonymous_0)
FN:7,(anonymous_1)
FN:12,(anonymous_2)
FNF:3
FNH:0
FNDA:0,(anonymous_0)
FNDA:0,(anonymous_1)
FNDA:0,(anonymous_2)
DA:5,0
DA:8,0
DA:13,0
LF:3
LH:0
BRF:0
BRH:0
end_of_record
TN:
SF:/Volumes/Work/UpworkTask/Alex Zhenbacht/Dripio/dripio-control-panel-master/src/components/AddLocation.vue
FN:98,data
FN:141,isAdminView
FN:145,usersList
FN:146,(anonymous_9)
FN:152,(anonymous_10)
FN:159,toTitleCase
FN:160,(anonymous_12)
FN:164,updateRouteMeta
FN:168,buildAddressJson
FN:172,getLocationUser
FN:179,changePic
FN:187,createLocation
FN:189,(anonymous_18)
FN:198,cancel
FN:206,create
FN:208,(anonymous_21)
FN:224,getScope
FN:231,filterUser
FN:236,created
FNF:19
FNH:0
FNDA:0,data
FNDA:0,isAdminView
FNDA:0,usersList
FNDA:0,(anonymous_9)
FNDA:0,(anonymous_10)
FNDA:0,toTitleCase
FNDA:0,(anonymous_12)
FNDA:0,updateRouteMeta
FNDA:0,buildAddressJson
FNDA:0,getLocationUser
FNDA:0,changePic
FNDA:0,createLocation
FNDA:0,(anonymous_18)
FNDA:0,cancel
FNDA:0,create
FNDA:0,(anonymous_21)
FNDA:0,getScope
FNDA:0,filterUser
FNDA:0,created
DA:91,0
DA:92,0
DA:93,0
DA:99,0
DA:142,0
DA:143,0
DA:145,0
DA:146,0
DA:151,0
DA:152,0
DA:154,0
DA:160,0
DA:161,0
DA:165,0
DA:166,0
DA:169,0
DA:170,0
DA:173,0
DA:174,0
DA:175,0
DA:177,0
DA:180,0
DA:187,0
DA:188,0
DA:189,0
DA:190,0
DA:191,0
DA:192,0
DA:194,0
DA:199,0
DA:200,0
DA:201,0
DA:203,0
DA:206,0
DA:207,0
DA:208,0
DA:209,0
DA:211,0
DA:212,0
DA:219,0
DA:220,0
DA:225,0
DA:226,0
DA:227,0
DA:229,0
DA:232,0
DA:233,0
DA:237,0
DA:238,0
DA:239,0
DA:244,0
LF:51
LH:0
BRDA:151,0,0,0
BRDA:151,0,1,0
BRDA:174,1,0,0
BRDA:174,1,1,0
BRDA:177,2,0,0
BRDA:177,2,1,0
BRDA:191,3,0,0
BRDA:191,3,1,0
BRDA:200,4,0,0
BRDA:200,4,1,0
BRDA:211,5,0,0
BRDA:211,5,1,0
BRDA:226,6,0,0
BRDA:226,6,1,0
BRDA:226,7,0,0
BRDA:226,7,1,0
BRDA:238,8,0,0
BRDA:238,8,1,0
BRF:18
BRH:0
end_of_record
TN:
SF:/Volumes/Work/UpworkTask/Alex Zhenbacht/Dripio/dripio-control-panel-master/src/components/AddressBuilder.vue
FN:36,data
FN:50,location
FN:55,addressJson
FN:58,location
FN:64,CountrySelected
FN:67,SimulateDelay
FN:70,(anonymous_7)
FN:77,created
FNF:8
FNH:4
FNDA:3,data
FNDA:3,location
FNDA:1,addressJson
FNDA:0,location
FNDA:0,CountrySelected
FNDA:0,SimulateDelay
FNDA:0,(anonymous_7)
FNDA:3,created
DA:30,1
DA:31,1
DA:32,1
DA:37,3
DA:51,3
DA:56,1
DA:59,0
DA:65,0
DA:67,0
DA:68,0
DA:70,0
DA:72,0
DA:74,0
DA:78,3
DA:79,0
LF:15
LH:7
BRDA:59,0,0,0
BRDA:59,0,1,0
BRDA:78,1,0,0
BRDA:78,1,1,3
BRF:4
BRH:1
end_of_record
TN:
SF:/Volumes/Work/UpworkTask/Alex Zhenbacht/Dripio/dripio-control-panel-master/src/components/CountryDialog.vue
FN:47,data
FN:62,get
FN:65,set
FN:71,toOptions
FN:74,CountrySelected
FNF:5
FNH:3
FNDA:3,data
FNDA:0,get
FNDA:0,set
FNDA:711,toOptions
FNDA:1,CountrySelected
DA:43,2
DA:44,2
DA:48,3
DA:63,0
DA:66,0
DA:72,711
DA:75,1
LF:7
LH:5
BRF:0
BRH:0
end_of_record
TN:
SF:/Volumes/Work/UpworkTask/Alex Zhenbacht/Dripio/dripio-control-panel-master/src/components/CountrySpecific.vue
FN:58,data
FN:76,validations
FN:85,country
FN:91,location
FN:106,currentCountryConfig
FN:109,optionForProvinceSelector
FN:112,location
FN:118,isFieldVisible
FN:124,getProvinceObject
FN:125,(anonymous_10)
FN:131,toTitleCase
FN:132,(anonymous_12)
FN:137,buildJson
FN:153,filterFn
FN:154,(anonymous_15)
FN:159,(anonymous_16)
FN:165,mounted
FN:166,(anonymous_18)
FN:175,created
FNF:19
FNH:6
FNDA:5,data
FNDA:5,validations
FNDA:0,country
FNDA:0,location
FNDA:5,currentCountryConfig
FNDA:0,optionForProvinceSelector
FNDA:0,location
FNDA:40,isFieldVisible
FNDA:0,getProvinceObject
FNDA:0,(anonymous_10)
FNDA:0,toTitleCase
FNDA:0,(anonymous_12)
FNDA:0,buildJson
FNDA:0,filterFn
FNDA:0,(anonymous_15)
FNDA:0,(anonymous_16)
FNDA:5,mounted
FNDA:0,(anonymous_18)
FNDA:5,created
DA:53,2
DA:54,2
DA:59,5
DA:77,5
DA:86,0
DA:87,0
DA:88,0
DA:89,0
DA:92,0
DA:93,0
DA:94,0
DA:95,0
DA:96,0
DA:97,0
DA:98,0
DA:99,0
DA:100,0
DA:107,5
DA:110,0
DA:113,0
DA:119,40
DA:121,40
DA:125,0
DA:127,0
DA:128,0
DA:132,0
DA:133,0
DA:138,0
DA:139,0
DA:140,0
DA:141,0
DA:142,0
DA:143,0
DA:144,0
DA:145,0
DA:146,0
DA:147,0
DA:148,0
DA:151,0
DA:153,0
DA:154,0
DA:155,0
DA:156,0
DA:158,0
DA:159,0
DA:165,5
DA:166,5
DA:167,0
DA:168,0
DA:169,0
DA:171,0
DA:176,5
DA:177,5
DA:178,5
DA:179,5
DA:180,5
DA:181,5
DA:182,5
DA:183,0
DA:184,0
DA:187,0
LF:61
LH:16
BRDA:78,0,0,5
BRDA:78,0,1,0
BRDA:79,1,0,5
BRDA:79,1,1,5
BRDA:80,2,0,5
BRDA:80,2,1,0
BRDA:81,3,0,5
BRDA:81,3,1,0
BRDA:92,4,0,0
BRDA:92,4,1,0
BRDA:96,5,0,0
BRDA:96,5,1,0
BRDA:97,6,0,0
BRDA:97,6,1,0
BRDA:99,7,0,0
BRDA:99,7,1,0
BRDA:107,8,0,5
BRDA:107,8,1,5
BRDA:121,9,0,40
BRDA:121,9,1,32
BRDA:141,10,0,0
BRDA:141,10,1,0
BRDA:142,11,0,0
BRDA:142,11,1,0
BRDA:143,12,0,0
BRDA:143,12,1,0
BRDA:144,13,0,0
BRDA:144,13,1,0
BRDA:145,14,0,0
BRDA:145,14,1,0
BRDA:147,15,0,0
BRDA:147,15,1,0
BRDA:155,16,0,0
BRDA:155,16,1,0
BRDA:168,17,0,0
BRDA:168,17,1,0
BRDA:176,18,0,5
BRDA:176,18,1,0
BRDA:180,19,0,5
BRDA:180,19,1,0
BRDA:181,20,0,5
BRDA:181,20,1,0
BRDA:183,21,0,0
BRDA:183,21,1,0
BRF:44
BRH:12
end_of_record
TN:
SF:/Volumes/Work/UpworkTask/Alex Zhenbacht/Dripio/dripio-control-panel-master/src/components/CustomTable.vue
FN:50,data
FN:57,getElementHeight
FN:66,mounted
FNF:3
FNH:3
FNDA:7,data
FNDA:28,getElementHeight
FNDA:7,mounted
DA:51,7
DA:58,28
DA:59,28
DA:60,0
DA:62,28
DA:67,7
DA:68,7
DA:70,7
DA:71,7
DA:72,7
DA:75,7
DA:80,7
DA:81,7
LF:13
LH:12
BRDA:59,0,0,0
BRDA:59,0,1,28
BRDA:59,1,0,28
BRDA:59,1,1,28
BRDA:71,2,0,7
BRDA:71,2,1,0
BRDA:71,3,0,7
BRDA:71,3,1,7
BRDA:80,4,0,7
BRDA:80,4,1,0
BRF:10
BRH:7
end_of_record
TN:
SF:/Volumes/Work/UpworkTask/Alex Zhenbacht/Dripio/dripio-control-panel-master/src/components/Location.vue
FN:34,data
FN:42,isAdminView
FN:46,location
FN:52,updateRouteMeta
FN:56,loadLocation
FN:71,getScope
FN:80,me
FN:84,created
FN:85,(anonymous_14)
FN:100,mounted
FN:101,(anonymous_16)
FN:104,(anonymous_17)
FN:108,updated
FNF:13
FNH:0
FNDA:0,data
FNDA:0,isAdminView
FNDA:0,location
FNDA:0,updateRouteMeta
FNDA:0,loadLocation
FNDA:0,getScope
FNDA:0,me
FNDA:0,created
FNDA:0,(anonymous_14)
FNDA:0,mounted
FNDA:0,(anonymous_16)
FNDA:0,(anonymous_17)
FNDA:0,updated
DA:29,0
DA:34,0
DA:43,0
DA:44,0
DA:47,0
DA:53,0
DA:54,0
DA:58,0
DA:59,0
DA:68,0
DA:72,0
DA:73,0
DA:74,0
DA:76,0
DA:81,0
DA:84,0
DA:85,0
DA:86,0
DA:87,0
DA:89,0
DA:90,0
DA:91,0
DA:92,0
DA:94,0
DA:96,0
DA:98,0
DA:100,0
DA:101,0
DA:102,0
DA:104,0
DA:105,0
DA:109,0
LF:32
LH:0
BRDA:58,0,0,0
BRDA:58,0,1,0
BRDA:73,1,0,0
BRDA:73,1,1,0
BRDA:73,2,0,0
BRDA:73,2,1,0
BRDA:89,3,0,0
BRDA:89,3,1,0
BRDA:89,4,0,0
BRDA:89,4,1,0
BRDA:91,5,0,0
BRDA:91,5,1,0
BRDA:91,6,0,0
BRDA:91,6,1,0
BRF:14
BRH:0
end_of_record
TN:
SF:/Volumes/Work/UpworkTask/Alex Zhenbacht/Dripio/dripio-control-panel-master/src/components/MainMenu.vue
FN:158,data
FN:170,logout
FN:174,hasPerm
FN:177,resendConfirmation
FN:178,(anonymous_10)
FN:186,(anonymous_11)
FNF:6
FNH:2
FNDA:2,data
FNDA:0,logout
FNDA:36,hasPerm
FNDA:0,resendConfirmation
FNDA:0,(anonymous_10)
FNDA:0,(anonymous_11)
DA:154,2
DA:155,2
DA:159,2
DA:171,0
DA:172,0
DA:175,36
DA:177,0
DA:178,0
DA:180,0
DA:188,0
LF:10
LH:4
BRF:0
BRH:0
end_of_record
TN:
SF:/Volumes/Work/UpworkTask/Alex Zhenbacht/Dripio/dripio-control-panel-master/src/components/NewPassword.vue
FN:62,data
FN:83,notSamePasswords
FN:86,passwordsFilled
FN:89,passwordValidation
FNF:4
FNH:3
FNDA:5,data
FNDA:7,notSamePasswords
FNDA:0,passwordsFilled
FNDA:6,passwordValidation
DA:58,4
DA:63,5
DA:84,7
DA:87,0
DA:89,42
DA:90,6
DA:91,36
DA:92,30
DA:93,29
DA:96,6
DA:97,0
DA:98,0
DA:100,6
DA:101,6
LF:14
LH:11
BRDA:87,0,0,0
BRDA:87,0,1,0
BRDA:92,1,0,29
BRDA:92,1,1,1
BRDA:89,2,0,6
BRDA:89,2,1,12
BRDA:96,3,0,0
BRDA:96,3,1,6
BRDA:96,4,0,6
BRDA:96,4,1,0
BRF:10
BRH:6
end_of_record
TN:
SF:/Volumes/Work/UpworkTask/Alex Zhenbacht/Dripio/dripio-control-panel-master/src/components/LocationTabs/Controllers.vue
FN:45,data
FN:52,getHubs
FN:57,onChangeController
FNF:3
FNH:0
FNDA:0,data
FNDA:0,getHubs
FNDA:0,onChangeController
DA:46,0
DA:53,0
DA:58,0
LF:3
LH:0
BRF:0
BRH:0
end_of_record
TN:
SF:/Volumes/Work/UpworkTask/Alex Zhenbacht/Dripio/dripio-control-panel-master/src/components/LocationTabs/Details.vue
FN:118,data
FN:159,isAdminView
FN:163,usersList
FN:164,(anonymous_9)
FN:170,(anonymous_10)
FN:174,location
FN:177,devices
FN:183,toTitleCase
FN:184,(anonymous_14)
FN:188,getCurrentLocationData
FN:189,(anonymous_16)
FN:195,updateRouteMeta
FN:199,buildAddressJson
FN:203,changePic
FN:211,onShare
FN:214,saveChanges
FN:216,(anonymous_22)
FN:228,(anonymous_23)
FN:235,(anonymous_24)
FN:248,getScope
FN:255,filterUser
FN:259,deletePlace
FN:280,onDeleteLocation
FN:282,(anonymous_29)
FN:291,location
FN:298,created
FN:315,destroyed
FNF:27
FNH:0
FNDA:0,data
FNDA:0,isAdminView
FNDA:0,usersList
FNDA:0,(anonymous_9)
FNDA:0,(anonymous_10)
FNDA:0,location
FNDA:0,devices
FNDA:0,toTitleCase
FNDA:0,(anonymous_14)
FNDA:0,getCurrentLocationData
FNDA:0,(anonymous_16)
FNDA:0,updateRouteMeta
FNDA:0,buildAddressJson
FNDA:0,changePic
FNDA:0,onShare
FNDA:0,saveChanges
FNDA:0,(anonymous_22)
FNDA:0,(anonymous_23)
FNDA:0,(anonymous_24)
FNDA:0,getScope
FNDA:0,filterUser
FNDA:0,deletePlace
FNDA:0,onDeleteLocation
FNDA:0,(anonymous_29)
FNDA:0,location
FNDA:0,created
FNDA:0,destroyed
DA:111,0
DA:112,0
DA:113,0
DA:119,0
DA:160,0
DA:161,0
DA:163,0
DA:164,0
DA:169,0
DA:170,0
DA:172,0
DA:175,0
DA:178,0
DA:184,0
DA:185,0
DA:188,0
DA:189,0
DA:190,0
DA:191,0
DA:193,0
DA:196,0
DA:197,0
DA:200,0
DA:201,0
DA:204,0
DA:212,0
DA:214,0
DA:215,0
DA:216,0
DA:217,0
DA:219,0
DA:220,0
DA:227,0
DA:228,0
DA:230,0
DA:237,0
DA:249,0
DA:250,0
DA:251,0
DA:253,0
DA:256,0
DA:257,0
DA:266,0
DA:267,0
DA:274,0
DA:280,0
DA:281,0
DA:286,0
DA:292,0
DA:293,0
DA:294,0
DA:299,0
DA:301,0
DA:302,0
DA:303,0
DA:308,0
DA:312,0
DA:313,0
DA:316,0
LF:59
LH:0
BRDA:169,0,0,0
BRDA:169,0,1,0
BRDA:190,1,0,0
BRDA:190,1,1,0
BRDA:219,2,0,0
BRDA:219,2,1,0
BRDA:250,3,0,0
BRDA:250,3,1,0
BRDA:250,4,0,0
BRDA:250,4,1,0
BRDA:266,5,0,0
BRDA:266,5,1,0
BRDA:292,6,0,0
BRDA:292,6,1,0
BRDA:302,7,0,0
BRDA:302,7,1,0
BRDA:312,8,0,0
BRDA:312,8,1,0
BRF:18
BRH:0
end_of_record
TN:
SF:/Volumes/Work/UpworkTask/Alex Zhenbacht/Dripio/dripio-control-panel-master/src/components/LocationTabs/History.vue
FN:24,data
FN:30,location
FNF:2
FNH:0
FNDA:0,data
FNDA:0,location
DA:19,0
DA:24,0
DA:31,0
LF:3
LH:0
BRF:0
BRH:0
end_of_record
TN:
SF:/Volumes/Work/UpworkTask/Alex Zhenbacht/Dripio/dripio-control-panel-master/src/components/LocationTabs/Home.vue
FN:44,data
FN:48,(anonymous_7)
FN:66,location
FN:69,hubs
FN:72,smartNodes
FN:75,currentCountryConfig
FN:81,addressTandem
FN:87,weather
FN:93,fetchWeather
FN:95,(anonymous_15)
FN:100,fetchHubs
FN:103,getWeatherInfo
FN:136,onClickNode
FN:140,onHideModal
FN:147,location
FN:152,created
FNF:16
FNH:0
FNDA:0,data
FNDA:0,(anonymous_7)
FNDA:0,location
FNDA:0,hubs
FNDA:0,smartNodes
FNDA:0,currentCountryConfig
FNDA:0,addressTandem
FNDA:0,weather
FNDA:0,fetchWeather
FNDA:0,(anonymous_15)
FNDA:0,fetchHubs
FNDA:0,getWeatherInfo
FNDA:0,onClickNode
FNDA:0,onHideModal
FNDA:0,location
FNDA:0,created
DA:30,0
DA:31,0
DA:32,0
DA:33,0
DA:34,0
DA:44,0
DA:49,0
DA:50,0
DA:51,0
DA:52,0
DA:54,0
DA:67,0
DA:70,0
DA:73,0
DA:76,0
DA:77,0
DA:79,0
DA:82,0
DA:83,0
DA:85,0
DA:88,0
DA:93,0
DA:94,0
DA:95,0
DA:96,0
DA:101,0
DA:104,0
DA:105,0
DA:107,0
DA:108,0
DA:110,0
DA:111,0
DA:112,0
DA:113,0
DA:114,0
DA:115,0
DA:116,0
DA:117,0
DA:118,0
DA:119,0
DA:120,0
DA:121,0
DA:122,0
DA:123,0
DA:125,0
DA:127,0
DA:128,0
DA:130,0
DA:132,0
DA:134,0
DA:137,0
DA:138,0
DA:141,0
DA:142,0
DA:148,0
DA:153,0
DA:154,0
LF:57
LH:0
BRDA:51,0,0,0
BRDA:51,0,1,0
BRDA:51,1,0,0
BRDA:51,1,1,0
BRDA:76,2,0,0
BRDA:76,2,1,0
BRDA:77,3,0,0
BRDA:77,3,1,0
BRDA:82,4,0,0
BRDA:82,4,1,0
BRDA:82,5,0,0
BRDA:82,5,1,0
BRDA:94,6,0,0
BRDA:94,6,1,0
BRDA:94,7,0,0
BRDA:94,7,1,0
BRDA:104,8,0,0
BRDA:104,8,1,0
BRDA:104,9,0,0
BRDA:104,9,1,0
BRDA:107,10,0,0
BRDA:107,10,1,0
BRDA:107,11,0,0
BRDA:107,11,1,0
BRDA:110,12,0,0
BRDA:110,12,1,0
BRDA:110,13,0,0
BRDA:110,13,1,0
BRDA:116,14,0,0
BRDA:116,14,1,0
BRDA:116,15,0,0
BRDA:116,15,1,0
BRDA:118,16,0,0
BRDA:118,16,1,0
BRDA:118,17,0,0
BRDA:118,17,1,0
BRDA:120,18,0,0
BRDA:120,18,1,0
BRDA:120,19,0,0
BRDA:120,19,1,0
BRDA:122,20,0,0
BRDA:122,20,1,0
BRDA:122,21,0,0
BRDA:122,21,1,0
BRDA:127,22,0,0
BRDA:127,22,1,0
BRDA:127,23,0,0
BRDA:127,23,1,0
BRF:48
BRH:0
end_of_record
TN:
SF:/Volumes/Work/UpworkTask/Alex Zhenbacht/Dripio/dripio-control-panel-master/src/components/LocationTabs/Schedule.vue
FN:24,data
FN:30,location
FNF:2
FNH:0
FNDA:0,data
FNDA:0,location
DA:19,0
DA:24,0
DA:31,0
LF:3
LH:0
BRF:0
BRH:0
end_of_record
TN:
SF:/Volumes/Work/UpworkTask/Alex Zhenbacht/Dripio/dripio-control-panel-master/src/components/LocationTabs/SmartNode.vue
FN:46,data
FN:55,title
FN:58,description
FNF:3
FNH:0
FNDA:0,data
FNDA:0,title
FNDA:0,description
DA:47,0
DA:56,0
DA:59,0
LF:3
LH:0
BRDA:56,0,0,0
BRDA:56,0,1,0
BRDA:59,1,0,0
BRDA:59,1,1,0
BRF:4
BRH:0
end_of_record
TN:
SF:/Volumes/Work/UpworkTask/Alex Zhenbacht/Dripio/dripio-control-panel-master/src/components/LocationTabs/SmartNodeModal.vue
FN:121,data
FN:129,smartNode
FN:132,nodeStatus
FN:135,title
FN:141,startTime
FN:144,timeLeft
FN:149,tick
FN:159,start
FN:175,stop
FN:190,startOver
FN:205,onHide
FN:209,created
FN:210,(anonymous_13)
FNF:13
FNH:0
FNDA:0,data
FNDA:0,smartNode
FNDA:0,nodeStatus
FNDA:0,title
FNDA:0,startTime
FNDA:0,timeLeft
FNDA:0,tick
FNDA:0,start
FNDA:0,stop
FNDA:0,startOver
FNDA:0,onHide
FNDA:0,created
FNDA:0,(anonymous_13)
DA:121,0
DA:130,0
DA:133,0
DA:136,0
DA:137,0
DA:139,0
DA:142,0
DA:145,0
DA:150,0
DA:151,0
DA:152,0
DA:153,0
DA:160,0
DA:161,0
DA:176,0
DA:191,0
DA:206,0
DA:209,0
DA:210,0
DA:211,0
LF:20
LH:0
BRDA:136,0,0,0
BRDA:136,0,1,0
BRDA:137,1,0,0
BRDA:137,1,1,0
BRDA:142,2,0,0
BRDA:142,2,1,0
BRDA:150,3,0,0
BRDA:150,3,1,0
BRDA:152,4,0,0
BRDA:152,4,1,0
BRF:10
BRH:0
end_of_record
TN:
SF:/Volumes/Work/UpworkTask/Alex Zhenbacht/Dripio/dripio-control-panel-master/src/components/LocationTabs/Zones.vue
FN:24,data
FN:30,location
FNF:2
FNH:0
FNDA:0,data
FNDA:0,location
DA:19,0
DA:24,0
DA:31,0
LF:3
LH:0
BRF:0
BRH:0
end_of_record
TN:
SF:/Volumes/Work/UpworkTask/Alex Zhenbacht/Dripio/dripio-control-panel-master/src/components/LocationTabs/Share/Add.vue
FN:24,data
FN:30,location
FN:38,me
FN:49,created
FNF:4
FNH:0
FNDA:0,data
FNDA:0,location
FNDA:0,me
FNDA:0,created
DA:19,0
DA:24,0
DA:31,0
DA:39,0
DA:40,0
DA:44,0
DA:50,0
DA:51,0
DA:55,0
LF:9
LH:0
BRDA:39,0,0,0
BRDA:39,0,1,0
BRDA:50,1,0,0
BRDA:50,1,1,0
BRF:4
BRH:0
end_of_record
TN:
SF:/Volumes/Work/UpworkTask/Alex Zhenbacht/Dripio/dripio-control-panel-master/src/components/LocationTabs/Share/List.vue
FN:34,data
FN:40,location
FN:48,me
FN:59,created
FNF:4
FNH:0
FNDA:0,data
FNDA:0,location
FNDA:0,me
FNDA:0,created
DA:29,0
DA:34,0
DA:41,0
DA:49,0
DA:50,0
DA:54,0
DA:60,0
DA:61,0
DA:65,0
LF:9
LH:0
BRDA:49,0,0,0
BRDA:49,0,1,0
BRDA:60,1,0,0
BRDA:60,1,1,0
BRF:4
BRH:0
end_of_record
TN:
SF:/Volumes/Work/UpworkTask/Alex Zhenbacht/Dripio/dripio-control-panel-master/src/components/LocationTabs/Share/Router.vue
FN:18,data
FN:25,location
FNF:2
FNH:0
FNDA:0,data
FNDA:0,location
DA:13,0
DA:18,0
DA:26,0
LF:3
LH:0
BRF:0
BRH:0
end_of_record
TN:
SF:/Volumes/Work/UpworkTask/Alex Zhenbacht/Dripio/dripio-control-panel-master/src/components/editors/Device.vue
FN:74,data
FN:90,types
FN:93,models
FN:96,typesArr
FN:99,(anonymous_5)
FN:123,getModels
FN:126,(anonymous_7)
FN:132,getDeviceInfo
FN:135,onChange
FN:151,selectType
FN:152,(anonymous_11)
FN:156,selectModel
FN:157,(anonymous_13)
FN:162,selectFirmware
FN:165,selectTypeFromCurrModel
FN:167,(anonymous_16)
FN:169,(anonymous_17)
FN:178,initSelect
FN:179,(anonymous_19)
FN:190,$route
FN:198,created
FN:203,mounted
FNF:22
FNH:0
FNDA:0,data
FNDA:0,types
FNDA:0,models
FNDA:0,typesArr
FNDA:0,(anonymous_5)
FNDA:0,getModels
FNDA:0,(anonymous_7)
FNDA:0,getDeviceInfo
FNDA:0,onChange
FNDA:0,selectType
FNDA:0,(anonymous_11)
FNDA:0,selectModel
FNDA:0,(anonymous_13)
FNDA:0,selectFirmware
FNDA:0,selectTypeFromCurrModel
FNDA:0,(anonymous_16)
FNDA:0,(anonymous_17)
FNDA:0,initSelect
FNDA:0,(anonymous_19)
FNDA:0,$route
FNDA:0,created
FNDA:0,mounted
DA:66,1
DA:75,0
DA:91,0
DA:94,0
DA:98,0
DA:99,0
DA:100,0
DA:102,0
DA:123,0
DA:124,0
DA:125,0
DA:126,0
DA:127,0
DA:128,0
DA:133,0
DA:136,0
DA:137,0
DA:138,0
DA:140,0
DA:152,0
DA:153,0
DA:154,0
DA:157,0
DA:158,0
DA:159,0
DA:160,0
DA:163,0
DA:165,0
DA:166,0
DA:167,0
DA:168,0
DA:169,0
DA:170,0
DA:171,0
DA:172,0
DA:173,0
DA:178,0
DA:179,0
DA:180,0
DA:181,0
DA:182,0
DA:183,0
DA:184,0
DA:191,0
DA:199,0
DA:201,0
DA:204,0
LF:47
LH:1
BRDA:127,0,0,0
BRDA:127,0,1,0
BRDA:137,1,0,0
BRDA:137,1,1,0
BRDA:137,2,0,0
BRDA:137,2,1,0
BRDA:167,3,0,0
BRDA:167,3,1,0
BRDA:170,4,0,0
BRDA:170,4,1,0
BRDA:180,5,0,0
BRDA:180,5,1,0
BRDA:182,6,0,0
BRDA:182,6,1,0
BRF:14
BRH:0
end_of_record
TN:
SF:/Volumes/Work/UpworkTask/Alex Zhenbacht/Dripio/dripio-control-panel-master/src/components/editors/Model.vue
FN:59,data
FN:68,types
FN:87,onChange
FN:95,getType
FN:96,(anonymous_5)
FN:103,created
FNF:6
FNH:0
FNDA:0,data
FNDA:0,types
FNDA:0,onChange
FNDA:0,getType
FNDA:0,(anonymous_5)
FNDA:0,created
DA:55,1
DA:60,0
DA:69,0
DA:88,0
DA:89,0
DA:90,0
DA:92,0
DA:95,0
DA:96,0
DA:97,0
DA:98,0
DA:104,0
LF:12
LH:1
BRDA:89,0,0,0
BRDA:89,0,1,0
BRDA:89,1,0,0
BRDA:89,1,1,0
BRDA:97,2,0,0
BRDA:97,2,1,0
BRF:6
BRH:0
end_of_record
TN:
SF:/Volumes/Work/UpworkTask/Alex Zhenbacht/Dripio/dripio-control-panel-master/src/components/editors/User.vue
FN:69,data
FN:82,permissions
FN:87,getLocationTitle
FN:90,hasPerm
FN:93,onChange
FNF:5
FNH:0
FNDA:0,data
FNDA:0,permissions
FNDA:0,getLocationTitle
FNDA:0,hasPerm
FNDA:0,onChange
DA:64,2
DA:70,0
DA:83,0
DA:88,0
DA:91,0
DA:94,0
DA:95,0
DA:96,0
DA:98,0
LF:9
LH:1
BRDA:88,0,0,0
BRDA:88,0,1,0
BRDA:95,1,0,0
BRDA:95,1,1,0
BRDA:95,2,0,0
BRDA:95,2,1,0
BRDA:95,2,2,0
BRF:7
BRH:0
end_of_record
TN:
SF:/Volumes/Work/UpworkTask/Alex Zhenbacht/Dripio/dripio-control-panel-master/src/helpers/countrySettings.js
FN:4,getCountryName
FN:6,(anonymous_1)
FN:15,countrySettings
FN:34,(anonymous_3)
FN:41,(anonymous_4)
FN:48,(anonymous_5)
FN:55,(anonymous_6)
FN:62,(anonymous_7)
FN:69,(anonymous_8)
FN:76,(anonymous_9)
FN:83,(anonymous_10)
FN:90,(anonymous_11)
FN:97,(anonymous_12)
FN:104,(anonymous_13)
FN:111,(anonymous_14)
FNF:15
FNH:1
FNDA:0,getCountryName
FNDA:0,(anonymous_1)
FNDA:14,countrySettings
FNDA:0,(anonymous_3)
FNDA:0,(anonymous_4)
FNDA:0,(anonymous_5)
FNDA:0,(anonymous_6)
FNDA:0,(anonymous_7)
FNDA:0,(anonymous_8)
FNDA:0,(anonymous_9)
FNDA:0,(anonymous_10)
FNDA:0,(anonymous_11)
FNDA:0,(anonymous_12)
FNDA:0,(anonymous_13)
FNDA:0,(anonymous_14)
DA:5,0
DA:6,0
DA:8,0
DA:9,0
DA:11,0
DA:16,14
DA:17,14
DA:18,14
DA:19,14
DA:20,14
DA:21,14
DA:22,14
DA:23,14
DA:24,14
DA:25,14
DA:26,14
DA:28,14
DA:34,0
DA:41,0
DA:48,0
DA:55,0
DA:62,0
DA:69,0
DA:76,0
DA:83,0
DA:90,0
DA:97,0
DA:104,0
DA:111,0
LF:29
LH:12
BRDA:8,0,0,0
BRDA:8,0,1,0
BRDA:34,1,0,0
BRDA:34,1,1,0
BRDA:34,2,0,0
BRDA:34,2,1,0
BRF:6
BRH:0
end_of_record
TN:
SF:/Volumes/Work/UpworkTask/Alex Zhenbacht/Dripio/dripio-control-panel-master/src/helpers/geo.js
FN:1,countries
FN:242,usStates
FN:297,caProvinces
FN:315,auStates
FN:328,thProvinces
FN:410,ruFedSubjects
FN:500,byRegions
FNF:7
FNH:7
FNDA:3,countries
FNDA:5,usStates
FNDA:5,caProvinces
FNDA:5,auStates
FNDA:5,thProvinces
FNDA:5,ruFedSubjects
FNDA:5,byRegions
DA:2,3
DA:243,5
DA:298,5
DA:316,5
DA:329,5
DA:411,5
DA:501,5
LF:7
LH:7
BRF:0
BRH:0
end_of_record
TN:
SF:/Volumes/Work/UpworkTask/Alex Zhenbacht/Dripio/dripio-control-panel-master/src/layouts/Header.vue
FN:108,data
FN:123,goBack
FN:130,onClickDeleteModel
FN:133,onOpenType
FN:137,onSaveDeviceModel
FN:140,onDeleteDeviceModel
FN:143,onSaveSmarthub
FN:146,toggleDrawer
FN:149,updateRouteMeta
FN:150,(anonymous_10)
FN:163,$routeMeta
FN:167,created
FN:170,(anonymous_13)
FNF:13
FNH:3
FNDA:4,data
FNDA:0,goBack
FNDA:0,onClickDeleteModel
FNDA:0,onOpenType
FNDA:0,onSaveDeviceModel
FNDA:0,onDeleteDeviceModel
FNDA:0,onSaveSmarthub
FNDA:0,toggleDrawer
FNDA:4,updateRouteMeta
FNDA:0,(anonymous_10)
FNDA:0,$routeMeta
FNDA:4,created
FNDA:0,(anonymous_13)
DA:109,4
DA:124,0
DA:125,0
DA:127,0
DA:131,0
DA:134,0
DA:135,0
DA:138,0
DA:141,0
DA:144,0
DA:147,0
DA:149,4
DA:150,4
DA:151,0
DA:153,4
DA:154,0
DA:155,0
DA:156,0
DA:158,0
DA:164,0
DA:167,4
DA:168,4
DA:170,4
LF:23
LH:7
BRDA:124,0,0,0
BRDA:124,0,1,0
BRDA:151,1,0,0
BRDA:151,1,1,0
BRDA:153,2,0,0
BRDA:153,2,1,4
BRF:6
BRH:1
end_of_record
TN:
SF:/Volumes/Work/UpworkTask/Alex Zhenbacht/Dripio/dripio-control-panel-master/src/layouts/Location.vue
FN:20,data
FN:21,beforeRouteEnter
FN:23,(anonymous_3)
FNF:3
FNH:1
FNDA:1,data
FNDA:0,beforeRouteEnter
FNDA:0,(anonymous_3)
DA:16,1
DA:20,1
DA:22,0
DA:23,0
DA:24,0
LF:5
LH:2
BRF:0
BRH:0
end_of_record
TN:
SF:/Volumes/Work/UpworkTask/Alex Zhenbacht/Dripio/dripio-control-panel-master/src/layouts/LocationHeader.vue
FN:70,data
FN:82,goBack
FN:96,toggleDrawer
FN:99,onClickMyDetail
FN:102,onClickLocationDetail
FN:105,onClickDelete
FN:108,updateRouteMeta
FN:109,(anonymous_8)
FN:115,$routeMeta
FN:119,created
FN:122,(anonymous_11)
FNF:11
FNH:3
FNDA:7,data
FNDA:0,goBack
FNDA:0,toggleDrawer
FNDA:0,onClickMyDetail
FNDA:0,onClickLocationDetail
FNDA:0,onClickDelete
FNDA:7,updateRouteMeta
FNDA:0,(anonymous_8)
FNDA:0,$routeMeta
FNDA:7,created
FNDA:0,(anonymous_11)
DA:71,7
DA:83,0
DA:85,0
DA:86,0
DA:87,0
DA:88,0
DA:90,0
DA:93,0
DA:97,0
DA:100,0
DA:103,0
DA:106,0
DA:108,7
DA:109,7
DA:110,0
DA:116,0
DA:119,7
DA:120,7
DA:122,7
LF:19
LH:6
BRDA:83,0,0,0
BRDA:83,0,1,0
BRDA:87,1,0,0
BRDA:87,1,1,0
BRDA:110,2,0,0
BRDA:110,2,1,0
BRF:6
BRH:0
end_of_record
TN:
SF:/Volumes/Work/UpworkTask/Alex Zhenbacht/Dripio/dripio-control-panel-master/src/layouts/Secure.vue
FN:28,data
FN:39,beforeRouteEnter
FN:41,(anonymous_8)
FN:43,(anonymous_9)
FN:46,(anonymous_10)
FN:54,mounted
FN:55,(anonymous_12)
FNF:7
FNH:2
FNDA:1,data
FNDA:0,beforeRouteEnter
FNDA:0,(anonymous_8)
FNDA:0,(anonymous_9)
FNDA:0,(anonymous_10)
FNDA:1,mounted
FNDA:0,(anonymous_12)
DA:22,1
DA:23,1
DA:24,1
DA:29,1
DA:40,0
DA:41,0
DA:43,0
DA:44,0
DA:47,0
DA:54,1
DA:55,1
DA:56,0
DA:58,1
LF:13
LH:7
BRF:0
BRH:0
end_of_record
TN:
SF:/Volumes/Work/UpworkTask/Alex Zhenbacht/Dripio/dripio-control-panel-master/src/layouts/Unsecure.vue
FN:15,data
FNF:1
FNH:1
FNDA:1,data
DA:16,1
LF:1
LH:1
BRF:0
BRH:0
end_of_record
TN:
SF:/Volumes/Work/UpworkTask/Alex Zhenbacht/Dripio/dripio-control-panel-master/src/layouts/Header/DevicesHeader.vue
FN:112,data
FN:129,toggleDrawer
FN:132,goBack
FN:139,updateRouteMeta
FN:140,(anonymous_5)
FN:151,onOpenType
FN:155,onSaveSmarthub
FN:158,onSaveDeviceModel
FN:161,onDeleteDeviceModel
FN:164,onClickDeleteModel
FN:167,onDeleteSmarthub
FN:172,$routeMeta
FN:176,created
FN:178,(anonymous_14)
FN:179,(anonymous_15)
FN:182,(anonymous_16)
FN:186,destroyed
FNF:17
FNH:0
FNDA:0,data
FNDA:0,toggleDrawer
FNDA:0,goBack
FNDA:0,updateRouteMeta
FNDA:0,(anonymous_5)
FNDA:0,onOpenType
FNDA:0,onSaveSmarthub
FNDA:0,onSaveDeviceModel
FNDA:0,onDeleteDeviceModel
FNDA:0,onClickDeleteModel
FNDA:0,onDeleteSmarthub
FNDA:0,$routeMeta
FNDA:0,created
FNDA:0,(anonymous_14)
FNDA:0,(anonymous_15)
FNDA:0,(anonymous_16)
FNDA:0,destroyed
DA:113,0
DA:130,0
DA:133,0
DA:134,0
DA:136,0
DA:139,0
DA:140,0
DA:141,0
DA:143,0
DA:144,0
DA:145,0
DA:146,0
DA:148,0
DA:152,0
DA:153,0
DA:156,0
DA:159,0
DA:162,0
DA:165,0
DA:168,0
DA:173,0
DA:176,0
DA:177,0
DA:178,0
DA:179,0
DA:180,0
DA:182,0
DA:183,0
DA:187,0
DA:188,0
DA:189,0
LF:31
LH:0
BRDA:133,0,0,0
BRDA:133,0,1,0
BRDA:141,1,0,0
BRDA:141,1,1,0
BRDA:143,2,0,0
BRDA:143,2,1,0
BRF:6
BRH:0
end_of_record
TN:
SF:/Volumes/Work/UpworkTask/Alex Zhenbacht/Dripio/dripio-control-panel-master/src/layouts/Header/MyHeader.vue
FN:48,data
FN:63,toggleDrawer
FN:66,goBack
FN:73,updateRouteMeta
FN:74,(anonymous_5)
FN:87,$routeMeta
FN:91,created
FN:93,(anonymous_8)
FNF:8
FNH:0
FNDA:0,data
FNDA:0,toggleDrawer
FNDA:0,goBack
FNDA:0,updateRouteMeta
FNDA:0,(anonymous_5)
FNDA:0,$routeMeta
FNDA:0,created
FNDA:0,(anonymous_8)
DA:49,0
DA:64,0
DA:67,0
DA:68,0
DA:70,0
DA:73,0
DA:74,0
DA:75,0
DA:77,0
DA:78,0
DA:79,0
DA:80,0
DA:82,0
DA:88,0
DA:91,0
DA:92,0
DA:93,0
LF:17
LH:0
BRDA:67,0,0,0
BRDA:67,0,1,0
BRDA:75,1,0,0
BRDA:75,1,1,0
BRDA:77,2,0,0
BRDA:77,2,1,0
BRF:6
BRH:0
end_of_record
TN:
SF:/Volumes/Work/UpworkTask/Alex Zhenbacht/Dripio/dripio-control-panel-master/src/layouts/Header/UsersHeader.vue
FN:38,data
FN:53,toggleDrawer
FN:56,goBack
FN:63,updateRouteMeta
FN:64,(anonymous_5)
FN:77,$routeMeta
FN:81,created
FN:83,(anonymous_8)
FNF:8
FNH:0
FNDA:0,data
FNDA:0,toggleDrawer
FNDA:0,goBack
FNDA:0,updateRouteMeta
FNDA:0,(anonymous_5)
FNDA:0,$routeMeta
FNDA:0,created
FNDA:0,(anonymous_8)
DA:39,0
DA:54,0
DA:57,0
DA:58,0
DA:60,0
DA:63,0
DA:64,0
DA:65,0
DA:67,0
DA:68,0
DA:69,0
DA:70,0
DA:72,0
DA:78,0
DA:81,0
DA:82,0
DA:83,0
LF:17
LH:0
BRDA:57,0,0,0
BRDA:57,0,1,0
BRDA:65,1,0,0
BRDA:65,1,1,0
BRDA:67,2,0,0
BRDA:67,2,1,0
BRF:6
BRH:0
end_of_record
TN:
SF:/Volumes/Work/UpworkTask/Alex Zhenbacht/Dripio/dripio-control-panel-master/src/mixins/GridMixin.js
FN:3,(anonymous_0)
FNF:1
FNH:0
FNDA:0,(anonymous_0)
DA:4,0
DA:5,0
DA:6,0
DA:7,0
DA:8,0
DA:9,0
LF:6
LH:0
BRF:0
BRH:0
end_of_record
TN:
SF:/Volumes/Work/UpworkTask/Alex Zhenbacht/Dripio/dripio-control-panel-master/src/pages/Authorization/Confirmation.vue
FN:33,data
FN:39,email
FN:42,token
FN:46,created
FN:48,(anonymous_5)
FN:53,(anonymous_6)
FNF:6
FNH:2
FNDA:5,data
FNDA:0,email
FNDA:0,token
FNDA:5,created
FNDA:0,(anonymous_5)
FNDA:0,(anonymous_6)
DA:34,5
DA:40,0
DA:43,0
DA:46,5
DA:47,5
DA:53,0
DA:54,0
LF:7
LH:3
BRF:0
BRH:0
end_of_record
TN:
SF:/Volumes/Work/UpworkTask/Alex Zhenbacht/Dripio/dripio-control-panel-master/src/pages/Authorization/Forgot.vue
FN:55,data
FN:67,stopTimeoutCounter
FN:73,startTimeoutCounter
FN:74,(anonymous_4)
FN:82,onSubmit
FN:92,(anonymous_6)
FN:107,(anonymous_7)
FNF:7
FNH:1
FNDA:6,data
FNDA:0,stopTimeoutCounter
FNDA:0,startTimeoutCounter
FNDA:0,(anonymous_4)
FNDA:0,onSubmit
FNDA:0,(anonymous_6)
FNDA:0,(anonymous_7)
DA:51,1
DA:56,6
DA:68,0
DA:69,0
DA:70,0
DA:73,0
DA:74,0
DA:75,0
DA:76,0
DA:77,0
DA:78,0
DA:82,0
DA:83,0
DA:84,0
DA:85,0
DA:92,0
DA:94,0
DA:95,0
DA:96,0
DA:102,0
DA:103,0
DA:104,0
DA:105,0
DA:109,0
LF:24
LH:2
BRDA:68,0,0,0
BRDA:68,0,1,0
BRDA:76,1,0,0
BRDA:76,1,1,0
BRDA:84,2,0,0
BRDA:84,2,1,0
BRDA:95,3,0,0
BRDA:95,3,1,0
BRDA:103,4,0,0
BRDA:103,4,1,0
BRF:10
BRH:0
end_of_record
TN:
SF:/Volumes/Work/UpworkTask/Alex Zhenbacht/Dripio/dripio-control-panel-master/src/pages/Authorization/Login.vue
FN:57,data
FN:70,onSubmit
FN:84,(anonymous_3)
FN:86,(anonymous_4)
FNF:4
FNH:1
FNDA:7,data
FNDA:0,onSubmit
FNDA:0,(anonymous_3)
FNDA:0,(anonymous_4)
DA:53,1
DA:58,7
DA:70,0
DA:71,0
DA:72,0
DA:73,0
DA:80,0
DA:84,0
DA:86,0
DA:88,0
LF:10
LH:2
BRDA:72,0,0,0
BRDA:72,0,1,0
BRF:2
BRH:0
end_of_record
TN:
SF:/Volumes/Work/UpworkTask/Alex Zhenbacht/Dripio/dripio-control-panel-master/src/pages/Authorization/Recovery.vue
FN:74,data
FN:88,email
FN:91,token
FN:96,onSubmit
FN:105,(anonymous_10)
FN:117,created
FN:122,(anonymous_12)
FN:125,(anonymous_13)
FNF:8
FNH:2
FNDA:5,data
FNDA:0,email
FNDA:0,token
FNDA:0,onSubmit
FNDA:0,(anonymous_10)
FNDA:5,created
FNDA:0,(anonymous_12)
FNDA:0,(anonymous_13)
DA:69,1
DA:70,1
DA:75,5
DA:89,0
DA:92,0
DA:96,0
DA:97,0
DA:98,0
DA:105,0
DA:109,0
DA:110,0
DA:117,5
DA:118,5
DA:122,5
DA:124,0
LF:15
LH:6
BRDA:97,0,0,0
BRDA:97,0,1,0
BRF:2
BRH:0
end_of_record
TN:
SF:/Volumes/Work/UpworkTask/Alex Zhenbacht/Dripio/dripio-control-panel-master/src/pages/Authorization/Signup.vue
FN:82,data
FN:103,onSubmit
FN:117,createUser
FN:119,(anonymous_4)
FN:124,(anonymous_5)
FNF:5
FNH:1
FNDA:5,data
FNDA:0,onSubmit
FNDA:0,createUser
FNDA:0,(anonymous_4)
FNDA:0,(anonymous_5)
DA:77,1
DA:78,1
DA:83,5
DA:104,0
DA:105,0
DA:106,0
DA:113,0
DA:114,0
DA:117,0
DA:118,0
DA:119,0
DA:121,0
DA:122,0
DA:123,0
DA:126,0
LF:15
LH:3
BRDA:105,0,0,0
BRDA:105,0,1,0
BRDA:105,1,0,0
BRDA:105,1,1,0
BRF:4
BRH:0
end_of_record
TN:
SF:/Volumes/Work/UpworkTask/Alex Zhenbacht/Dripio/dripio-control-panel-master/src/pages/Devices/BottomTab.vue
FN:22,data
FNF:1
FNH:0
FNDA:0,data
DA:22,0
LF:1
LH:0
BRF:0
BRH:0
end_of_record
TN:
SF:/Volumes/Work/UpworkTask/Alex Zhenbacht/Dripio/dripio-control-panel-master/src/pages/Devices/Devices.vue
FN:50,columns
FN:88,users
FN:92,devices
FN:96,scope
FN:102,getLocationTitle
FN:105,getUser
FN:116,createDevice
FN:122,selectDevice
FN:125,hasPerm
FN:128,addDevice
FN:140,customSort
FN:144,(anonymous_12)
FN:173,devices
FN:177,created
FNF:14
FNH:3
FNDA:2,columns
FNDA:0,users
FNDA:2,devices
FNDA:0,scope
FNDA:0,getLocationTitle
FNDA:0,getUser
FNDA:0,createDevice
FNDA:0,selectDevice
FNDA:0,hasPerm
FNDA:0,addDevice
FNDA:0,customSort
FNDA:0,(anonymous_12)
FNDA:0,devices
FNDA:2,created
DA:29,1
DA:30,1
DA:51,2
DA:86,2
DA:89,0
DA:93,2
DA:97,0
DA:103,0
DA:106,0
DA:107,0
DA:113,0
DA:114,0
DA:117,0
DA:120,0
DA:123,0
DA:126,0
DA:129,0
DA:130,0
DA:132,0
DA:140,0
DA:141,0
DA:143,0
DA:144,0
DA:145,0
DA:146,0
DA:148,0
DA:149,0
DA:150,0
DA:151,0
DA:152,0
DA:153,0
DA:154,0
DA:155,0
DA:156,0
DA:157,0
DA:158,0
DA:159,0
DA:161,0
DA:162,0
DA:165,0
DA:169,0
DA:174,0
LF:42
LH:5
BRDA:93,0,0,0
BRDA:93,0,1,2
BRDA:97,1,0,0
BRDA:97,1,1,0
BRDA:103,2,0,0
BRDA:103,2,1,0
BRDA:106,3,0,0
BRDA:106,3,1,0
BRDA:129,4,0,0
BRDA:129,4,1,0
BRDA:143,5,0,0
BRDA:143,5,1,0
BRDA:145,6,0,0
BRDA:145,6,1,0
BRDA:146,7,0,0
BRDA:146,7,1,0
BRDA:148,8,0,0
BRDA:148,8,1,0
BRDA:151,9,0,0
BRDA:151,9,1,0
BRDA:154,10,0,0
BRDA:154,10,1,0
BRDA:157,11,0,0
BRDA:157,11,1,0
BRDA:165,12,0,0
BRDA:165,12,1,0
BRF:26
BRH:1
end_of_record
TN:
SF:/Volumes/Work/UpworkTask/Alex Zhenbacht/Dripio/dripio-control-panel-master/src/pages/Devices/Models.vue
FN:33,data
FN:50,columns
FN:72,models
FN:75,(anonymous_4)
FN:85,selectModel
FN:90,addDeviceModel
FN:95,created
FNF:7
FNH:4
FNDA:3,data
FNDA:3,columns
FNDA:3,models
FNDA:0,(anonymous_4)
FNDA:0,selectModel
FNDA:0,addDeviceModel
FNDA:3,created
DA:28,1
DA:33,3
DA:51,3
DA:69,3
DA:72,3
DA:73,3
DA:74,3
DA:75,3
DA:76,0
DA:77,0
DA:80,3
DA:86,0
DA:91,0
DA:96,3
DA:98,3
LF:15
LH:11
BRDA:76,0,0,0
BRDA:76,0,1,0
BRF:2
BRH:0
end_of_record
TN:
SF:/Volumes/Work/UpworkTask/Alex Zhenbacht/Dripio/dripio-control-panel-master/src/pages/Devices/Types.vue
FN:78,data
FN:94,columns
FN:117,types
FN:122,getTypes
FN:125,hasPerm
FN:129,selectType
FN:135,editType
FN:136,(anonymous_8)
FN:143,(anonymous_9)
FN:155,addDeviceType
FN:160,types
FN:165,created
FN:172,beforeRouteEnter
FN:174,(anonymous_14)
FNF:14
FNH:6
FNDA:3,data
FNDA:3,columns
FNDA:3,types
FNDA:3,getTypes
FNDA:3,hasPerm
FNDA:0,selectType
FNDA:0,editType
FNDA:0,(anonymous_8)
FNDA:0,(anonymous_9)
FNDA:0,addDeviceType
FNDA:0,types
FNDA:3,created
FNDA:0,beforeRouteEnter
FNDA:0,(anonymous_14)
DA:70,1
DA:71,1
DA:72,1
DA:73,1
DA:78,3
DA:95,3
DA:114,3
DA:118,3
DA:123,3
DA:127,3
DA:130,0
DA:133,0
DA:135,0
DA:136,0
DA:138,0
DA:145,0
DA:153,0
DA:156,0
DA:161,0
DA:162,0
DA:166,3
DA:167,0
DA:170,3
DA:173,0
DA:174,0
DA:175,0
LF:26
LH:12
BRDA:127,0,0,3
BRDA:127,0,1,0
BRDA:166,1,0,0
BRDA:166,1,1,3
BRF:4
BRH:2
end_of_record
TN:
SF:/Volumes/Work/UpworkTask/Alex Zhenbacht/Dripio/dripio-control-panel-master/src/pages/Devices/index.vue
FN:18,data
FN:22,created
FN:24,beforeRouteEnter
FN:26,(anonymous_4)
FNF:4
FNH:2
FNDA:1,data
FNDA:1,created
FNDA:0,beforeRouteEnter
FNDA:0,(anonymous_4)
DA:13,1
DA:18,1
DA:25,0
DA:26,0
DA:27,0
LF:5
LH:2
BRF:0
BRH:0
end_of_record
TN:
SF:/Volumes/Work/UpworkTask/Alex Zhenbacht/Dripio/dripio-control-panel-master/src/pages/Devices/Device/Console.vue
FN:39,data
FN:67,log
FN:68,(anonymous_3)
FN:76,me
FN:80,log
FN:84,device
FN:90,sendCommand
FNF:7
FNH:2
FNDA:1,data
FNDA:0,log
FNDA:0,(anonymous_3)
FNDA:0,me
FNDA:1,log
FNDA:0,device
FNDA:0,sendCommand
DA:39,1
DA:67,0
DA:68,0
DA:69,0
DA:70,0
DA:77,0
DA:81,1
DA:85,0
DA:91,0
DA:103,0
DA:109,0
LF:11
LH:2
BRF:0
BRH:0
end_of_record
TN:
SF:/Volumes/Work/UpworkTask/Alex Zhenbacht/Dripio/dripio-control-panel-master/src/pages/Devices/Device/Device.vue
FN:105,data
FN:112,me
FN:115,log
FN:118,device
FN:124,saveDevice
FN:127,(anonymous_6)
FN:140,(anonymous_7)
FN:150,destroyDevice
FN:153,(anonymous_9)
FN:164,getLocationTitle
FN:168,getErr
FN:171,hasPerm
FN:175,deleteConfirmation
FN:178,deleteCurrDevice
FN:184,created
FN:205,mounted
FN:206,(anonymous_17)
FN:209,(anonymous_18)
FN:216,destroyed
FNF:19
FNH:5
FNDA:2,data
FNDA:2,me
FNDA:0,log
FNDA:0,device
FNDA:0,saveDevice
FNDA:0,(anonymous_6)
FNDA:0,(anonymous_7)
FNDA:0,destroyDevice
FNDA:0,(anonymous_9)
FNDA:0,getLocationTitle
FNDA:0,getErr
FNDA:2,hasPerm
FNDA:0,deleteConfirmation
FNDA:0,deleteCurrDevice
FNDA:2,created
FNDA:2,mounted
FNDA:0,(anonymous_17)
FNDA:0,(anonymous_18)
FNDA:0,destroyed
DA:97,1
DA:98,1
DA:99,1
DA:105,2
DA:113,2
DA:116,0
DA:119,0
DA:124,0
DA:125,0
DA:126,0
DA:135,0
DA:142,0
DA:150,0
DA:151,0
DA:152,0
DA:159,0
DA:165,0
DA:169,0
DA:173,2
DA:176,0
DA:179,0
DA:180,0
DA:185,2
DA:186,2
DA:187,0
DA:189,2
DA:190,2
DA:205,2
DA:206,2
DA:207,0
DA:209,2
DA:210,0
DA:213,2
DA:214,2
DA:217,0
DA:218,0
LF:36
LH:15
BRDA:165,0,0,0
BRDA:165,0,1,0
BRDA:173,1,0,2
BRDA:173,1,1,0
BRDA:186,2,0,0
BRDA:186,2,1,2
BRF:6
BRH:2
end_of_record
TN:
SF:/Volumes/Work/UpworkTask/Alex Zhenbacht/Dripio/dripio-control-panel-master/src/pages/Devices/Device/MCU.vue
FN:14,data
FN:17,me
FN:21,device
FN:25,checkMCUErrors
FNF:4
FNH:2
FNDA:4,data
FNDA:0,me
FNDA:0,device
FNDA:4,checkMCUErrors
DA:14,4
DA:18,0
DA:22,0
DA:26,4
DA:27,4
DA:29,0
LF:6
LH:3
BRDA:26,0,0,4
BRDA:26,0,1,0
BRF:2
BRH:1
end_of_record
TN:
SF:/Volumes/Work/UpworkTask/Alex Zhenbacht/Dripio/dripio-control-panel-master/src/pages/Devices/Device/index.vue
FN:13,data
FN:18,me
FN:22,log
FN:26,device
FN:30,scope
FN:34,isConsoleEnabled
FN:40,hasPerm
FN:45,created
FNF:8
FNH:2
FNDA:2,data
FNDA:0,me
FNDA:0,log
FNDA:0,device
FNDA:0,scope
FNDA:0,isConsoleEnabled
FNDA:0,hasPerm
FNDA:2,created
DA:13,2
DA:19,0
DA:23,0
DA:27,0
DA:31,0
DA:35,0
DA:41,0
LF:7
LH:1
BRDA:31,0,0,0
BRDA:31,0,1,0
BRF:2
BRH:0
end_of_record
TN:
SF:/Volumes/Work/UpworkTask/Alex Zhenbacht/Dripio/dripio-control-panel-master/src/pages/Devices/Model/Add.vue
FN:54,data
FN:78,types
FN:84,cancel
FN:87,create
FN:99,(anonymous_5)
FN:106,created
FNF:6
FNH:3
FNDA:2,data
FNDA:2,types
FNDA:0,cancel
FNDA:0,create
FNDA:0,(anonymous_5)
FNDA:2,created
DA:50,1
DA:55,2
DA:79,2
DA:85,0
DA:87,0
DA:88,0
DA:90,0
DA:91,0
DA:98,0
DA:99,0
DA:100,0
LF:11
LH:3
BRDA:90,0,0,0
BRDA:90,0,1,0
BRF:2
BRH:0
end_of_record
TN:
SF:/Volumes/Work/UpworkTask/Alex Zhenbacht/Dripio/dripio-control-panel-master/src/pages/Devices/Model/Model.vue
FN:245,data
FN:268,me
FN:272,model
FN:276,devices
FN:280,firmwares
FN:286,uploadHeaders
FN:291,columns
FN:316,getCurrentModel
FN:321,updateRouteMeta
FN:325,hasPerm
FN:331,selectFirmware
FN:336,otaLink
FN:339,onUploadCompleted
FN:344,copyToClipboard
FN:352,save
FN:354,(anonymous_16)
FN:364,(anonymous_17)
FN:374,destroy
FN:387,(anonymous_19)
FN:401,onCopyOTALink
FN:417,onDelFirmware
FN:420,onDelFirmwareConfirm
FN:422,(anonymous_23)
FN:434,onSaveFirmware
FN:436,(anonymous_25)
FN:449,uploadFirmware
FN:454,onSaveNewFirmware
FN:457,(anonymous_28)
FN:482,uploadFirmwareDlg
FN:483,getElementHeight
FN:491,setFirmwarePagination
FN:503,model
FN:507,created
FN:519,mounted
FN:520,(anonymous_35)
FN:523,(anonymous_36)
FN:529,destroyed
FNF:37
FNH:11
FNDA:3,data
FNDA:0,me
FNDA:0,model
FNDA:0,devices
FNDA:3,firmwares
FNDA:3,uploadHeaders
FNDA:3,columns
FNDA:3,getCurrentModel
FNDA:6,updateRouteMeta
FNDA:3,hasPerm
FNDA:0,selectFirmware
FNDA:0,otaLink
FNDA:0,onUploadCompleted
FNDA:0,copyToClipboard
FNDA:0,save
FNDA:0,(anonymous_16)
FNDA:0,(anonymous_17)
FNDA:0,destroy
FNDA:0,(anonymous_19)
FNDA:0,onCopyOTALink
FNDA:0,onDelFirmware
FNDA:0,onDelFirmwareConfirm
FNDA:0,(anonymous_23)
FNDA:0,onSaveFirmware
FNDA:0,(anonymous_25)
FNDA:0,uploadFirmware
FNDA:0,onSaveNewFirmware
FNDA:0,(anonymous_28)
FNDA:0,uploadFirmwareDlg
FNDA:15,getElementHeight
FNDA:3,setFirmwarePagination
FNDA:0,model
FNDA:3,created
FNDA:3,mounted
FNDA:0,(anonymous_35)
FNDA:0,(anonymous_36)
FNDA:0,destroyed
DA:240,1
DA:245,3
DA:269,0
DA:273,0
DA:277,0
DA:281,3
DA:282,6
DA:283,0
DA:287,3
DA:288,3
DA:292,3
DA:311,3
DA:317,3
DA:318,3
DA:319,3
DA:322,6
DA:323,6
DA:327,3
DA:328,6
DA:329,0
DA:332,0
DA:333,0
DA:334,0
DA:337,0
DA:340,0
DA:341,0
DA:342,0
DA:345,0
DA:346,0
DA:347,0
DA:348,0
DA:349,0
DA:350,0
DA:352,0
DA:353,0
DA:359,0
DA:366,0
DA:374,0
DA:375,0
DA:376,0
DA:377,0
DA:382,0
DA:386,0
DA:391,0
DA:396,0
DA:402,0
DA:403,0
DA:404,0
DA:410,0
DA:418,0
DA:420,0
DA:421,0
DA:426,0
DA:427,0
DA:434,0
DA:435,0
DA:441,0
DA:442,0
DA:450,0
DA:451,0
DA:452,0
DA:454,0
DA:455,0
DA:456,0
DA:465,0
DA:466,0
DA:467,0
DA:474,0
DA:484,15
DA:485,15
DA:486,0
DA:488,15
DA:492,3
DA:494,3
DA:495,3
DA:504,0
DA:508,3
DA:509,0
DA:514,3
DA:515,3
DA:519,3
DA:520,3
DA:521,0
DA:523,3
DA:524,0
DA:527,3
DA:530,0
LF:87
LH:28
BRDA:282,0,0,3
BRDA:282,0,1,0
BRDA:328,1,0,3
BRDA:328,1,1,0
BRDA:376,2,0,0
BRDA:376,2,1,0
BRDA:455,3,0,0
BRDA:455,3,1,0
BRDA:455,4,0,0
BRDA:455,4,1,0
BRDA:455,4,2,0
BRDA:485,5,0,0
BRDA:485,5,1,15
BRDA:485,6,0,15
BRDA:485,6,1,15
BRDA:508,7,0,0
BRDA:508,7,1,3
BRF:17
BRH:6
end_of_record
TN:
SF:/Volumes/Work/UpworkTask/Alex Zhenbacht/Dripio/dripio-control-panel-master/src/pages/Devices/Model/ModelSoftware.vue
FN:29,data
FN:34,me
FN:38,software
FN:42,otaLink
FN:48,hasPerm
FN:51,save
FN:56,destroy
FN:58,(anonymous_8)
FN:69,created
FNF:9
FNH:2
FNDA:3,data
FNDA:0,me
FNDA:0,software
FNDA:0,otaLink
FNDA:0,hasPerm
FNDA:0,save
FNDA:0,destroy
FNDA:0,(anonymous_8)
FNDA:3,created
DA:29,3
DA:35,0
DA:39,0
DA:43,0
DA:49,0
DA:52,0
DA:56,0
DA:57,0
DA:62,0
LF:9
LH:1
BRF:0
BRH:0
end_of_record
TN:
SF:/Volumes/Work/UpworkTask/Alex Zhenbacht/Dripio/dripio-control-panel-master/src/pages/Devices/Model/ModelSoftwareList.vue
FN:47,data
FN:57,uploadHeaders
FN:61,columns
FN:83,software
FN:92,software
FN:98,selectSoftware
FN:103,onUploadCompleted
FN:108,created
FNF:8
FNH:4
FNDA:2,data
FNDA:2,uploadHeaders
FNDA:2,columns
FNDA:0,software
FNDA:0,software
FNDA:0,selectSoftware
FNDA:0,onUploadCompleted
FNDA:2,created
DA:41,1
DA:47,2
DA:58,2
DA:59,2
DA:62,2
DA:80,2
DA:87,0
DA:93,0
DA:99,0
DA:104,0
LF:10
LH:6
BRF:0
BRH:0
end_of_record
TN:
SF:/Volumes/Work/UpworkTask/Alex Zhenbacht/Dripio/dripio-control-panel-master/src/pages/Devices/Model/index.vue
FN:15,data
FN:18,me
FN:22,model
FN:28,hasPerm
FN:33,created
FN:39,beforeRouteEnter
FN:41,(anonymous_7)
FNF:7
FNH:2
FNDA:2,data
FNDA:0,me
FNDA:0,model
FNDA:0,hasPerm
FNDA:2,created
FNDA:0,beforeRouteEnter
FNDA:0,(anonymous_7)
DA:10,1
DA:15,2
DA:19,0
DA:23,0
DA:29,0
DA:40,0
DA:41,0
DA:42,0
LF:8
LH:2
BRF:0
BRH:0
end_of_record
TN:
SF:/Volumes/Work/UpworkTask/Alex Zhenbacht/Dripio/dripio-control-panel-master/src/pages/Devices/Type/Add.vue
FN:22,data
FN:39,types
FN:45,cancel
FN:48,create
FN:64,created
FNF:5
FNH:2
FNDA:2,data
FNDA:0,types
FNDA:0,cancel
FNDA:0,create
FNDA:2,created
DA:18,2
DA:23,2
DA:40,0
DA:46,0
DA:49,0
DA:51,0
DA:52,0
DA:59,0
LF:8
LH:2
BRDA:51,0,0,0
BRDA:51,0,1,0
BRF:2
BRH:0
end_of_record
TN:
SF:/Volumes/Work/UpworkTask/Alex Zhenbacht/Dripio/dripio-control-panel-master/src/pages/Devices/Type/Type.vue
FN:30,data
FN:37,me
FN:41,type
FN:44,models
FN:50,getCurrentType
FN:54,updateRouteMeta
FN:58,deleteType
FN:60,(anonymous_8)
FN:69,findTypeModels
FN:70,(anonymous_10)
FN:78,type
FN:82,created
FN:89,mounted
FN:90,(anonymous_14)
FNF:14
FNH:0
FNDA:0,data
FNDA:0,me
FNDA:0,type
FNDA:0,models
FNDA:0,getCurrentType
FNDA:0,updateRouteMeta
FNDA:0,deleteType
FNDA:0,(anonymous_8)
FNDA:0,findTypeModels
FNDA:0,(anonymous_10)
FNDA:0,type
FNDA:0,created
FNDA:0,mounted
FNDA:0,(anonymous_14)
DA:25,0
DA:30,0
DA:38,0
DA:42,0
DA:45,0
DA:51,0
DA:52,0
DA:55,0
DA:56,0
DA:58,0
DA:59,0
DA:64,0
DA:69,0
DA:70,0
DA:71,0
DA:72,0
DA:79,0
DA:86,0
DA:87,0
DA:89,0
DA:90,0
DA:91,0
DA:93,0
DA:94,0
LF:24
LH:0
BRDA:71,0,0,0
BRDA:71,0,1,0
BRF:2
BRH:0
end_of_record
TN:
SF:/Volumes/Work/UpworkTask/Alex Zhenbacht/Dripio/dripio-control-panel-master/src/pages/Locations/BottomTabs.vue
FN:34,data
FNF:1
FNH:0
FNDA:0,data
DA:34,0
LF:1
LH:0
BRF:0
BRH:0
end_of_record
TN:
SF:/Volumes/Work/UpworkTask/Alex Zhenbacht/Dripio/dripio-control-panel-master/src/pages/Locations/BottomTabsDetails.vue
FN:28,data
FNF:1
FNH:0
FNDA:0,data
DA:28,0
LF:1
LH:0
BRF:0
BRH:0
end_of_record
TN:
SF:/Volumes/Work/UpworkTask/Alex Zhenbacht/Dripio/dripio-control-panel-master/src/pages/Locations/Location.vue
FN:28,data
FN:31,urlScope
FN:36,created
FNF:3
FNH:3
FNDA:2,data
FNDA:2,urlScope
FNDA:2,created
DA:28,2
DA:32,2
LF:2
LH:2
BRDA:32,0,0,0
BRDA:32,0,1,2
BRF:2
BRH:1
end_of_record
TN:
SF:/Volumes/Work/UpworkTask/Alex Zhenbacht/Dripio/dripio-control-panel-master/src/pages/Locations/LocationDetails.vue
FN:52,data
FN:60,location
FN:66,saveLocation
FN:71,destroyLocation
FN:73,(anonymous_10)
FN:81,hasPerm
FN:84,editLocation
FN:98,created
FNF:8
FNH:3
FNDA:9,data
FNDA:0,location
FNDA:0,saveLocation
FNDA:0,destroyLocation
FNDA:0,(anonymous_10)
FNDA:0,hasPerm
FNDA:1,editLocation
FNDA:9,created
DA:47,1
DA:52,9
DA:61,0
DA:67,0
DA:71,0
DA:72,0
DA:73,0
DA:77,0
DA:78,0
DA:82,0
DA:85,1
DA:86,1
DA:88,0
DA:99,9
DA:100,9
LF:15
LH:6
BRDA:72,0,0,0
BRDA:72,0,1,0
BRDA:77,1,0,0
BRDA:77,1,1,0
BRDA:85,2,0,1
BRDA:85,2,1,0
BRDA:99,3,0,0
BRDA:99,3,1,9
BRF:8
BRH:2
end_of_record
TN:
SF:/Volumes/Work/UpworkTask/Alex Zhenbacht/Dripio/dripio-control-panel-master/src/pages/Locations/Locations.vue
FN:60,data
FN:69,locations
FN:77,columns
FN:85,format
FN:93,field
FN:106,field
FN:113,locations
FN:123,currentCountryConfig
FN:126,addressTandem
FN:133,getUserName
FN:141,createLocation
FN:148,selectLocation
FN:152,hasPerm
FN:155,addLocation
FN:171,mounted
FNF:15
FNH:5
FNDA:9,data
FNDA:1,locations
FNDA:9,columns
FNDA:0,format
FNDA:0,field
FNDA:0,field
FNDA:9,locations
FNDA:0,currentCountryConfig
FNDA:0,addressTandem
FNDA:0,getUserName
FNDA:0,createLocation
FNDA:0,selectLocation
FNDA:0,hasPerm
FNDA:0,addLocation
FNDA:9,mounted
DA:50,1
DA:51,1
DA:52,1
DA:53,1
DA:60,9
DA:70,1
DA:77,9
DA:78,9
DA:85,0
DA:93,0
DA:98,9
DA:101,9
DA:106,0
DA:111,9
DA:114,9
DA:115,0
DA:117,9
DA:124,0
DA:127,0
DA:128,0
DA:130,0
DA:134,0
DA:135,0
DA:136,0
DA:138,0
DA:142,0
DA:143,0
DA:146,0
DA:149,0
DA:150,0
DA:153,0
DA:156,0
LF:32
LH:13
BRDA:98,0,0,0
BRDA:98,0,1,9
BRDA:114,1,0,0
BRDA:114,1,1,9
BRDA:124,2,0,0
BRDA:124,2,1,0
BRDA:127,3,0,0
BRDA:127,3,1,0
BRDA:127,4,0,0
BRDA:127,4,1,0
BRDA:135,5,0,0
BRDA:135,5,1,0
BRDA:142,6,0,0
BRDA:142,6,1,0
BRDA:149,7,0,0
BRDA:149,7,1,0
BRF:16
BRH:2
end_of_record
TN:
SF:/Volumes/Work/UpworkTask/Alex Zhenbacht/Dripio/dripio-control-panel-master/src/pages/My/Dashboard.vue
FN:21,data
FN:28,locations
FN:33,me
FN:37,created
FNF:4
FNH:2
FNDA:5,data
FNDA:0,locations
FNDA:0,me
FNDA:5,created
DA:17,1
DA:22,5
DA:29,0
DA:34,0
DA:38,5
LF:5
LH:3
BRDA:34,0,0,0
BRDA:34,0,1,0
BRDA:38,1,0,0
BRDA:38,1,1,5
BRF:4
BRH:1
end_of_record
TN:
SF:/Volumes/Work/UpworkTask/Alex Zhenbacht/Dripio/dripio-control-panel-master/src/pages/My/Profile.vue
FN:41,data
FN:55,getCurrentUserData
FN:58,changePassword
FN:61,getErr
FN:64,saveChanges
FN:74,(anonymous_11)
FN:81,(anonymous_12)
FN:95,me
FN:97,created
FNF:9
FNH:3
FNDA:2,data
FNDA:2,getCurrentUserData
FNDA:0,changePassword
FNDA:0,getErr
FNDA:0,saveChanges
FNDA:0,(anonymous_11)
FNDA:0,(anonymous_12)
FNDA:0,me
FNDA:2,created
DA:32,1
DA:33,1
DA:34,1
DA:35,1
DA:42,2
DA:56,2
DA:59,0
DA:62,0
DA:64,0
DA:65,0
DA:66,0
DA:73,0
DA:74,0
DA:76,0
DA:83,0
DA:95,0
DA:98,2
LF:17
LH:7
BRDA:65,0,0,0
BRDA:65,0,1,0
BRDA:65,1,0,0
BRDA:65,1,1,0
BRDA:65,1,2,0
BRF:5
BRH:0
end_of_record
TN:
SF:/Volumes/Work/UpworkTask/Alex Zhenbacht/Dripio/dripio-control-panel-master/src/pages/My/Locations/BottomTabs.vue
FN:34,data
FNF:1
FNH:1
FNDA:5,data
DA:34,5
LF:1
LH:1
BRF:0
BRH:0
end_of_record
TN:
SF:/Volumes/Work/UpworkTask/Alex Zhenbacht/Dripio/dripio-control-panel-master/src/pages/My/Locations/BottomTabsDetails.vue
FN:28,data
FNF:1
FNH:1
FNDA:4,data
DA:28,4
LF:1
LH:1
BRF:0
BRH:0
end_of_record
TN:
SF:/Volumes/Work/UpworkTask/Alex Zhenbacht/Dripio/dripio-control-panel-master/src/pages/My/Locations/LocationList.vue
FN:48,data
FN:57,locations
FN:63,currentCountryConfig
FN:66,addressTandem
FN:73,getUserName
FN:81,getLocationRoute
FN:84,createLocation
FN:91,addLocation
FN:95,loadLocations
FN:103,me
FN:108,created
FNF:11
FNH:0
FNDA:0,data
FNDA:0,locations
FNDA:0,currentCountryConfig
FNDA:0,addressTandem
FNDA:0,getUserName
FNDA:0,getLocationRoute
FNDA:0,createLocation
FNDA:0,addLocation
FNDA:0,loadLocations
FNDA:0,me
FNDA:0,created
DA:43,0
DA:44,0
DA:49,0
DA:58,0
DA:64,0
DA:67,0
DA:68,0
DA:70,0
DA:74,0
DA:75,0
DA:76,0
DA:78,0
DA:82,0
DA:85,0
DA:86,0
DA:89,0
DA:93,0
DA:96,0
DA:97,0
DA:104,0
LF:20
LH:0
BRDA:64,0,0,0
BRDA:64,0,1,0
BRDA:67,1,0,0
BRDA:67,1,1,0
BRDA:75,2,0,0
BRDA:75,2,1,0
BRDA:96,3,0,0
BRDA:96,3,1,0
BRF:8
BRH:0
end_of_record
TN:
SF:/Volumes/Work/UpworkTask/Alex Zhenbacht/Dripio/dripio-control-panel-master/src/pages/Users/AddUser.vue
FN:42,data
FN:59,createUser
FN:67,(anonymous_3)
FN:72,(anonymous_4)
FN:81,hasPerm
FNF:5
FNH:0
FNDA:0,data
FNDA:0,createUser
FNDA:0,(anonymous_3)
FNDA:0,(anonymous_4)
FNDA:0,hasPerm
DA:39,0
DA:42,0
DA:59,0
DA:60,0
DA:62,0
DA:63,0
DA:66,0
DA:67,0
DA:69,0
DA:70,0
DA:71,0
DA:74,0
DA:82,0
LF:13
LH:0
BRDA:62,0,0,0
BRDA:62,0,1,0
BRF:2
BRH:0
end_of_record
TN:
SF:/Volumes/Work/UpworkTask/Alex Zhenbacht/Dripio/dripio-control-panel-master/src/pages/Users/User.vue
FN:117,data
FN:186,permissions
FN:189,user
FN:192,getUserPermissions
FN:197,getCurrentUserData
FN:200,getLocationTitle
FN:203,getErr
FN:206,saveUser
FN:215,(anonymous_9)
FN:222,(anonymous_10)
FN:234,destroyUser
FN:236,(anonymous_12)
FN:243,resendConfirmation
FN:244,(anonymous_14)
FN:252,(anonymous_15)
FN:263,hasPerm
FN:266,groupPermissions
FN:285,user
FN:289,created
FNF:19
FNH:6
FNDA:2,data
FNDA:0,permissions
FNDA:0,user
FNDA:2,getUserPermissions
FNDA:2,getCurrentUserData
FNDA:0,getLocationTitle
FNDA:0,getErr
FNDA:0,saveUser
FNDA:0,(anonymous_9)
FNDA:0,(anonymous_10)
FNDA:0,destroyUser
FNDA:0,(anonymous_12)
FNDA:0,resendConfirmation
FNDA:0,(anonymous_14)
FNDA:0,(anonymous_15)
FNDA:2,hasPerm
FNDA:2,groupPermissions
FNDA:0,user
FNDA:2,created
DA:110,1
DA:111,1
DA:117,2
DA:187,0
DA:190,0
DA:193,2
DA:198,2
DA:201,0
DA:204,0
DA:206,0
DA:207,0
DA:208,0
DA:215,0
DA:217,0
DA:224,0
DA:234,0
DA:235,0
DA:240,0
DA:243,0
DA:244,0
DA:246,0
DA:254,0
DA:264,2
DA:268,2
DA:269,2
DA:270,2
DA:271,2
DA:272,2
DA:273,2
DA:274,2
DA:275,2
DA:276,2
DA:277,2
DA:280,2
DA:281,2
DA:286,0
DA:290,2
DA:291,0
DA:297,2
LF:39
LH:20
BRDA:201,0,0,0
BRDA:201,0,1,0
BRDA:207,1,0,0
BRDA:207,1,1,0
BRDA:275,2,0,2
BRDA:275,2,1,0
BRDA:290,3,0,0
BRDA:290,3,1,2
BRF:8
BRH:2
end_of_record
TN:
SF:/Volumes/Work/UpworkTask/Alex Zhenbacht/Dripio/dripio-control-panel-master/src/pages/Users/Users.vue
FN:34,data
FN:45,columns
FN:52,field
FN:60,field
FN:61,format
FN:69,field
FN:70,format
FN:78,field
FN:79,format
FN:86,users
FN:92,selectUser
FN:95,hasPerm
FN:98,addUser
FN:104,created
FN:108,beforeRouteEnter
FN:110,(anonymous_16)
FNF:16
FNH:4
FNDA:2,data
FNDA:2,columns
FNDA:0,field
FNDA:0,field
FNDA:0,format
FNDA:0,field
FNDA:0,format
FNDA:0,field
FNDA:0,format
FNDA:2,users
FNDA:0,selectUser
FNDA:0,hasPerm
FNDA:0,addUser
FNDA:2,created
FNDA:0,beforeRouteEnter
FNDA:0,(anonymous_16)
DA:26,1
DA:28,1
DA:29,1
DA:34,2
DA:46,2
DA:52,0
DA:60,0
DA:61,0
DA:69,0
DA:70,0
DA:78,0
DA:79,0
DA:84,2
DA:87,2
DA:93,0
DA:96,0
DA:99,0
DA:100,0
DA:109,0
DA:110,0
DA:111,0
LF:21
LH:7
BRDA:99,0,0,0
BRDA:99,0,1,0
BRF:2
BRH:0
end_of_record
TN:
SF:/Volumes/Work/UpworkTask/Alex Zhenbacht/Dripio/dripio-control-panel-master/src/router/devices.js
FN:1,deviceDetails
FN:9,(anonymous_1)
FN:10,(anonymous_2)
FN:17,(anonymous_3)
FN:26,(anonymous_4)
FN:32,(anonymous_5)
FN:45,(anonymous_6)
FN:58,(anonymous_7)
FN:79,(anonymous_8)
FN:80,(anonymous_9)
FN:93,(anonymous_10)
FN:94,(anonymous_11)
FN:109,(anonymous_12)
FN:110,(anonymous_13)
FN:122,(anonymous_14)
FN:133,(anonymous_15)
FN:138,(anonymous_16)
FN:154,(anonymous_17)
FN:155,(anonymous_18)
FN:173,(anonymous_19)
FN:174,(anonymous_20)
FN:189,(anonymous_21)
FN:190,(anonymous_22)
FNF:23
FNH:0
FNDA:0,deviceDetails
FNDA:0,(anonymous_1)
FNDA:0,(anonymous_2)
FNDA:0,(anonymous_3)
FNDA:0,(anonymous_4)
FNDA:0,(anonymous_5)
FNDA:0,(anonymous_6)
FNDA:0,(anonymous_7)
FNDA:0,(anonymous_8)
FNDA:0,(anonymous_9)
FNDA:0,(anonymous_10)
FNDA:0,(anonymous_11)
FNDA:0,(anonymous_12)
FNDA:0,(anonymous_13)
FNDA:0,(anonymous_14)
FNDA:0,(anonymous_15)
FNDA:0,(anonymous_16)
FNDA:0,(anonymous_17)
FNDA:0,(anonymous_18)
FNDA:0,(anonymous_19)
FNDA:0,(anonymous_20)
FNDA:0,(anonymous_21)
FNDA:0,(anonymous_22)
DA:2,0
DA:9,0
DA:10,0
DA:17,0
DA:26,0
DA:32,0
DA:45,0
DA:58,0
DA:79,0
DA:80,0
DA:93,0
DA:94,0
DA:109,0
DA:110,0
DA:122,0
DA:133,0
DA:138,0
DA:154,0
DA:155,0
DA:173,0
DA:174,0
DA:189,0
DA:190,0
LF:23
LH:0
BRF:0
BRH:0
end_of_record
TN:
SF:/Volumes/Work/UpworkTask/Alex Zhenbacht/Dripio/dripio-control-panel-master/src/router/index.js
FN:13,(anonymous_0)
FN:15,(anonymous_1)
FNF:2
FNH:0
FNDA:0,(anonymous_0)
FNDA:0,(anonymous_1)
DA:6,0
DA:14,0
DA:15,0
DA:25,0
LF:4
LH:0
BRF:0
BRH:0
end_of_record
TN:
SF:/Volumes/Work/UpworkTask/Alex Zhenbacht/Dripio/dripio-control-panel-master/src/router/locations.js
FN:8,(anonymous_0)
FN:9,(anonymous_1)
FN:43,(anonymous_2)
FN:53,(anonymous_3)
FN:67,(anonymous_4)
FN:68,(anonymous_5)
FN:74,(anonymous_6)
FN:88,(anonymous_7)
FN:104,(anonymous_8)
FN:105,(anonymous_9)
FN:106,(anonymous_10)
FN:112,(anonymous_11)
FN:125,(anonymous_12)
FN:136,(anonymous_13)
FN:147,(anonymous_14)
FNF:15
FNH:0
FNDA:0,(anonymous_0)
FNDA:0,(anonymous_1)
FNDA:0,(anonymous_2)
FNDA:0,(anonymous_3)
FNDA:0,(anonymous_4)
FNDA:0,(anonymous_5)
FNDA:0,(anonymous_6)
FNDA:0,(anonymous_7)
FNDA:0,(anonymous_8)
FNDA:0,(anonymous_9)
FNDA:0,(anonymous_10)
FNDA:0,(anonymous_11)
FNDA:0,(anonymous_12)
FNDA:0,(anonymous_13)
FNDA:0,(anonymous_14)
DA:1,0
DA:2,0
DA:8,0
DA:9,0
DA:43,0
DA:53,0
DA:67,0
DA:68,0
DA:74,0
DA:88,0
DA:104,0
DA:105,0
DA:106,0
DA:112,0
DA:125,0
DA:136,0
DA:147,0
LF:17
LH:0
BRF:0
BRH:0
end_of_record
TN:
SF:/Volumes/Work/UpworkTask/Alex Zhenbacht/Dripio/dripio-control-panel-master/src/router/my.js
FN:8,(anonymous_0)
FN:9,(anonymous_1)
FN:20,(anonymous_2)
FN:21,(anonymous_3)
FN:27,(anonymous_4)
FN:37,(anonymous_5)
FN:52,(anonymous_6)
FN:53,(anonymous_7)
FN:59,(anonymous_8)
FN:73,(anonymous_9)
FN:90,(anonymous_10)
FN:91,(anonymous_11)
FN:92,(anonymous_12)
FN:98,(anonymous_13)
FN:111,(anonymous_14)
FN:122,(anonymous_15)
FN:133,(anonymous_16)
FN:149,(anonymous_17)
FN:150,(anonymous_18)
FNF:19
FNH:0
FNDA:0,(anonymous_0)
FNDA:0,(anonymous_1)
FNDA:0,(anonymous_2)
FNDA:0,(anonymous_3)
FNDA:0,(anonymous_4)
FNDA:0,(anonymous_5)
FNDA:0,(anonymous_6)
FNDA:0,(anonymous_7)
FNDA:0,(anonymous_8)
FNDA:0,(anonymous_9)
FNDA:0,(anonymous_10)
FNDA:0,(anonymous_11)
FNDA:0,(anonymous_12)
FNDA:0,(anonymous_13)
FNDA:0,(anonymous_14)
FNDA:0,(anonymous_15)
FNDA:0,(anonymous_16)
FNDA:0,(anonymous_17)
FNDA:0,(anonymous_18)
DA:1,0
DA:2,0
DA:8,0
DA:9,0
DA:20,0
DA:21,0
DA:27,0
DA:37,0
DA:52,0
DA:53,0
DA:59,0
DA:73,0
DA:90,0
DA:91,0
DA:92,0
DA:98,0
DA:111,0
DA:122,0
DA:133,0
DA:149,0
DA:150,0
LF:21
LH:0
BRF:0
BRH:0
end_of_record
TN:
SF:/Volumes/Work/UpworkTask/Alex Zhenbacht/Dripio/dripio-control-panel-master/src/router/routes.js
FN:9,(anonymous_0)
FN:11,(anonymous_1)
FN:16,(anonymous_2)
FN:18,(anonymous_3)
FN:23,(anonymous_4)
FN:25,(anonymous_5)
FN:30,(anonymous_6)
FN:32,(anonymous_7)
FN:37,(anonymous_8)
FN:41,(anonymous_9)
FN:47,(anonymous_10)
FN:62,(anonymous_11)
FNF:12
FNH:0
FNDA:0,(anonymous_0)
FNDA:0,(anonymous_1)
FNDA:0,(anonymous_2)
FNDA:0,(anonymous_3)
FNDA:0,(anonymous_4)
FNDA:0,(anonymous_5)
FNDA:0,(anonymous_6)
FNDA:0,(anonymous_7)
FNDA:0,(anonymous_8)
FNDA:0,(anonymous_9)
FNDA:0,(anonymous_10)
FNDA:0,(anonymous_11)
DA:6,0
DA:9,0
DA:11,0
DA:16,0
DA:18,0
DA:23,0
DA:25,0
DA:30,0
DA:32,0
DA:37,0
DA:41,0
DA:47,0
DA:59,0
DA:60,0
DA:62,0
LF:15
LH:0
BRDA:59,0,0,0
BRDA:59,0,1,0
BRF:2
BRH:0
end_of_record
TN:
SF:/Volumes/Work/UpworkTask/Alex Zhenbacht/Dripio/dripio-control-panel-master/src/router/users.js
FN:5,(anonymous_0)
FN:6,(anonymous_1)
FN:20,(anonymous_2)
FN:21,(anonymous_3)
FN:35,(anonymous_4)
FN:36,(anonymous_5)
FN:37,(anonymous_6)
FNF:7
FNH:0
FNDA:0,(anonymous_0)
FNDA:0,(anonymous_1)
FNDA:0,(anonymous_2)
FNDA:0,(anonymous_3)
FNDA:0,(anonymous_4)
FNDA:0,(anonymous_5)
FNDA:0,(anonymous_6)
DA:5,0
DA:6,0
DA:20,0
DA:21,0
DA:35,0
DA:36,0
DA:37,0
LF:7
LH:0
BRF:0
BRH:0
end_of_record
TN:
SF:/Volumes/Work/UpworkTask/Alex Zhenbacht/Dripio/dripio-control-panel-master/src/store/index.js
FN:22,(anonymous_0)
FNF:1
FNH:0
FNDA:0,(anonymous_0)
DA:15,6
DA:23,0
DA:38,0
LF:3
LH:1
BRF:0
BRH:0
end_of_record
TN:
SF:/Volumes/Work/UpworkTask/Alex Zhenbacht/Dripio/dripio-control-panel-master/src/store/auth/actions.js
FN:4,login
FN:5,(anonymous_1)
FN:7,(anonymous_2)
FN:14,(anonymous_3)
FN:22,logout
FN:23,(anonymous_5)
FN:29,loadCurrentUser
FN:30,(anonymous_7)
FN:32,(anonymous_8)
FN:37,(anonymous_9)
FN:46,updateCurrentUser
FN:47,(anonymous_11)
FN:49,(anonymous_12)
FN:53,(anonymous_13)
FN:59,loadPermissionsList
FN:60,(anonymous_15)
FN:62,(anonymous_16)
FN:66,(anonymous_17)
FN:75,checkLoggedIn
FN:76,(anonymous_19)
FN:84,(anonymous_20)
FN:94,setAxiosHeaders
FNF:22
FNH:17
FNDA:1,login
FNDA:1,(anonymous_1)
FNDA:1,(anonymous_2)
FNDA:0,(anonymous_3)
FNDA:1,logout
FNDA:1,(anonymous_5)
FNDA:1,loadCurrentUser
FNDA:1,(anonymous_7)
FNDA:1,(anonymous_8)
FNDA:0,(anonymous_9)
FNDA:1,updateCurrentUser
FNDA:1,(anonymous_11)
FNDA:1,(anonymous_12)
FNDA:0,(anonymous_13)
FNDA:1,loadPermissionsList
FNDA:1,(anonymous_15)
FNDA:1,(anonymous_16)
FNDA:0,(anonymous_17)
FNDA:1,checkLoggedIn
FNDA:1,(anonymous_19)
FNDA:0,(anonymous_20)
FNDA:1,setAxiosHeaders
DA:5,1
DA:6,1
DA:8,1
DA:9,1
DA:11,0
DA:12,0
DA:16,0
DA:17,0
DA:23,1
DA:24,1
DA:25,1
DA:30,1
DA:31,1
DA:33,1
DA:34,1
DA:35,0
DA:39,0
DA:40,0
DA:47,1
DA:48,1
DA:50,1
DA:51,0
DA:54,0
DA:60,1
DA:61,1
DA:63,1
DA:64,1
DA:68,0
DA:69,0
DA:76,1
DA:77,1
DA:78,1
DA:80,1
DA:81,1
DA:82,1
DA:84,1
DA:85,0
DA:86,0
DA:89,0
DA:95,1
LF:40
LH:26
BRDA:80,0,0,1
BRDA:80,0,1,0
BRF:2
BRH:1
end_of_record
TN:
SF:/Volumes/Work/UpworkTask/Alex Zhenbacht/Dripio/dripio-control-panel-master/src/store/auth/getters.js
FN:1,token
FN:5,currentUser
FN:11,permissions
FN:15,hasPerm
FN:16,(anonymous_4)
FNF:5
FNH:5
FNDA:4,token
FNDA:17,currentUser
FNDA:1,permissions
FNDA:8,hasPerm
FNDA:42,(anonymous_4)
DA:2,4
DA:7,17
DA:8,17
DA:12,1
DA:16,42
LF:5
LH:5
BRDA:16,0,0,42
BRDA:16,0,1,1
BRF:2
BRH:2
end_of_record
TN:
SF:/Volumes/Work/UpworkTask/Alex Zhenbacht/Dripio/dripio-control-panel-master/src/store/auth/index.js
FNF:0
FNH:0
LF:0
LH:0
BRF:0
BRH:0
end_of_record
TN:
SF:/Volumes/Work/UpworkTask/Alex Zhenbacht/Dripio/dripio-control-panel-master/src/store/auth/mutations.js
FN:1,login
FN:8,logout
FN:17,setCurrentUser
FN:21,setPermissions
FNF:4
FNH:4
FNDA:1,login
FNDA:1,logout
FNDA:1,setCurrentUser
FNDA:1,setPermissions
DA:2,1
DA:3,1
DA:4,1
DA:5,1
DA:9,1
DA:10,1
DA:11,1
DA:12,1
DA:14,1
DA:18,1
DA:22,1
LF:11
LH:11
BRF:0
BRH:0
end_of_record
TN:
SF:/Volumes/Work/UpworkTask/Alex Zhenbacht/Dripio/dripio-control-panel-master/src/store/auth/state.js
FNF:0
FNH:0
LF:0
LH:0
BRF:0
BRH:0
end_of_record
TN:
SF:/Volumes/Work/UpworkTask/Alex Zhenbacht/Dripio/dripio-control-panel-master/src/store/device-models/actions.js
FN:3,loadAll
FN:4,(anonymous_1)
FN:6,(anonymous_2)
FN:10,(anonymous_3)
FN:17,loadOne
FN:18,(anonymous_5)
FN:20,(anonymous_6)
FN:24,(anonymous_7)
FN:31,update
FN:34,(anonymous_9)
FN:37,(anonymous_10)
FN:39,(anonymous_11)
FN:45,create
FN:46,(anonymous_13)
FN:48,(anonymous_14)
FN:57,destroy
FN:58,(anonymous_16)
FN:60,(anonymous_17)
FN:64,(anonymous_18)
FNF:19
FNH:15
FNDA:4,loadAll
FNDA:4,(anonymous_1)
FNDA:1,(anonymous_2)
FNDA:0,(anonymous_3)
FNDA:1,loadOne
FNDA:1,(anonymous_5)
FNDA:1,(anonymous_6)
FNDA:0,(anonymous_7)
FNDA:1,update
FNDA:1,(anonymous_9)
FNDA:1,(anonymous_10)
FNDA:0,(anonymous_11)
FNDA:1,create
FNDA:1,(anonymous_13)
FNDA:1,(anonymous_14)
FNDA:1,destroy
FNDA:1,(anonymous_16)
FNDA:1,(anonymous_17)
FNDA:0,(anonymous_18)
DA:4,4
DA:5,4
DA:7,1
DA:8,1
DA:11,0
DA:18,1
DA:19,1
DA:21,1
DA:22,1
DA:25,0
DA:32,1
DA:34,1
DA:35,1
DA:38,1
DA:40,0
DA:46,1
DA:47,1
DA:49,1
DA:50,1
DA:58,1
DA:59,1
DA:61,1
DA:62,1
LF:23
LH:20
BRF:0
BRH:0
end_of_record
TN:
SF:/Volumes/Work/UpworkTask/Alex Zhenbacht/Dripio/dripio-control-panel-master/src/store/device-models/getters.js
FN:1,all
FN:9,byId
FN:10,(anonymous_2)
FNF:3
FNH:3
FNDA:4,all
FNDA:3,byId
FNDA:2,(anonymous_2)
DA:2,4
DA:10,3
LF:2
LH:2
BRDA:10,0,0,2
BRDA:10,0,1,1
BRF:2
BRH:2
end_of_record
TN:
SF:/Volumes/Work/UpworkTask/Alex Zhenbacht/Dripio/dripio-control-panel-master/src/store/device-models/index.js
FNF:0
FNH:0
LF:0
LH:0
BRF:0
BRH:0
end_of_record
TN:
SF:/Volumes/Work/UpworkTask/Alex Zhenbacht/Dripio/dripio-control-panel-master/src/store/device-models/mutations.js
FN:3,importDeviceModel
FN:9,importDeviceModels
FN:15,removeDeviceModel
FNF:3
FNH:3
FNDA:3,importDeviceModel
FNDA:1,importDeviceModels
FNDA:1,removeDeviceModel
DA:4,3
DA:5,3
DA:10,1
DA:11,2
DA:16,1
LF:5
LH:5
BRDA:4,0,0,3
BRDA:4,0,1,0
BRF:2
BRH:1
end_of_record
TN:
SF:/Volumes/Work/UpworkTask/Alex Zhenbacht/Dripio/dripio-control-panel-master/src/store/device-models/state.js
FNF:0
FNH:0
LF:0
LH:0
BRF:0
BRH:0
end_of_record
TN:
SF:/Volumes/Work/UpworkTask/Alex Zhenbacht/Dripio/dripio-control-panel-master/src/store/device-software/actions.js
FN:3,loadAll
FN:4,(anonymous_1)
FN:6,(anonymous_2)
FN:10,(anonymous_3)
FN:17,loadOne
FN:18,(anonymous_5)
FN:20,(anonymous_6)
FN:24,(anonymous_7)
FN:31,update
FN:34,(anonymous_9)
FN:37,(anonymous_10)
FN:39,(anonymous_11)
FN:43,updateWithData
FN:44,(anonymous_13)
FN:47,(anonymous_14)
FN:53,(anonymous_15)
FN:57,destroy
FN:58,(anonymous_17)
FN:60,(anonymous_18)
FN:64,(anonymous_19)
FNF:20
FNH:12
FNDA:1,loadAll
FNDA:1,(anonymous_1)
FNDA:1,(anonymous_2)
FNDA:0,(anonymous_3)
FNDA:1,loadOne
FNDA:1,(anonymous_5)
FNDA:1,(anonymous_6)
FNDA:0,(anonymous_7)
FNDA:1,update
FNDA:1,(anonymous_9)
FNDA:1,(anonymous_10)
FNDA:0,(anonymous_11)
FNDA:0,updateWithData
FNDA:0,(anonymous_13)
FNDA:0,(anonymous_14)
FNDA:0,(anonymous_15)
FNDA:1,destroy
FNDA:1,(anonymous_17)
FNDA:1,(anonymous_18)
FNDA:0,(anonymous_19)
DA:4,1
DA:5,1
DA:7,1
DA:8,1
DA:11,0
DA:18,1
DA:19,1
DA:21,1
DA:22,1
DA:25,0
DA:32,1
DA:34,1
DA:35,1
DA:38,1
DA:44,0
DA:45,0
DA:48,0
DA:52,0
DA:53,0
DA:58,1
DA:59,1
DA:61,1
DA:62,1
LF:23
LH:16
BRF:0
BRH:0
end_of_record
TN:
SF:/Volumes/Work/UpworkTask/Alex Zhenbacht/Dripio/dripio-control-panel-master/src/store/device-software/getters.js
FN:1,all
FN:5,byModelId
FN:6,(anonymous_2)
FN:6,(anonymous_3)
FN:9,byId
FN:10,(anonymous_5)
FNF:6
FNH:6
FNDA:4,all
FNDA:5,byModelId
FNDA:5,(anonymous_2)
FNDA:2,(anonymous_3)
FNDA:3,byId
FNDA:2,(anonymous_5)
DA:2,4
DA:6,5
DA:10,3
LF:3
LH:3
BRDA:10,0,0,2
BRDA:10,0,1,1
BRF:2
BRH:2
end_of_record
TN:
SF:/Volumes/Work/UpworkTask/Alex Zhenbacht/Dripio/dripio-control-panel-master/src/store/device-software/index.js
FNF:0
FNH:0
LF:0
LH:0
BRF:0
BRH:0
end_of_record
TN:
SF:/Volumes/Work/UpworkTask/Alex Zhenbacht/Dripio/dripio-control-panel-master/src/store/device-software/mutations.js
FN:3,importSoftware
FN:7,importSoftwares
FN:13,removeSoftware
FNF:3
FNH:3
FNDA:3,importSoftware
FNDA:1,importSoftwares
FNDA:1,removeSoftware
DA:4,3
DA:8,1
DA:9,2
DA:14,1
LF:4
LH:4
BRF:0
BRH:0
end_of_record
TN:
SF:/Volumes/Work/UpworkTask/Alex Zhenbacht/Dripio/dripio-control-panel-master/src/store/device-software/state.js
FNF:0
FNH:0
LF:0
LH:0
BRF:0
BRH:0
end_of_record
TN:
SF:/Volumes/Work/UpworkTask/Alex Zhenbacht/Dripio/dripio-control-panel-master/src/store/device-types/actions.js
FN:3,loadAll
FN:4,(anonymous_1)
FN:6,(anonymous_2)
FN:10,(anonymous_3)
FN:19,loadOne
FN:20,(anonymous_5)
FN:22,(anonymous_6)
FN:26,(anonymous_7)
FN:33,update
FN:36,(anonymous_9)
FN:39,(anonymous_10)
FN:39,(anonymous_11)
FN:43,create
FN:44,(anonymous_13)
FN:46,(anonymous_14)
FN:55,destroy
FN:56,(anonymous_16)
FN:58,(anonymous_17)
FN:62,(anonymous_18)
FNF:19
FNH:15
FNDA:1,loadAll
FNDA:1,(anonymous_1)
FNDA:1,(anonymous_2)
FNDA:0,(anonymous_3)
FNDA:1,loadOne
FNDA:1,(anonymous_5)
FNDA:1,(anonymous_6)
FNDA:0,(anonymous_7)
FNDA:1,update
FNDA:1,(anonymous_9)
FNDA:1,(anonymous_10)
FNDA:0,(anonymous_11)
FNDA:1,create
FNDA:1,(anonymous_13)
FNDA:1,(anonymous_14)
FNDA:1,destroy
FNDA:1,(anonymous_16)
FNDA:1,(anonymous_17)
FNDA:0,(anonymous_18)
DA:4,1
DA:5,1
DA:7,1
DA:8,1
DA:12,0
DA:13,0
DA:20,1
DA:21,1
DA:23,1
DA:24,1
DA:27,0
DA:34,1
DA:36,1
DA:37,1
DA:44,1
DA:45,1
DA:47,1
DA:48,1
DA:56,1
DA:57,1
DA:59,1
DA:60,1
DA:63,0
LF:23
LH:19
BRF:0
BRH:0
end_of_record
TN:
SF:/Volumes/Work/UpworkTask/Alex Zhenbacht/Dripio/dripio-control-panel-master/src/store/device-types/getters.js
FN:1,all
FN:9,byId
FN:10,(anonymous_2)
FNF:3
FNH:3
FNDA:1,all
FNDA:3,byId
FNDA:2,(anonymous_2)
DA:2,1
DA:10,3
LF:2
LH:2
BRDA:10,0,0,2
BRDA:10,0,1,1
BRF:2
BRH:2
end_of_record
TN:
SF:/Volumes/Work/UpworkTask/Alex Zhenbacht/Dripio/dripio-control-panel-master/src/store/device-types/index.js
FNF:0
FNH:0
LF:0
LH:0
BRF:0
BRH:0
end_of_record
TN:
SF:/Volumes/Work/UpworkTask/Alex Zhenbacht/Dripio/dripio-control-panel-master/src/store/device-types/mutations.js
FN:3,importDeviceType
FN:9,importDeviceTypes
FN:15,removeDeviceType
FNF:3
FNH:3
FNDA:3,importDeviceType
FNDA:1,importDeviceTypes
FNDA:1,removeDeviceType
DA:4,3
DA:5,3
DA:10,1
DA:11,2
DA:16,1
LF:5
LH:5
BRDA:4,0,0,3
BRDA:4,0,1,0
BRF:2
BRH:1
end_of_record
TN:
SF:/Volumes/Work/UpworkTask/Alex Zhenbacht/Dripio/dripio-control-panel-master/src/store/device-types/state.js
FNF:0
FNH:0
LF:0
LH:0
BRF:0
BRH:0
end_of_record
TN:
SF:/Volumes/Work/UpworkTask/Alex Zhenbacht/Dripio/dripio-control-panel-master/src/store/devices/actions.js
FN:3,loadDevices
FN:4,(anonymous_1)
FN:6,(anonymous_2)
FN:10,(anonymous_3)
FN:19,loadDevice
FN:20,(anonymous_5)
FN:22,(anonymous_6)
FN:26,(anonymous_7)
FN:35,importDevice
FN:39,importDevices
FN:43,update
FN:47,(anonymous_11)
FN:51,(anonymous_12)
FN:55,(anonymous_13)
FN:60,create
FN:61,(anonymous_15)
FN:63,(anonymous_16)
FN:66,(anonymous_17)
FN:71,destroy
FN:72,(anonymous_19)
FN:74,(anonymous_20)
FN:78,(anonymous_21)
FNF:22
FNH:17
FNDA:1,loadDevices
FNDA:1,(anonymous_1)
FNDA:1,(anonymous_2)
FNDA:0,(anonymous_3)
FNDA:1,loadDevice
FNDA:1,(anonymous_5)
FNDA:1,(anonymous_6)
FNDA:0,(anonymous_7)
FNDA:1,importDevice
FNDA:1,importDevices
FNDA:1,update
FNDA:1,(anonymous_11)
FNDA:1,(anonymous_12)
FNDA:0,(anonymous_13)
FNDA:1,create
FNDA:1,(anonymous_15)
FNDA:1,(anonymous_16)
FNDA:0,(anonymous_17)
FNDA:1,destroy
FNDA:1,(anonymous_19)
FNDA:1,(anonymous_20)
FNDA:0,(anonymous_21)
DA:4,1
DA:5,1
DA:7,1
DA:8,1
DA:12,0
DA:13,0
DA:20,1
DA:21,1
DA:23,1
DA:24,1
DA:28,0
DA:29,0
DA:36,1
DA:40,1
DA:45,1
DA:47,1
DA:48,1
DA:52,1
DA:53,1
DA:55,0
DA:61,1
DA:62,1
DA:64,1
DA:72,1
DA:73,1
DA:75,1
DA:76,1
LF:27
LH:22
BRF:0
BRH:0
end_of_record
TN:
SF:/Volumes/Work/UpworkTask/Alex Zhenbacht/Dripio/dripio-control-panel-master/src/store/devices/getters.js
FN:1,all
FN:5,my
FN:16,byLocationId
FN:17,(anonymous_3)
FN:17,(anonymous_4)
FN:20,byId
FN:21,(anonymous_6)
FNF:7
FNH:6
FNDA:1,all
FNDA:0,my
FNDA:2,byLocationId
FNDA:2,(anonymous_3)
FNDA:2,(anonymous_4)
FNDA:2,byId
FNDA:2,(anonymous_6)
DA:2,1
DA:13,0
DA:17,2
DA:21,2
LF:4
LH:3
BRDA:21,0,0,2
BRDA:21,0,1,1
BRF:2
BRH:2
end_of_record
TN:
SF:/Volumes/Work/UpworkTask/Alex Zhenbacht/Dripio/dripio-control-panel-master/src/store/devices/index.js
FNF:0
FNH:0
LF:0
LH:0
BRF:0
BRH:0
end_of_record
TN:
SF:/Volumes/Work/UpworkTask/Alex Zhenbacht/Dripio/dripio-control-panel-master/src/store/devices/mutations.js
FN:3,importDevice
FN:9,importDevices
FN:20,removeDevice
FNF:3
FNH:3
FNDA:3,importDevice
FNDA:1,importDevices
FNDA:1,removeDevice
DA:4,3
DA:5,3
DA:10,1
DA:11,0
DA:12,0
DA:15,1
DA:16,2
DA:21,1
LF:8
LH:6
BRDA:4,0,0,3
BRDA:4,0,1,0
BRDA:10,1,0,0
BRDA:10,1,1,1
BRF:4
BRH:2
end_of_record
TN:
SF:/Volumes/Work/UpworkTask/Alex Zhenbacht/Dripio/dripio-control-panel-master/src/store/devices/state.js
FNF:0
FNH:0
LF:0
LH:0
BRF:0
BRH:0
end_of_record
TN:
SF:/Volumes/Work/UpworkTask/Alex Zhenbacht/Dripio/dripio-control-panel-master/src/store/hubs/actions.js
FN:3,loadHubs
FN:4,(anonymous_1)
FN:6,(anonymous_2)
FN:10,(anonymous_3)
FN:19,updateNode
FNF:5
FNH:0
FNDA:0,loadHubs
FNDA:0,(anonymous_1)
FNDA:0,(anonymous_2)
FNDA:0,(anonymous_3)
FNDA:0,updateNode
DA:4,0
DA:5,0
DA:7,0
DA:8,0
DA:12,0
DA:13,0
DA:20,0
LF:7
LH:0
BRF:0
BRH:0
end_of_record
TN:
SF:/Volumes/Work/UpworkTask/Alex Zhenbacht/Dripio/dripio-control-panel-master/src/store/hubs/getters.js
FN:1,all
FN:5,byLocationId
FN:6,(anonymous_2)
FN:9,byHubId
FN:10,(anonymous_4)
FN:13,nodesByHubId
FN:14,(anonymous_6)
FN:22,byNodeId
FN:23,(anonymous_8)
FN:31,getNodeStatus
FN:32,(anonymous_10)
FNF:11
FNH:0
FNDA:0,all
FNDA:0,byLocationId
FNDA:0,(anonymous_2)
FNDA:0,byHubId
FNDA:0,(anonymous_4)
FNDA:0,nodesByHubId
FNDA:0,(anonymous_6)
FNDA:0,byNodeId
FNDA:0,(anonymous_8)
FNDA:0,getNodeStatus
FNDA:0,(anonymous_10)
DA:2,0
DA:6,0
DA:10,0
DA:14,0
DA:15,0
DA:16,0
DA:18,0
DA:23,0
DA:24,0
DA:25,0
DA:27,0
DA:32,0
DA:33,0
DA:34,0
DA:36,0
LF:15
LH:0
BRDA:10,0,0,0
BRDA:10,0,1,0
BRDA:15,1,0,0
BRDA:15,1,1,0
BRDA:16,2,0,0
BRDA:16,2,1,0
BRDA:24,3,0,0
BRDA:24,3,1,0
BRDA:33,4,0,0
BRDA:33,4,1,0
BRDA:33,5,0,0
BRDA:33,5,1,0
BRDA:34,6,0,0
BRDA:34,6,1,0
BRF:14
BRH:0
end_of_record
TN:
SF:/Volumes/Work/UpworkTask/Alex Zhenbacht/Dripio/dripio-control-panel-master/src/store/hubs/index.js
FNF:0
FNH:0
LF:0
LH:0
BRF:0
BRH:0
end_of_record
TN:
SF:/Volumes/Work/UpworkTask/Alex Zhenbacht/Dripio/dripio-control-panel-master/src/store/hubs/mutations.js
FN:3,importHub
FN:9,importHubs
FN:15,updateNode
FNF:3
FNH:0
FNDA:0,importHub
FNDA:0,importHubs
FNDA:0,updateNode
DA:4,0
DA:5,0
DA:10,0
DA:11,0
DA:16,0
DA:17,0
DA:18,0
LF:7
LH:0
BRDA:4,0,0,0
BRDA:4,0,1,0
BRF:2
BRH:0
end_of_record
TN:
SF:/Volumes/Work/UpworkTask/Alex Zhenbacht/Dripio/dripio-control-panel-master/src/store/hubs/state.js
FNF:0
FNH:0
LF:0
LH:0
BRF:0
BRH:0
end_of_record
TN:
SF:/Volumes/Work/UpworkTask/Alex Zhenbacht/Dripio/dripio-control-panel-master/src/store/locations/actions.js
FN:3,loadLocations
FN:4,(anonymous_1)
FN:6,(anonymous_2)
FN:10,(anonymous_3)
FN:19,loadLocation
FN:20,(anonymous_5)
FN:22,(anonymous_6)
FN:26,(anonymous_7)
FN:35,update
FN:38,(anonymous_9)
FN:45,create
FN:46,(anonymous_11)
FN:48,(anonymous_12)
FN:57,destroy
FN:58,(anonymous_14)
FN:60,(anonymous_15)
FNF:16
FNH:14
FNDA:1,loadLocations
FNDA:1,(anonymous_1)
FNDA:1,(anonymous_2)
FNDA:0,(anonymous_3)
FNDA:1,loadLocation
FNDA:1,(anonymous_5)
FNDA:1,(anonymous_6)
FNDA:0,(anonymous_7)
FNDA:1,update
FNDA:1,(anonymous_9)
FNDA:1,create
FNDA:1,(anonymous_11)
FNDA:1,(anonymous_12)
FNDA:1,destroy
FNDA:1,(anonymous_14)
FNDA:1,(anonymous_15)
DA:4,1
DA:5,1
DA:7,1
DA:8,1
DA:12,0
DA:13,0
DA:20,1
DA:21,1
DA:23,1
DA:24,1
DA:28,0
DA:29,0
DA:36,1
DA:38,1
DA:39,1
DA:46,1
DA:47,1
DA:49,1
DA:50,1
DA:58,1
DA:59,1
DA:61,1
DA:62,1
LF:23
LH:19
BRF:0
BRH:0
end_of_record
TN:
SF:/Volumes/Work/UpworkTask/Alex Zhenbacht/Dripio/dripio-control-panel-master/src/store/locations/getters.js
FN:1,all
FN:4,my
FN:10,(anonymous_2)
FN:18,byId
FN:19,(anonymous_4)
FNF:5
FNH:5
FNDA:1,all
FNDA:2,my
FNDA:2,(anonymous_2)
FNDA:6,byId
FNDA:5,(anonymous_4)
DA:2,1
DA:5,2
DA:7,2
DA:8,2
DA:10,2
DA:11,2
DA:14,0
DA:19,6
LF:8
LH:7
BRDA:7,0,0,2
BRDA:7,0,1,0
BRDA:19,1,0,5
BRDA:19,1,1,4
BRF:4
BRH:3
end_of_record
TN:
SF:/Volumes/Work/UpworkTask/Alex Zhenbacht/Dripio/dripio-control-panel-master/src/store/locations/index.js
FNF:0
FNH:0
LF:0
LH:0
BRF:0
BRH:0
end_of_record
TN:
SF:/Volumes/Work/UpworkTask/Alex Zhenbacht/Dripio/dripio-control-panel-master/src/store/locations/mutations.js
FN:3,importLocation
FN:9,importLocations
FN:17,removeLocation
FNF:3
FNH:3
FNDA:3,importLocation
FNDA:1,importLocations
FNDA:1,removeLocation
DA:4,3
DA:5,3
DA:10,1
DA:11,2
DA:13,2
DA:18,1
LF:6
LH:6
BRDA:4,0,0,3
BRDA:4,0,1,0
BRF:2
BRH:1
end_of_record
TN:
SF:/Volumes/Work/UpworkTask/Alex Zhenbacht/Dripio/dripio-control-panel-master/src/store/locations/state.js
FNF:0
FNH:0
LF:0
LH:0
BRF:0
BRH:0
end_of_record
TN:
SF:/Volumes/Work/UpworkTask/Alex Zhenbacht/Dripio/dripio-control-panel-master/src/store/logs/actions.js
FN:2,importLogEntry
FN:7,create
FNF:2
FNH:1
FNDA:2,importLogEntry
FNDA:0,create
DA:3,2
DA:8,0
LF:2
LH:1
BRF:0
BRH:0
end_of_record
TN:
SF:/Volumes/Work/UpworkTask/Alex Zhenbacht/Dripio/dripio-control-panel-master/src/store/logs/getters.js
FN:1,all
FN:5,byReporterId
FN:6,(anonymous_2)
FN:6,(anonymous_3)
FNF:4
FNH:4
FNDA:2,all
FNDA:3,byReporterId
FNDA:3,(anonymous_2)
FNDA:2,(anonymous_3)
DA:2,2
DA:6,3
LF:2
LH:2
BRF:0
BRH:0
end_of_record
TN:
SF:/Volumes/Work/UpworkTask/Alex Zhenbacht/Dripio/dripio-control-panel-master/src/store/logs/index.js
FNF:0
FNH:0
LF:0
LH:0
BRF:0
BRH:0
end_of_record
TN:
SF:/Volumes/Work/UpworkTask/Alex Zhenbacht/Dripio/dripio-control-panel-master/src/store/logs/mutations.js
FN:1,importLogEntry
FNF:1
FNH:1
FNDA:1,importLogEntry
DA:2,1
LF:1
LH:1
BRF:0
BRH:0
end_of_record
TN:
SF:/Volumes/Work/UpworkTask/Alex Zhenbacht/Dripio/dripio-control-panel-master/src/store/logs/state.js
FNF:0
FNH:0
LF:0
LH:0
BRF:0
BRH:0
end_of_record
TN:
SF:/Volumes/Work/UpworkTask/Alex Zhenbacht/Dripio/dripio-control-panel-master/src/store/users/actions.js
FN:3,loadUsers
FN:4,(anonymous_1)
FN:6,(anonymous_2)
FN:10,(anonymous_3)
FN:19,loadUser
FN:20,(anonymous_5)
FN:22,(anonymous_6)
FN:26,(anonymous_7)
FN:35,importUser
FN:38,importUsers
FN:42,update
FN:43,(anonymous_11)
FN:44,(anonymous_12)
FN:46,(anonymous_13)
FN:50,create
FN:51,(anonymous_15)
FN:52,(anonymous_16)
FN:59,destroy
FN:60,(anonymous_18)
FN:62,(anonymous_19)
FN:66,(anonymous_20)
FNF:21
FNH:17
FNDA:1,loadUsers
FNDA:1,(anonymous_1)
FNDA:1,(anonymous_2)
FNDA:0,(anonymous_3)
FNDA:1,loadUser
FNDA:1,(anonymous_5)
FNDA:1,(anonymous_6)
FNDA:0,(anonymous_7)
FNDA:1,importUser
FNDA:1,importUsers
FNDA:1,update
FNDA:1,(anonymous_11)
FNDA:1,(anonymous_12)
FNDA:0,(anonymous_13)
FNDA:1,create
FNDA:1,(anonymous_15)
FNDA:1,(anonymous_16)
FNDA:1,destroy
FNDA:1,(anonymous_18)
FNDA:1,(anonymous_19)
FNDA:0,(anonymous_20)
DA:4,1
DA:5,1
DA:7,1
DA:8,1
DA:12,0
DA:13,0
DA:20,1
DA:21,1
DA:23,1
DA:24,1
DA:28,0
DA:29,0
DA:36,1
DA:39,1
DA:43,1
DA:44,1
DA:45,1
DA:51,1
DA:52,1
DA:53,1
DA:54,1
DA:60,1
DA:61,1
DA:63,1
DA:64,1
LF:25
LH:21
BRF:0
BRH:0
end_of_record
TN:
SF:/Volumes/Work/UpworkTask/Alex Zhenbacht/Dripio/dripio-control-panel-master/src/store/users/getters.js
FN:1,all
FN:5,my
FN:16,byId
FN:17,(anonymous_3)
FNF:4
FNH:3
FNDA:3,all
FNDA:0,my
FNDA:18,byId
FNDA:18,(anonymous_3)
DA:2,3
DA:13,0
DA:17,18
LF:3
LH:2
BRDA:17,0,0,18
BRDA:17,0,1,17
BRF:2
BRH:2
end_of_record
TN:
SF:/Volumes/Work/UpworkTask/Alex Zhenbacht/Dripio/dripio-control-panel-master/src/store/users/index.js
FNF:0
FNH:0
LF:0
LH:0
BRF:0
BRH:0
end_of_record
TN:
SF:/Volumes/Work/UpworkTask/Alex Zhenbacht/Dripio/dripio-control-panel-master/src/store/users/mutations.js
FN:3,importUser
FN:9,importUsers
FN:15,removeUser
FNF:3
FNH:3
FNDA:3,importUser
FNDA:1,importUsers
FNDA:1,removeUser
DA:4,3
DA:5,3
DA:10,1
DA:11,2
DA:16,1
LF:5
LH:5
BRDA:4,0,0,3
BRDA:4,0,1,0
BRF:2
BRH:1
end_of_record
TN:
SF:/Volumes/Work/UpworkTask/Alex Zhenbacht/Dripio/dripio-control-panel-master/src/store/users/state.js
FNF:0
FNH:0
LF:0
LH:0
BRF:0
BRH:0
end_of_record
TN:
SF:/Volumes/Work/UpworkTask/Alex Zhenbacht/Dripio/dripio-control-panel-master/src/store/weather/actions.js
FN:3,getWeather
FN:4,(anonymous_1)
FN:13,(anonymous_2)
FN:21,(anonymous_3)
FNF:4
FNH:3
FNDA:3,getWeather
FNDA:3,(anonymous_1)
FNDA:2,(anonymous_2)
FNDA:0,(anonymous_3)
DA:4,3
DA:6,3
DA:7,3
DA:9,3
DA:10,1
DA:12,2
DA:14,2
DA:18,2
DA:19,2
DA:23,0
DA:24,0
LF:11
LH:9
BRDA:6,0,0,3
BRDA:6,0,1,0
BRDA:6,1,0,3
BRDA:6,1,1,3
BRDA:9,2,0,1
BRDA:9,2,1,2
BRDA:9,3,0,3
BRDA:9,3,1,3
BRF:8
BRH:7
end_of_record
TN:
SF:/Volumes/Work/UpworkTask/Alex Zhenbacht/Dripio/dripio-control-panel-master/src/store/weather/getters.js
FN:1,weatherById
FN:2,(anonymous_1)
FNF:2
FNH:2
FNDA:2,weatherById
FNDA:2,(anonymous_1)
DA:2,2
LF:1
LH:1
BRDA:2,0,0,2
BRDA:2,0,1,1
BRF:2
BRH:2
end_of_record
TN:
SF:/Volumes/Work/UpworkTask/Alex Zhenbacht/Dripio/dripio-control-panel-master/src/store/weather/index.js
FNF:0
FNH:0
LF:0
LH:0
BRF:0
BRH:0
end_of_record
TN:
SF:/Volumes/Work/UpworkTask/Alex Zhenbacht/Dripio/dripio-control-panel-master/src/store/weather/mutations.js
FN:3,fetchWeather
FNF:1
FNH:1
FNDA:1,fetchWeather
DA:4,1
DA:5,1
LF:2
LH:2
BRDA:4,0,0,1
BRDA:4,0,1,0
BRF:2
BRH:1
end_of_record
TN:
SF:/Volumes/Work/UpworkTask/Alex Zhenbacht/Dripio/dripio-control-panel-master/src/store/weather/state.js
FNF:0
FNH:0
LF:0
LH:0
BRF:0
BRH:0
end_of_record
